<html>
<head>
<title>TestNG:  My norwich Test</title>
<link href="../testng.css" rel="stylesheet" type="text/css" />
<link href="../my-testng.css" rel="stylesheet" type="text/css" />

<style type="text/css">
.log { display: none;} 
.stack-trace { display: none;} 
</style>
<script type="text/javascript">
<!--
function flip(e) {
  current = e.style.display;
  if (current == 'block') {
    e.style.display = 'none';
    return 0;
  }
  else {
    e.style.display = 'block';
    return 1;
  }
}

function toggleBox(szDivId, elem, msg1, msg2)
{
  var res = -1;  if (document.getElementById) {
    res = flip(document.getElementById(szDivId));
  }
  else if (document.all) {
    // this is the way old msie versions work
    res = flip(document.all[szDivId]);
  }
  if(elem) {
    if(res == 0) elem.innerHTML = msg1; else elem.innerHTML = msg2;
  }

}

function toggleAllBoxes() {
  if (document.getElementsByTagName) {
    d = document.getElementsByTagName('div');
    for (i = 0; i < d.length; i++) {
      if (d[i].className == 'log') {
        flip(d[i]);
      }
    }
  }
}

// -->
</script>

</head>
<body>
<h2 align='center'>My norwich Test</h2><table border='1' align="center">
<tr>
<td>Tests passed/Failed/Skipped:</td><td>2/0/14</td>
</tr><tr>
<td>Started on:</td><td>Thu May 24 21:04:26 IST 2018</td>
</tr>
<tr><td>Total time:</td><td>55 seconds (55232 ms)</td>
</tr><tr>
<td>Included groups:</td><td></td>
</tr><tr>
<td>Excluded groups:</td><td></td>
</tr>
</table><p/>
<small><i>(Hover the method name to see the test class name)</i></small><p/>
<table width='100%' border='1' class='invocation-failed'>
<tr><td colspan='4' align='center'><b>FAILED CONFIGURATIONS</b></td></tr>
<tr><td><b>Test method</b></td>
<td width="30%"><b>Exception</b></td>
<td width="10%"><b>Time (seconds)</b></td>
<td><b>Instance</b></td>
</tr>
<tr>
<td title='com.qa.admin.testCases.AdminLoginPageTest.setup()'><b>setup</b><br>Test class: com.qa.admin.testCases.AdminLoginPageTest</td>
<td><div><pre>org.openqa.selenium.WebDriverException: chrome not reachable
  (Session info: chrome=66.0.3359.181)
  (Driver info: chromedriver=2.38.552522 (437e6fbedfa8762dec75e2c5b3ddb86763dc9dcb),platform=Windows NT 10.0.16299 x86_64) (WARNING: The server did not provide any stacktrace information)
Command duration or timeout: 0 milliseconds
Build info: version: &apos;3.7.1&apos;, revision: &apos;8a0099a&apos;, time: &apos;2017-11-06T21:01:39.354Z&apos;
System info: host: &apos;DESKTOP-8SU807H&apos;, ip: &apos;192.168.56.1&apos;, os.name: &apos;Windows 10&apos;, os.arch: &apos;amd64&apos;, os.version: &apos;10.0&apos;, java.version: &apos;1.8.0_171&apos;
Driver info: org.openqa.selenium.chrome.ChromeDriver
Capabilities {acceptInsecureCerts: false, acceptSslCerts: false, applicationCacheEnabled: false, browserConnectionEnabled: false, browserName: chrome, chrome: {chromedriverVersion: 2.38.552522 (437e6fbedfa876..., userDataDir: C:\Users\Silpa\AppData\Loca...}, cssSelectorsEnabled: true, databaseEnabled: false, handlesAlerts: true, hasTouchScreen: false, javascriptEnabled: true, locationContextEnabled: true, mobileEmulationEnabled: false, nativeEvents: true, networkConnectionEnabled: false, pageLoadStrategy: normal, platform: XP, platformName: XP, rotatable: false, setWindowRect: true, takesHeapSnapshot: true, takesScreenshot: true, unexpectedAlertBehaviour: , unhandledPromptBehavior: , version: 66.0.3359.181, webStorageEnabled: true}
Session ID: 7764caee66e9c889efe8978510a41aad
	at org.openqa.selenium.remote.ErrorHandler.createThrowable(ErrorHandler.java:214)
	at org.openqa.selenium.remote.ErrorHandler.throwIfResponseFailed(ErrorHandler.java:166)
	at org.openqa.selenium.remote.http.JsonHttpResponseCodec.reconstructValue(JsonHttpResponseCodec.java:40)
	at org.openqa.selenium.remote.http.AbstractHttpResponseCodec.decode(AbstractHttpResponseCodec.java:80)
	at org.openqa.selenium.remote.http.AbstractHttpResponseCodec.decode(AbstractHttpResponseCodec.java:44)
	at org.openqa.selenium.remote.HttpCommandExecutor.execute(HttpCommandExecutor.java:164)
	at org.openqa.selenium.remote.service.DriverCommandExecutor.execute(DriverCommandExecutor.java:83)
	at org.openqa.selenium.remote.RemoteWebDriver.execute(RemoteWebDriver.java:600)
	at org.openqa.selenium.remote.RemoteWebDriver.execute(RemoteWebDriver.java:657)
	at org.openqa.selenium.remote.RemoteWebDriver$RemoteWebDriverOptions.deleteAllCookies(RemoteWebDriver.java:742)
	at org.openqa.selenium.support.events.EventFiringWebDriver$EventFiringOptions.deleteAllCookies(EventFiringWebDriver.java:570)
	at com.qa.base.TestBase.initialization(TestBase.java:56)
	at com.qa.admin.testCases.AdminLoginPageTest.setup(AdminLoginPageTest.java:28)
... Removed 30 stack frames</pre></div><a href='#' onClick='toggleBox("stack-trace1928301845", this, "Click to show all stack frames", "Click to hide stack frames")'>Click to show all stack frames</a>
<div class='stack-trace' id='stack-trace1928301845'><pre>org.openqa.selenium.WebDriverException: chrome not reachable
  (Session info: chrome=66.0.3359.181)
  (Driver info: chromedriver=2.38.552522 (437e6fbedfa8762dec75e2c5b3ddb86763dc9dcb),platform=Windows NT 10.0.16299 x86_64) (WARNING: The server did not provide any stacktrace information)
Command duration or timeout: 0 milliseconds
Build info: version: &apos;3.7.1&apos;, revision: &apos;8a0099a&apos;, time: &apos;2017-11-06T21:01:39.354Z&apos;
System info: host: &apos;DESKTOP-8SU807H&apos;, ip: &apos;192.168.56.1&apos;, os.name: &apos;Windows 10&apos;, os.arch: &apos;amd64&apos;, os.version: &apos;10.0&apos;, java.version: &apos;1.8.0_171&apos;
Driver info: org.openqa.selenium.chrome.ChromeDriver
Capabilities {acceptInsecureCerts: false, acceptSslCerts: false, applicationCacheEnabled: false, browserConnectionEnabled: false, browserName: chrome, chrome: {chromedriverVersion: 2.38.552522 (437e6fbedfa876..., userDataDir: C:\Users\Silpa\AppData\Loca...}, cssSelectorsEnabled: true, databaseEnabled: false, handlesAlerts: true, hasTouchScreen: false, javascriptEnabled: true, locationContextEnabled: true, mobileEmulationEnabled: false, nativeEvents: true, networkConnectionEnabled: false, pageLoadStrategy: normal, platform: XP, platformName: XP, rotatable: false, setWindowRect: true, takesHeapSnapshot: true, takesScreenshot: true, unexpectedAlertBehaviour: , unhandledPromptBehavior: , version: 66.0.3359.181, webStorageEnabled: true}
Session ID: 7764caee66e9c889efe8978510a41aad
	at sun.reflect.NativeConstructorAccessorImpl.newInstance0(Native Method)
	at sun.reflect.NativeConstructorAccessorImpl.newInstance(NativeConstructorAccessorImpl.java:62)
	at sun.reflect.DelegatingConstructorAccessorImpl.newInstance(DelegatingConstructorAccessorImpl.java:45)
	at java.lang.reflect.Constructor.newInstance(Constructor.java:423)
	at org.openqa.selenium.remote.ErrorHandler.createThrowable(ErrorHandler.java:214)
	at org.openqa.selenium.remote.ErrorHandler.throwIfResponseFailed(ErrorHandler.java:166)
	at org.openqa.selenium.remote.http.JsonHttpResponseCodec.reconstructValue(JsonHttpResponseCodec.java:40)
	at org.openqa.selenium.remote.http.AbstractHttpResponseCodec.decode(AbstractHttpResponseCodec.java:80)
	at org.openqa.selenium.remote.http.AbstractHttpResponseCodec.decode(AbstractHttpResponseCodec.java:44)
	at org.openqa.selenium.remote.HttpCommandExecutor.execute(HttpCommandExecutor.java:164)
	at org.openqa.selenium.remote.service.DriverCommandExecutor.execute(DriverCommandExecutor.java:83)
	at org.openqa.selenium.remote.RemoteWebDriver.execute(RemoteWebDriver.java:600)
	at org.openqa.selenium.remote.RemoteWebDriver.execute(RemoteWebDriver.java:657)
	at org.openqa.selenium.remote.RemoteWebDriver$RemoteWebDriverOptions.deleteAllCookies(RemoteWebDriver.java:742)
	at org.openqa.selenium.support.events.EventFiringWebDriver$EventFiringOptions.deleteAllCookies(EventFiringWebDriver.java:570)
	at com.qa.base.TestBase.initialization(TestBase.java:56)
	at com.qa.admin.testCases.AdminLoginPageTest.setup(AdminLoginPageTest.java:28)
	at sun.reflect.NativeMethodAccessorImpl.invoke0(Native Method)
	at sun.reflect.NativeMethodAccessorImpl.invoke(NativeMethodAccessorImpl.java:62)
	at sun.reflect.DelegatingMethodAccessorImpl.invoke(DelegatingMethodAccessorImpl.java:43)
	at java.lang.reflect.Method.invoke(Method.java:498)
	at org.testng.internal.MethodInvocationHelper.invokeMethod(MethodInvocationHelper.java:80)
	at org.testng.internal.Invoker.invokeConfigurationMethod(Invoker.java:564)
	at org.testng.internal.Invoker.invokeConfigurations(Invoker.java:213)
	at org.testng.internal.Invoker.invokeMethod(Invoker.java:653)
	at org.testng.internal.Invoker.invokeTestMethod(Invoker.java:901)
	at org.testng.internal.Invoker.invokeTestMethods(Invoker.java:1231)
	at org.testng.internal.TestMethodWorker.invokeTestMethods(TestMethodWorker.java:127)
	at org.testng.internal.TestMethodWorker.run(TestMethodWorker.java:111)
	at org.testng.TestRunner.privateRun(TestRunner.java:767)
	at org.testng.TestRunner.run(TestRunner.java:617)
	at org.testng.SuiteRunner.runTest(SuiteRunner.java:334)
	at org.testng.SuiteRunner.runSequentially(SuiteRunner.java:329)
	at org.testng.SuiteRunner.privateRun(SuiteRunner.java:291)
	at org.testng.SuiteRunner.run(SuiteRunner.java:240)
	at org.testng.SuiteRunnerWorker.runSuite(SuiteRunnerWorker.java:52)
	at org.testng.SuiteRunnerWorker.run(SuiteRunnerWorker.java:86)
	at org.testng.TestNG.runSuitesSequentially(TestNG.java:1198)
	at org.testng.TestNG.runSuitesLocally(TestNG.java:1123)
	at org.testng.TestNG.run(TestNG.java:1031)
	at org.testng.remote.AbstractRemoteTestNG.run(AbstractRemoteTestNG.java:114)
	at org.testng.remote.RemoteTestNG.initAndRun(RemoteTestNG.java:251)
	at org.testng.remote.RemoteTestNG.main(RemoteTestNG.java:77)
</pre></div></td>
<td>0</td>
<td>com.qa.admin.testCases.AdminLoginPageTest@42d80b78</td></tr>
<tr>
<td title='com.qa.admin.testCases.AdminHomePageTest.setup()'><b>setup</b><br>Test class: com.qa.admin.testCases.AdminHomePageTest</td>
<td><div><pre>org.openqa.selenium.WebDriverException: chrome not reachable
  (Session info: chrome=66.0.3359.181)
  (Driver info: chromedriver=2.38.552522 (437e6fbedfa8762dec75e2c5b3ddb86763dc9dcb),platform=Windows NT 10.0.16299 x86_64) (WARNING: The server did not provide any stacktrace information)
Command duration or timeout: 0 milliseconds
Build info: version: &apos;3.7.1&apos;, revision: &apos;8a0099a&apos;, time: &apos;2017-11-06T21:01:39.354Z&apos;
System info: host: &apos;DESKTOP-8SU807H&apos;, ip: &apos;192.168.56.1&apos;, os.name: &apos;Windows 10&apos;, os.arch: &apos;amd64&apos;, os.version: &apos;10.0&apos;, java.version: &apos;1.8.0_171&apos;
Driver info: org.openqa.selenium.chrome.ChromeDriver
Capabilities {acceptInsecureCerts: false, acceptSslCerts: false, applicationCacheEnabled: false, browserConnectionEnabled: false, browserName: chrome, chrome: {chromedriverVersion: 2.38.552522 (437e6fbedfa876..., userDataDir: C:\Users\Silpa\AppData\Loca...}, cssSelectorsEnabled: true, databaseEnabled: false, handlesAlerts: true, hasTouchScreen: false, javascriptEnabled: true, locationContextEnabled: true, mobileEmulationEnabled: false, nativeEvents: true, networkConnectionEnabled: false, pageLoadStrategy: normal, platform: XP, platformName: XP, rotatable: false, setWindowRect: true, takesHeapSnapshot: true, takesScreenshot: true, unexpectedAlertBehaviour: , unhandledPromptBehavior: , version: 66.0.3359.181, webStorageEnabled: true}
Session ID: 9d0046d0591f9c5d47096f4d3bd03d56
	at org.openqa.selenium.remote.ErrorHandler.createThrowable(ErrorHandler.java:214)
	at org.openqa.selenium.remote.ErrorHandler.throwIfResponseFailed(ErrorHandler.java:166)
	at org.openqa.selenium.remote.http.JsonHttpResponseCodec.reconstructValue(JsonHttpResponseCodec.java:40)
	at org.openqa.selenium.remote.http.AbstractHttpResponseCodec.decode(AbstractHttpResponseCodec.java:80)
	at org.openqa.selenium.remote.http.AbstractHttpResponseCodec.decode(AbstractHttpResponseCodec.java:44)
	at org.openqa.selenium.remote.HttpCommandExecutor.execute(HttpCommandExecutor.java:164)
	at org.openqa.selenium.remote.service.DriverCommandExecutor.execute(DriverCommandExecutor.java:83)
	at org.openqa.selenium.remote.RemoteWebDriver.execute(RemoteWebDriver.java:600)
	at org.openqa.selenium.remote.RemoteWebDriver.execute(RemoteWebDriver.java:657)
	at org.openqa.selenium.remote.RemoteWebDriver$RemoteWebDriverOptions.deleteAllCookies(RemoteWebDriver.java:742)
	at org.openqa.selenium.support.events.EventFiringWebDriver$EventFiringOptions.deleteAllCookies(EventFiringWebDriver.java:570)
	at com.qa.base.TestBase.initialization(TestBase.java:56)
	at com.qa.admin.testCases.AdminHomePageTest.setup(AdminHomePageTest.java:33)
... Removed 30 stack frames</pre></div><a href='#' onClick='toggleBox("stack-trace1692885405", this, "Click to show all stack frames", "Click to hide stack frames")'>Click to show all stack frames</a>
<div class='stack-trace' id='stack-trace1692885405'><pre>org.openqa.selenium.WebDriverException: chrome not reachable
  (Session info: chrome=66.0.3359.181)
  (Driver info: chromedriver=2.38.552522 (437e6fbedfa8762dec75e2c5b3ddb86763dc9dcb),platform=Windows NT 10.0.16299 x86_64) (WARNING: The server did not provide any stacktrace information)
Command duration or timeout: 0 milliseconds
Build info: version: &apos;3.7.1&apos;, revision: &apos;8a0099a&apos;, time: &apos;2017-11-06T21:01:39.354Z&apos;
System info: host: &apos;DESKTOP-8SU807H&apos;, ip: &apos;192.168.56.1&apos;, os.name: &apos;Windows 10&apos;, os.arch: &apos;amd64&apos;, os.version: &apos;10.0&apos;, java.version: &apos;1.8.0_171&apos;
Driver info: org.openqa.selenium.chrome.ChromeDriver
Capabilities {acceptInsecureCerts: false, acceptSslCerts: false, applicationCacheEnabled: false, browserConnectionEnabled: false, browserName: chrome, chrome: {chromedriverVersion: 2.38.552522 (437e6fbedfa876..., userDataDir: C:\Users\Silpa\AppData\Loca...}, cssSelectorsEnabled: true, databaseEnabled: false, handlesAlerts: true, hasTouchScreen: false, javascriptEnabled: true, locationContextEnabled: true, mobileEmulationEnabled: false, nativeEvents: true, networkConnectionEnabled: false, pageLoadStrategy: normal, platform: XP, platformName: XP, rotatable: false, setWindowRect: true, takesHeapSnapshot: true, takesScreenshot: true, unexpectedAlertBehaviour: , unhandledPromptBehavior: , version: 66.0.3359.181, webStorageEnabled: true}
Session ID: 9d0046d0591f9c5d47096f4d3bd03d56
	at sun.reflect.NativeConstructorAccessorImpl.newInstance0(Native Method)
	at sun.reflect.NativeConstructorAccessorImpl.newInstance(NativeConstructorAccessorImpl.java:62)
	at sun.reflect.DelegatingConstructorAccessorImpl.newInstance(DelegatingConstructorAccessorImpl.java:45)
	at java.lang.reflect.Constructor.newInstance(Constructor.java:423)
	at org.openqa.selenium.remote.ErrorHandler.createThrowable(ErrorHandler.java:214)
	at org.openqa.selenium.remote.ErrorHandler.throwIfResponseFailed(ErrorHandler.java:166)
	at org.openqa.selenium.remote.http.JsonHttpResponseCodec.reconstructValue(JsonHttpResponseCodec.java:40)
	at org.openqa.selenium.remote.http.AbstractHttpResponseCodec.decode(AbstractHttpResponseCodec.java:80)
	at org.openqa.selenium.remote.http.AbstractHttpResponseCodec.decode(AbstractHttpResponseCodec.java:44)
	at org.openqa.selenium.remote.HttpCommandExecutor.execute(HttpCommandExecutor.java:164)
	at org.openqa.selenium.remote.service.DriverCommandExecutor.execute(DriverCommandExecutor.java:83)
	at org.openqa.selenium.remote.RemoteWebDriver.execute(RemoteWebDriver.java:600)
	at org.openqa.selenium.remote.RemoteWebDriver.execute(RemoteWebDriver.java:657)
	at org.openqa.selenium.remote.RemoteWebDriver$RemoteWebDriverOptions.deleteAllCookies(RemoteWebDriver.java:742)
	at org.openqa.selenium.support.events.EventFiringWebDriver$EventFiringOptions.deleteAllCookies(EventFiringWebDriver.java:570)
	at com.qa.base.TestBase.initialization(TestBase.java:56)
	at com.qa.admin.testCases.AdminHomePageTest.setup(AdminHomePageTest.java:33)
	at sun.reflect.NativeMethodAccessorImpl.invoke0(Native Method)
	at sun.reflect.NativeMethodAccessorImpl.invoke(NativeMethodAccessorImpl.java:62)
	at sun.reflect.DelegatingMethodAccessorImpl.invoke(DelegatingMethodAccessorImpl.java:43)
	at java.lang.reflect.Method.invoke(Method.java:498)
	at org.testng.internal.MethodInvocationHelper.invokeMethod(MethodInvocationHelper.java:80)
	at org.testng.internal.Invoker.invokeConfigurationMethod(Invoker.java:564)
	at org.testng.internal.Invoker.invokeConfigurations(Invoker.java:213)
	at org.testng.internal.Invoker.invokeMethod(Invoker.java:653)
	at org.testng.internal.Invoker.invokeTestMethod(Invoker.java:901)
	at org.testng.internal.Invoker.invokeTestMethods(Invoker.java:1231)
	at org.testng.internal.TestMethodWorker.invokeTestMethods(TestMethodWorker.java:127)
	at org.testng.internal.TestMethodWorker.run(TestMethodWorker.java:111)
	at org.testng.TestRunner.privateRun(TestRunner.java:767)
	at org.testng.TestRunner.run(TestRunner.java:617)
	at org.testng.SuiteRunner.runTest(SuiteRunner.java:334)
	at org.testng.SuiteRunner.runSequentially(SuiteRunner.java:329)
	at org.testng.SuiteRunner.privateRun(SuiteRunner.java:291)
	at org.testng.SuiteRunner.run(SuiteRunner.java:240)
	at org.testng.SuiteRunnerWorker.runSuite(SuiteRunnerWorker.java:52)
	at org.testng.SuiteRunnerWorker.run(SuiteRunnerWorker.java:86)
	at org.testng.TestNG.runSuitesSequentially(TestNG.java:1198)
	at org.testng.TestNG.runSuitesLocally(TestNG.java:1123)
	at org.testng.TestNG.run(TestNG.java:1031)
	at org.testng.remote.AbstractRemoteTestNG.run(AbstractRemoteTestNG.java:114)
	at org.testng.remote.RemoteTestNG.initAndRun(RemoteTestNG.java:251)
	at org.testng.remote.RemoteTestNG.main(RemoteTestNG.java:77)
</pre></div></td>
<td>0</td>
<td>com.qa.admin.testCases.AdminHomePageTest@3bfdc050</td></tr>
<tr>
<td title='com.qa.admin.testCases.AdminAddNewUserPageTest.setup()'><b>setup</b><br>Test class: com.qa.admin.testCases.AdminAddNewUserPageTest</td>
<td><div><pre>org.openqa.selenium.SessionNotCreatedException: session not created exception
from no such window: window was already closed
  (Session info: chrome=66.0.3359.181)
  (Driver info: chromedriver=2.38.552522 (437e6fbedfa8762dec75e2c5b3ddb86763dc9dcb),platform=Windows NT 10.0.16299 x86_64) (WARNING: The server did not provide any stacktrace information)
Command duration or timeout: 2.36 seconds
Build info: version: &apos;3.7.1&apos;, revision: &apos;8a0099a&apos;, time: &apos;2017-11-06T21:01:39.354Z&apos;
System info: host: &apos;DESKTOP-8SU807H&apos;, ip: &apos;192.168.56.1&apos;, os.name: &apos;Windows 10&apos;, os.arch: &apos;amd64&apos;, os.version: &apos;10.0&apos;, java.version: &apos;1.8.0_171&apos;
Driver info: driver.version: ChromeDriver
	at org.openqa.selenium.remote.ErrorHandler.createThrowable(ErrorHandler.java:214)
	at org.openqa.selenium.remote.ErrorHandler.throwIfResponseFailed(ErrorHandler.java:166)
	at org.openqa.selenium.remote.JsonWireProtocolResponse.lambda$new$0(JsonWireProtocolResponse.java:53)
	at org.openqa.selenium.remote.JsonWireProtocolResponse.lambda$getResponseFunction$2(JsonWireProtocolResponse.java:91)
	at org.openqa.selenium.remote.ProtocolHandshake.lambda$createSession$0(ProtocolHandshake.java:123)
	at java.util.stream.ReferencePipeline$3$1.accept(ReferencePipeline.java:193)
	at java.util.Spliterators$ArraySpliterator.tryAdvance(Spliterators.java:958)
	at java.util.stream.ReferencePipeline.forEachWithCancel(ReferencePipeline.java:126)
	at java.util.stream.AbstractPipeline.copyIntoWithCancel(AbstractPipeline.java:498)
	at java.util.stream.AbstractPipeline.copyInto(AbstractPipeline.java:485)
	at java.util.stream.AbstractPipeline.wrapAndCopyInto(AbstractPipeline.java:471)
	at java.util.stream.FindOps$FindOp.evaluateSequential(FindOps.java:152)
	at java.util.stream.AbstractPipeline.evaluate(AbstractPipeline.java:234)
	at java.util.stream.ReferencePipeline.findFirst(ReferencePipeline.java:464)
	at org.openqa.selenium.remote.ProtocolHandshake.createSession(ProtocolHandshake.java:126)
	at org.openqa.selenium.remote.ProtocolHandshake.createSession(ProtocolHandshake.java:73)
	at org.openqa.selenium.remote.HttpCommandExecutor.execute(HttpCommandExecutor.java:142)
	at org.openqa.selenium.remote.service.DriverCommandExecutor.execute(DriverCommandExecutor.java:83)
	at org.openqa.selenium.remote.RemoteWebDriver.execute(RemoteWebDriver.java:600)
	at org.openqa.selenium.remote.RemoteWebDriver.startSession(RemoteWebDriver.java:219)
	at org.openqa.selenium.remote.RemoteWebDriver.&lt;init&gt;(RemoteWebDriver.java:142)
	at org.openqa.selenium.chrome.ChromeDriver.&lt;init&gt;(ChromeDriver.java:181)
	at org.openqa.selenium.chrome.ChromeDriver.&lt;init&gt;(ChromeDriver.java:168)
	at org.openqa.selenium.chrome.ChromeDriver.&lt;init&gt;(ChromeDriver.java:123)
	at com.qa.base.TestBase.initialization(TestBase.java:44)
	at com.qa.admin.testCases.AdminAddNewUserPageTest.setup(AdminAddNewUserPageTest.java:29)
... Removed 30 stack frames</pre></div><a href='#' onClick='toggleBox("stack-trace1384210339", this, "Click to show all stack frames", "Click to hide stack frames")'>Click to show all stack frames</a>
<div class='stack-trace' id='stack-trace1384210339'><pre>org.openqa.selenium.SessionNotCreatedException: session not created exception
from no such window: window was already closed
  (Session info: chrome=66.0.3359.181)
  (Driver info: chromedriver=2.38.552522 (437e6fbedfa8762dec75e2c5b3ddb86763dc9dcb),platform=Windows NT 10.0.16299 x86_64) (WARNING: The server did not provide any stacktrace information)
Command duration or timeout: 2.36 seconds
Build info: version: &apos;3.7.1&apos;, revision: &apos;8a0099a&apos;, time: &apos;2017-11-06T21:01:39.354Z&apos;
System info: host: &apos;DESKTOP-8SU807H&apos;, ip: &apos;192.168.56.1&apos;, os.name: &apos;Windows 10&apos;, os.arch: &apos;amd64&apos;, os.version: &apos;10.0&apos;, java.version: &apos;1.8.0_171&apos;
Driver info: driver.version: ChromeDriver
	at sun.reflect.NativeConstructorAccessorImpl.newInstance0(Native Method)
	at sun.reflect.NativeConstructorAccessorImpl.newInstance(NativeConstructorAccessorImpl.java:62)
	at sun.reflect.DelegatingConstructorAccessorImpl.newInstance(DelegatingConstructorAccessorImpl.java:45)
	at java.lang.reflect.Constructor.newInstance(Constructor.java:423)
	at org.openqa.selenium.remote.ErrorHandler.createThrowable(ErrorHandler.java:214)
	at org.openqa.selenium.remote.ErrorHandler.throwIfResponseFailed(ErrorHandler.java:166)
	at org.openqa.selenium.remote.JsonWireProtocolResponse.lambda$new$0(JsonWireProtocolResponse.java:53)
	at org.openqa.selenium.remote.JsonWireProtocolResponse.lambda$getResponseFunction$2(JsonWireProtocolResponse.java:91)
	at org.openqa.selenium.remote.ProtocolHandshake.lambda$createSession$0(ProtocolHandshake.java:123)
	at java.util.stream.ReferencePipeline$3$1.accept(ReferencePipeline.java:193)
	at java.util.Spliterators$ArraySpliterator.tryAdvance(Spliterators.java:958)
	at java.util.stream.ReferencePipeline.forEachWithCancel(ReferencePipeline.java:126)
	at java.util.stream.AbstractPipeline.copyIntoWithCancel(AbstractPipeline.java:498)
	at java.util.stream.AbstractPipeline.copyInto(AbstractPipeline.java:485)
	at java.util.stream.AbstractPipeline.wrapAndCopyInto(AbstractPipeline.java:471)
	at java.util.stream.FindOps$FindOp.evaluateSequential(FindOps.java:152)
	at java.util.stream.AbstractPipeline.evaluate(AbstractPipeline.java:234)
	at java.util.stream.ReferencePipeline.findFirst(ReferencePipeline.java:464)
	at org.openqa.selenium.remote.ProtocolHandshake.createSession(ProtocolHandshake.java:126)
	at org.openqa.selenium.remote.ProtocolHandshake.createSession(ProtocolHandshake.java:73)
	at org.openqa.selenium.remote.HttpCommandExecutor.execute(HttpCommandExecutor.java:142)
	at org.openqa.selenium.remote.service.DriverCommandExecutor.execute(DriverCommandExecutor.java:83)
	at org.openqa.selenium.remote.RemoteWebDriver.execute(RemoteWebDriver.java:600)
	at org.openqa.selenium.remote.RemoteWebDriver.startSession(RemoteWebDriver.java:219)
	at org.openqa.selenium.remote.RemoteWebDriver.&lt;init&gt;(RemoteWebDriver.java:142)
	at org.openqa.selenium.chrome.ChromeDriver.&lt;init&gt;(ChromeDriver.java:181)
	at org.openqa.selenium.chrome.ChromeDriver.&lt;init&gt;(ChromeDriver.java:168)
	at org.openqa.selenium.chrome.ChromeDriver.&lt;init&gt;(ChromeDriver.java:123)
	at com.qa.base.TestBase.initialization(TestBase.java:44)
	at com.qa.admin.testCases.AdminAddNewUserPageTest.setup(AdminAddNewUserPageTest.java:29)
	at sun.reflect.NativeMethodAccessorImpl.invoke0(Native Method)
	at sun.reflect.NativeMethodAccessorImpl.invoke(NativeMethodAccessorImpl.java:62)
	at sun.reflect.DelegatingMethodAccessorImpl.invoke(DelegatingMethodAccessorImpl.java:43)
	at java.lang.reflect.Method.invoke(Method.java:498)
	at org.testng.internal.MethodInvocationHelper.invokeMethod(MethodInvocationHelper.java:80)
	at org.testng.internal.Invoker.invokeConfigurationMethod(Invoker.java:564)
	at org.testng.internal.Invoker.invokeConfigurations(Invoker.java:213)
	at org.testng.internal.Invoker.invokeMethod(Invoker.java:653)
	at org.testng.internal.Invoker.invokeTestMethod(Invoker.java:901)
	at org.testng.internal.Invoker.invokeTestMethods(Invoker.java:1231)
	at org.testng.internal.TestMethodWorker.invokeTestMethods(TestMethodWorker.java:127)
	at org.testng.internal.TestMethodWorker.run(TestMethodWorker.java:111)
	at org.testng.TestRunner.privateRun(TestRunner.java:767)
	at org.testng.TestRunner.run(TestRunner.java:617)
	at org.testng.SuiteRunner.runTest(SuiteRunner.java:334)
	at org.testng.SuiteRunner.runSequentially(SuiteRunner.java:329)
	at org.testng.SuiteRunner.privateRun(SuiteRunner.java:291)
	at org.testng.SuiteRunner.run(SuiteRunner.java:240)
	at org.testng.SuiteRunnerWorker.runSuite(SuiteRunnerWorker.java:52)
	at org.testng.SuiteRunnerWorker.run(SuiteRunnerWorker.java:86)
	at org.testng.TestNG.runSuitesSequentially(TestNG.java:1198)
	at org.testng.TestNG.runSuitesLocally(TestNG.java:1123)
	at org.testng.TestNG.run(TestNG.java:1031)
	at org.testng.remote.AbstractRemoteTestNG.run(AbstractRemoteTestNG.java:114)
	at org.testng.remote.RemoteTestNG.initAndRun(RemoteTestNG.java:251)
	at org.testng.remote.RemoteTestNG.main(RemoteTestNG.java:77)
</pre></div></td>
<td>0</td>
<td>com.qa.admin.testCases.AdminAddNewUserPageTest@61832929</td></tr>
</table><p>
<table width='100%' border='1' class='invocation-skipped'>
<tr><td colspan='4' align='center'><b>SKIPPED CONFIGURATIONS</b></td></tr>
<tr><td><b>Test method</b></td>
<td width="30%"><b>Exception</b></td>
<td width="10%"><b>Time (seconds)</b></td>
<td><b>Instance</b></td>
</tr>
<tr>
<td title='com.qa.admin.testCases.AdminHomePageTest.setup()'><b>setup</b><br>Test class: com.qa.admin.testCases.AdminHomePageTest</td>
<td></td>
<td>0</td>
<td>com.qa.admin.testCases.AdminHomePageTest@3bfdc050</td></tr>
<tr>
<td title='com.qa.admin.testCases.AdminHomePageTest.setup()'><b>setup</b><br>Test class: com.qa.admin.testCases.AdminHomePageTest</td>
<td></td>
<td>0</td>
<td>com.qa.admin.testCases.AdminHomePageTest@3bfdc050</td></tr>
<tr>
<td title='com.qa.admin.testCases.AdminHomePageTest.setup()'><b>setup</b><br>Test class: com.qa.admin.testCases.AdminHomePageTest</td>
<td></td>
<td>0</td>
<td>com.qa.admin.testCases.AdminHomePageTest@3bfdc050</td></tr>
<tr>
<td title='com.qa.admin.testCases.AdminHomePageTest.setup()'><b>setup</b><br>Test class: com.qa.admin.testCases.AdminHomePageTest</td>
<td></td>
<td>0</td>
<td>com.qa.admin.testCases.AdminHomePageTest@3bfdc050</td></tr>
<tr>
<td title='com.qa.admin.testCases.AdminHomePageTest.setup()'><b>setup</b><br>Test class: com.qa.admin.testCases.AdminHomePageTest</td>
<td></td>
<td>0</td>
<td>com.qa.admin.testCases.AdminHomePageTest@3bfdc050</td></tr>
<tr>
<td title='com.qa.admin.testCases.AdminAddNewUserPageTest.setup()'><b>setup</b><br>Test class: com.qa.admin.testCases.AdminAddNewUserPageTest</td>
<td></td>
<td>0</td>
<td>com.qa.admin.testCases.AdminAddNewUserPageTest@61832929</td></tr>
<tr>
<td title='com.qa.admin.testCases.AdminAddNewUserPageTest.setup()'><b>setup</b><br>Test class: com.qa.admin.testCases.AdminAddNewUserPageTest</td>
<td></td>
<td>0</td>
<td>com.qa.admin.testCases.AdminAddNewUserPageTest@61832929</td></tr>
<tr>
<td title='com.qa.admin.testCases.AdminAddNewUserPageTest.setup()'><b>setup</b><br>Test class: com.qa.admin.testCases.AdminAddNewUserPageTest</td>
<td></td>
<td>0</td>
<td>com.qa.admin.testCases.AdminAddNewUserPageTest@61832929</td></tr>
<tr>
<td title='com.qa.admin.testCases.AdminAddNewUserPageTest.setup()'><b>setup</b><br>Test class: com.qa.admin.testCases.AdminAddNewUserPageTest</td>
<td></td>
<td>0</td>
<td>com.qa.admin.testCases.AdminAddNewUserPageTest@61832929</td></tr>
<tr>
<td title='com.qa.admin.testCases.AdminAddNewUserPageTest.setup()'><b>setup</b><br>Test class: com.qa.admin.testCases.AdminAddNewUserPageTest</td>
<td></td>
<td>0</td>
<td>com.qa.admin.testCases.AdminAddNewUserPageTest@61832929</td></tr>
<tr>
<td title='com.qa.admin.testCases.AdminAddNewUserPageTest.setup()'><b>setup</b><br>Test class: com.qa.admin.testCases.AdminAddNewUserPageTest</td>
<td></td>
<td>0</td>
<td>com.qa.admin.testCases.AdminAddNewUserPageTest@61832929</td></tr>
<tr>
<td title='com.qa.admin.testCases.AdminLoginPageTest.tearDown()'><b>tearDown</b><br>Test class: com.qa.admin.testCases.AdminLoginPageTest</td>
<td></td>
<td>0</td>
<td>com.qa.admin.testCases.AdminLoginPageTest@42d80b78</td></tr>
<tr>
<td title='com.qa.admin.testCases.AdminHomePageTest.tearDown()'><b>tearDown</b><br>Test class: com.qa.admin.testCases.AdminHomePageTest</td>
<td></td>
<td>0</td>
<td>com.qa.admin.testCases.AdminHomePageTest@3bfdc050</td></tr>
<tr>
<td title='com.qa.admin.testCases.AdminHomePageTest.tearDown()'><b>tearDown</b><br>Test class: com.qa.admin.testCases.AdminHomePageTest</td>
<td></td>
<td>0</td>
<td>com.qa.admin.testCases.AdminHomePageTest@3bfdc050</td></tr>
<tr>
<td title='com.qa.admin.testCases.AdminHomePageTest.tearDown()'><b>tearDown</b><br>Test class: com.qa.admin.testCases.AdminHomePageTest</td>
<td></td>
<td>0</td>
<td>com.qa.admin.testCases.AdminHomePageTest@3bfdc050</td></tr>
<tr>
<td title='com.qa.admin.testCases.AdminHomePageTest.tearDown()'><b>tearDown</b><br>Test class: com.qa.admin.testCases.AdminHomePageTest</td>
<td></td>
<td>0</td>
<td>com.qa.admin.testCases.AdminHomePageTest@3bfdc050</td></tr>
<tr>
<td title='com.qa.admin.testCases.AdminHomePageTest.tearDown()'><b>tearDown</b><br>Test class: com.qa.admin.testCases.AdminHomePageTest</td>
<td></td>
<td>0</td>
<td>com.qa.admin.testCases.AdminHomePageTest@3bfdc050</td></tr>
<tr>
<td title='com.qa.admin.testCases.AdminHomePageTest.tearDown()'><b>tearDown</b><br>Test class: com.qa.admin.testCases.AdminHomePageTest</td>
<td></td>
<td>0</td>
<td>com.qa.admin.testCases.AdminHomePageTest@3bfdc050</td></tr>
<tr>
<td title='com.qa.admin.testCases.AdminAddNewUserPageTest.tearDown()'><b>tearDown</b><br>Test class: com.qa.admin.testCases.AdminAddNewUserPageTest</td>
<td></td>
<td>0</td>
<td>com.qa.admin.testCases.AdminAddNewUserPageTest@61832929</td></tr>
<tr>
<td title='com.qa.admin.testCases.AdminAddNewUserPageTest.tearDown()'><b>tearDown</b><br>Test class: com.qa.admin.testCases.AdminAddNewUserPageTest</td>
<td></td>
<td>0</td>
<td>com.qa.admin.testCases.AdminAddNewUserPageTest@61832929</td></tr>
<tr>
<td title='com.qa.admin.testCases.AdminAddNewUserPageTest.tearDown()'><b>tearDown</b><br>Test class: com.qa.admin.testCases.AdminAddNewUserPageTest</td>
<td></td>
<td>0</td>
<td>com.qa.admin.testCases.AdminAddNewUserPageTest@61832929</td></tr>
<tr>
<td title='com.qa.admin.testCases.AdminAddNewUserPageTest.tearDown()'><b>tearDown</b><br>Test class: com.qa.admin.testCases.AdminAddNewUserPageTest</td>
<td></td>
<td>0</td>
<td>com.qa.admin.testCases.AdminAddNewUserPageTest@61832929</td></tr>
<tr>
<td title='com.qa.admin.testCases.AdminAddNewUserPageTest.tearDown()'><b>tearDown</b><br>Test class: com.qa.admin.testCases.AdminAddNewUserPageTest</td>
<td></td>
<td>0</td>
<td>com.qa.admin.testCases.AdminAddNewUserPageTest@61832929</td></tr>
<tr>
<td title='com.qa.admin.testCases.AdminAddNewUserPageTest.tearDown()'><b>tearDown</b><br>Test class: com.qa.admin.testCases.AdminAddNewUserPageTest</td>
<td></td>
<td>0</td>
<td>com.qa.admin.testCases.AdminAddNewUserPageTest@61832929</td></tr>
<tr>
<td title='com.qa.admin.testCases.AdminAddNewUserPageTest.tearDown()'><b>tearDown</b><br>Test class: com.qa.admin.testCases.AdminAddNewUserPageTest</td>
<td></td>
<td>0</td>
<td>com.qa.admin.testCases.AdminAddNewUserPageTest@61832929</td></tr>
</table><p>
<table width='100%' border='1' class='invocation-passed'>
<tr><td colspan='4' align='center'><b>PASSED TESTS</b></td></tr>
<tr><td><b>Test method</b></td>
<td width="30%"><b>Exception</b></td>
<td width="10%"><b>Time (seconds)</b></td>
<td><b>Instance</b></td>
</tr>
<tr>
<td title='com.qa.admin.testCases.AdminLoginPageTest.loginPageTitleTest()'><b>loginPageTitleTest</b><br>Test class: com.qa.admin.testCases.AdminLoginPageTest</td>
<td></td>
<td>0</td>
<td>com.qa.admin.testCases.AdminLoginPageTest@42d80b78</td></tr>
<tr>
<td title='com.qa.admin.testCases.AdminLoginPageTest.norwichLogoTest()'><b>norwichLogoTest</b><br>Test class: com.qa.admin.testCases.AdminLoginPageTest</td>
<td></td>
<td>0</td>
<td>com.qa.admin.testCases.AdminLoginPageTest@42d80b78</td></tr>
</table><p>
<table width='100%' border='1' class='invocation-skipped'>
<tr><td colspan='4' align='center'><b>SKIPPED TESTS</b></td></tr>
<tr><td><b>Test method</b></td>
<td width="30%"><b>Exception</b></td>
<td width="10%"><b>Time (seconds)</b></td>
<td><b>Instance</b></td>
</tr>
<tr>
<td title='com.qa.admin.testCases.AdminHomePageTest.AddNewUserTest()'><b>AddNewUserTest</b><br>Test class: com.qa.admin.testCases.AdminHomePageTest</td>
<td></td>
<td>0</td>
<td>com.qa.admin.testCases.AdminHomePageTest@3bfdc050</td></tr>
<tr>
<td title='com.qa.admin.testCases.AdminHomePageTest.ChangePasswordTest()'><b>ChangePasswordTest</b><br>Test class: com.qa.admin.testCases.AdminHomePageTest</td>
<td></td>
<td>0</td>
<td>com.qa.admin.testCases.AdminHomePageTest@3bfdc050</td></tr>
<tr>
<td title='com.qa.admin.testCases.AdminHomePageTest.ListUserTest()'><b>ListUserTest</b><br>Test class: com.qa.admin.testCases.AdminHomePageTest</td>
<td></td>
<td>0</td>
<td>com.qa.admin.testCases.AdminHomePageTest@3bfdc050</td></tr>
<tr>
<td title='com.qa.admin.testCases.AdminHomePageTest.LogoutTest()'><b>LogoutTest</b><br>Test class: com.qa.admin.testCases.AdminHomePageTest</td>
<td></td>
<td>0</td>
<td>com.qa.admin.testCases.AdminHomePageTest@3bfdc050</td></tr>
<tr>
<td title='com.qa.admin.testCases.AdminAddNewUserPageTest.addNewUserPageTitleTest()'><b>addNewUserPageTitleTest</b><br>Test class: com.qa.admin.testCases.AdminAddNewUserPageTest</td>
<td></td>
<td>0</td>
<td>com.qa.admin.testCases.AdminAddNewUserPageTest@61832929</td></tr>
<tr>
<td title='com.qa.admin.testCases.AdminHomePageTest.homePageTitleTest()'><b>homePageTitleTest</b><br>Test class: com.qa.admin.testCases.AdminHomePageTest</td>
<td></td>
<td>0</td>
<td>com.qa.admin.testCases.AdminHomePageTest@3bfdc050</td></tr>
<tr>
<td title='com.qa.admin.testCases.AdminLoginPageTest.loginTest()'><b>loginTest</b><br>Test class: com.qa.admin.testCases.AdminLoginPageTest</td>
<td></td>
<td>0</td>
<td>com.qa.admin.testCases.AdminLoginPageTest@42d80b78</td></tr>
<tr>
<td title='com.qa.admin.testCases.AdminAddNewUserPageTest.verifyAddNewUsers()'><b>verifyAddNewUsers</b><br>Test class: com.qa.admin.testCases.AdminAddNewUserPageTest<br>Parameters: akku@gmail.com, ammu, a, 123.0, 123.0, admin</td>
<td></td>
<td>0</td>
<td>com.qa.admin.testCases.AdminAddNewUserPageTest@61832929</td></tr>
<tr>
<td title='com.qa.admin.testCases.AdminAddNewUserPageTest.verifyAddNewUsers()'><b>verifyAddNewUsers</b><br>Test class: com.qa.admin.testCases.AdminAddNewUserPageTest<br>Parameters: anu@gmail.com, anu, b, 123.0, 123.0, appadmin</td>
<td></td>
<td>0</td>
<td>com.qa.admin.testCases.AdminAddNewUserPageTest@61832929</td></tr>
<tr>
<td title='com.qa.admin.testCases.AdminAddNewUserPageTest.verifyAddNewUsers()'><b>verifyAddNewUsers</b><br>Test class: com.qa.admin.testCases.AdminAddNewUserPageTest<br>Parameters: unni@gmail.com, unni, c, 123.0, 123.0, dataentry</td>
<td></td>
<td>0</td>
<td>com.qa.admin.testCases.AdminAddNewUserPageTest@61832929</td></tr>
<tr>
<td title='com.qa.admin.testCases.AdminAddNewUserPageTest.verifyAddNewUsers()'><b>verifyAddNewUsers</b><br>Test class: com.qa.admin.testCases.AdminAddNewUserPageTest<br>Parameters: achu@gmail.com, achu, d, 123.0, 123.0, pi</td>
<td></td>
<td>0</td>
<td>com.qa.admin.testCases.AdminAddNewUserPageTest@61832929</td></tr>
<tr>
<td title='com.qa.admin.testCases.AdminAddNewUserPageTest.verifyAddNewUsers()'><b>verifyAddNewUsers</b><br>Test class: com.qa.admin.testCases.AdminAddNewUserPageTest<br>Parameters: appu@gmail.com, appu, e, 123.0, 123.0, qa</td>
<td></td>
<td>0</td>
<td>com.qa.admin.testCases.AdminAddNewUserPageTest@61832929</td></tr>
<tr>
<td title='com.qa.admin.testCases.AdminAddNewUserPageTest.verifyAddUserPageUserNameTest()'><b>verifyAddUserPageUserNameTest</b><br>Test class: com.qa.admin.testCases.AdminAddNewUserPageTest</td>
<td></td>
<td>0</td>
<td>com.qa.admin.testCases.AdminAddNewUserPageTest@61832929</td></tr>
<tr>
<td title='com.qa.admin.testCases.AdminHomePageTest.verifyUserNameTest()'><b>verifyUserNameTest</b><br>Test class: com.qa.admin.testCases.AdminHomePageTest</td>
<td></td>
<td>0</td>
<td>com.qa.admin.testCases.AdminHomePageTest@3bfdc050</td></tr>
</table><p>
</body>
</html>