<?xml version="1.0" encoding="UTF-8" ?>
<testsuite tests="187" failures="18" name="TestSuite" time="1,586.846" errors="0" skipped="161">
  <properties>
    <property name="java.vendor" value="Oracle Corporation"/>
    <property name="JOB_NAME" value="my_norwich"/>
    <property name="sun.java.launcher" value="SUN_STANDARD"/>
    <property name="NUMBER_OF_PROCESSORS" value="4"/>
    <property name="sun.management.compiler" value="HotSpot 64-Bit Tiered Compilers"/>
    <property name="JENKINS_HOME" value="C:\Users\Silpa\.jenkins"/>
    <property name="FPS_BROWSER_USER_PROFILE_STRING" value="Default"/>
    <property name="HUDSON_SERVER_COOKIE" value="a0d2d157999f1356"/>
    <property name="POM_ARTIFACTID" value="my_norwich"/>
    <property name="os.name" value="Windows 10"/>
    <property name="sun.boot.class.path" value="C:\Program Files\Java\jre1.8.0_171\lib\resources.jar;C:\Program Files\Java\jre1.8.0_171\lib\rt.jar;C:\Program Files\Java\jre1.8.0_171\lib\sunrsasign.jar;C:\Program Files\Java\jre1.8.0_171\lib\jsse.jar;C:\Program Files\Java\jre1.8.0_171\lib\jce.jar;C:\Program Files\Java\jre1.8.0_171\lib\charsets.jar;C:\Program Files\Java\jre1.8.0_171\lib\jfr.jar;C:\Program Files\Java\jre1.8.0_171\classes"/>
    <property name="EXECUTOR_NUMBER" value="0"/>
    <property name="sun.desktop" value="windows"/>
    <property name="PATHEXT" value=".COM;.EXE;.BAT;.CMD;.VBS;.VBE;.JS;.JSE;.WSF;.WSH;.MSC"/>
    <property name="java.vm.specification.vendor" value="Oracle Corporation"/>
    <property name="POM_DISPLAYNAME" value="my_norwich"/>
    <property name="NODE_LABELS" value="master"/>
    <property name="TEMP" value="C:\Users\Silpa\AppData\Local\Temp"/>
    <property name="java.runtime.version" value="1.8.0_171-b11"/>
    <property name="FPS_BROWSER_APP_PROFILE_STRING" value="Internet Explorer"/>
    <property name="user.name" value="Silpa"/>
    <property name="guice.disable.misplaced.annotation.check" value="true"/>
    <property name="CommonProgramW6432" value="C:\Program Files\Common Files"/>
    <property name="ProgramFiles" value="C:\Program Files"/>
    <property name="PROMPT" value="$P$G"/>
    <property name="user.language" value="en"/>
    <property name="JOB_BASE_NAME" value="my_norwich"/>
    <property name="RUN_CHANGES_DISPLAY_URL" value="http://localhost:8080/job/my_norwich/12/display/redirect?page=changes"/>
    <property name="BUILD_DISPLAY_NAME" value="#12"/>
    <property name="OneDrive" value="C:\Users\Silpa\OneDrive"/>
    <property name="sun.boot.library.path" value="C:\Program Files\Java\jre1.8.0_171\bin"/>
    <property name="=G:" value="G:\silpa\Jenkins"/>
    <property name="LOCALAPPDATA" value="C:\Users\Silpa\AppData\Local"/>
    <property name="java.version" value="1.8.0_171"/>
    <property name="PROCESSOR_LEVEL" value="6"/>
    <property name="user.timezone" value="Asia/Calcutta"/>
    <property name="USERNAME" value="Silpa"/>
    <property name="sun.arch.data.model" value="64"/>
    <property name="NODE_NAME" value="master"/>
    <property name="java.endorsed.dirs" value="C:\Program Files\Java\jre1.8.0_171\lib\endorsed"/>
    <property name="BUILD_ID" value="12"/>
    <property name="sun.cpu.isalist" value="amd64"/>
    <property name="sun.jnu.encoding" value="Cp1252"/>
    <property name="file.encoding.pkg" value="sun.io"/>
    <property name="file.separator" value="\"/>
    <property name="java.specification.name" value="Java Platform API Specification"/>
    <property name="HOMEDRIVE" value="C:"/>
    <property name="maven.conf" value="C:\Users\Silpa\.jenkins\tools\hudson.tasks.Maven_MavenInstallation\maven123\conf"/>
    <property name="java.class.version" value="52.0"/>
    <property name="=::" value="::\"/>
    <property name="org.slf4j.simpleLogger.defaultLogLevel" value="info"/>
    <property name="user.country" value="US"/>
    <property name="ALLUSERSPROFILE" value="C:\ProgramData"/>
    <property name="java.home" value="C:\Program Files\Java\jre1.8.0_171"/>
    <property name="java.vm.info" value="mixed mode"/>
    <property name="os.version" value="10.0"/>
    <property name="=ExitCode" value="00000001"/>
    <property name="RUN_DISPLAY_URL" value="http://localhost:8080/job/my_norwich/12/display/redirect"/>
    <property name="POM_VERSION" value="0.0.1-SNAPSHOT"/>
    <property name="TMP" value="C:\Users\Silpa\AppData\Local\Temp"/>
    <property name="path.separator" value=";"/>
    <property name="java.vm.version" value="25.171-b11"/>
    <property name="AMDAPPSDKROOT" value="C:\Program Files (x86)\AMD APP\"/>
    <property name="user.variant" value=""/>
    <property name="JOB_DISPLAY_URL" value="http://localhost:8080/job/my_norwich/display/redirect"/>
    <property name="CommonProgramFiles(x86)" value="C:\Program Files (x86)\Common Files"/>
    <property name="USERDOMAIN_ROAMINGPROFILE" value="DESKTOP-8SU807H"/>
    <property name="java.awt.printerjob" value="sun.awt.windows.WPrinterJob"/>
    <property name="JAVA_HOME" value="C:\Program Files\Java\jre1.8.0_171\bin\"/>
    <property name="sun.io.unicode.encoding" value="UnicodeLittle"/>
    <property name="CommonProgramFiles" value="C:\Program Files\Common Files"/>
    <property name="ComSpec" value="C:\WINDOWS\system32\cmd.exe"/>
    <property name="awt.toolkit" value="sun.awt.windows.WToolkit"/>
    <property name="HOMEPATH" value="\Users\Silpa"/>
    <property name="POM_PACKAGING" value="jar"/>
    <property name="user.script" value=""/>
    <property name="COMPUTERNAME" value="DESKTOP-8SU807H"/>
    <property name="POM_GROUPID" value="project"/>
    <property name="VBOX_MSI_INSTALL_PATH" value="C:\Program Files\Oracle\VirtualBox\"/>
    <property name="user.home" value="C:\Users\Silpa"/>
    <property name="PUBLIC" value="C:\Users\Public"/>
    <property name="BUILD_TAG" value="jenkins-my_norwich-12"/>
    <property name="JENKINS_SERVER_COOKIE" value="a0d2d157999f1356"/>
    <property name="HUDSON_URL" value="http://localhost:8080/"/>
    <property name="ProgramData" value="C:\ProgramData"/>
    <property name="java.specification.vendor" value="Oracle Corporation"/>
    <property name="USERPROFILE" value="C:\Users\Silpa"/>
    <property name="CLASSPATH" value=""/>
    <property name="java.vendor.url" value="http://java.oracle.com/"/>
    <property name="java.library.path" value="C:\Program Files (x86)\Common Files\Oracle\Java\javapath;C:\WINDOWS\Sun\Java\bin;C:\WINDOWS\system32;C:\WINDOWS;C:\Users\Silpa\.jenkins\tools\hudson.tasks.Maven_MavenInstallation\maven123/bin;C:\Program Files (x86)\Common Files\Oracle\Java\javapath;C:\ProgramData\Oracle\Java\javapath;C:\Program Files (x86)\AMD APP\bin\x86_64;C:\Program Files (x86)\AMD APP\bin\x86;c:\Program Files (x86)\Intel\iCLS Client\;c:\Program Files\Intel\iCLS Client\;C:\WINDOWS\system32;C:\WINDOWS;C:\WINDOWS\System32\Wbem;C:\WINDOWS\System32\WindowsPowerShell\v1.0\;C:\Program Files\Intel\Intel(R) Management Engine Components\DAL;C:\Program Files\Intel\Intel(R) Management Engine Components\IPT;C:\Program Files (x86)\Intel\Intel(R) Management Engine Components\DAL;C:\Program Files (x86)\Intel\Intel(R) Management Engine Components\IPT;C:\Program Files (x86)\ATI Technologies\ATI.ACE\Core-Static;c:\Program Files (x86)\Microsoft SQL Server\100\Tools\Binn\;c:\Program Files\Microsoft SQL Server\100\Tools\Binn\;c:\Program Files\Microsoft SQL Server\100\DTS\Binn\;c:\Program Files (x86)\Microsoft SQL Server\100\DTS\Binn\;c:\Program Files (x86)\Microsoft SQL Server\100\Tools\Binn\VSShell\Common7\IDE\;c:\Program Files (x86)\Microsoft Visual Studio 9.0\Common7\IDE\PrivateAssemblies\;C:\Program Files\Java\jre1.8.0_171\bin\;C:\Program Files\Java\jdk1.8.0_171\bin\;;C:\WINDOWS\System32\OpenSSH\;C:\Users\Silpa\AppData\Local\Microsoft\WindowsApps;;."/>
    <property name="java.vm.vendor" value="Oracle Corporation"/>
    <property name="APPDATA" value="C:\Users\Silpa\AppData\Roaming"/>
    <property name="java.runtime.name" value="Java(TM) SE Runtime Environment"/>
    <property name="maven.home" value="C:\Users\Silpa\.jenkins\tools\hudson.tasks.Maven_MavenInstallation\maven123"/>
    <property name="java.class.path" value="C:\Users\Silpa\.jenkins\plugins\maven-plugin\WEB-INF\lib\maven35-agent-1.12-alpha-1.jar;C:\Users\Silpa\.jenkins\tools\hudson.tasks.Maven_MavenInstallation\maven123\boot\plexus-classworlds-2.5.2.jar;C:\Users\Silpa\.jenkins\tools\hudson.tasks.Maven_MavenInstallation\maven123/conf/logging"/>
    <property name="sun.java.command" value="jenkins.maven3.agent.Maven35Main C:\Users\Silpa\.jenkins\tools\hudson.tasks.Maven_MavenInstallation\maven123 C:\Users\Silpa\.jenkins\war\WEB-INF\lib\remoting-3.20.jar C:\Users\Silpa\.jenkins\plugins\maven-plugin\WEB-INF\lib\maven35-interceptor-1.12-alpha-1.jar C:\Users\Silpa\.jenkins\plugins\maven-plugin\WEB-INF\lib\maven3-interceptor-commons-1.12-alpha-1.jar 20269"/>
    <property name="Path" value="C:\Program Files (x86)\Common Files\Oracle\Java\javapath;C:\ProgramData\Oracle\Java\javapath;C:\Program Files (x86)\AMD APP\bin\x86_64;C:\Program Files (x86)\AMD APP\bin\x86;c:\Program Files (x86)\Intel\iCLS Client\;c:\Program Files\Intel\iCLS Client\;C:\WINDOWS\system32;C:\WINDOWS;C:\WINDOWS\System32\Wbem;C:\WINDOWS\System32\WindowsPowerShell\v1.0\;C:\Program Files\Intel\Intel(R) Management Engine Components\DAL;C:\Program Files\Intel\Intel(R) Management Engine Components\IPT;C:\Program Files (x86)\Intel\Intel(R) Management Engine Components\DAL;C:\Program Files (x86)\Intel\Intel(R) Management Engine Components\IPT;C:\Program Files (x86)\ATI Technologies\ATI.ACE\Core-Static;c:\Program Files (x86)\Microsoft SQL Server\100\Tools\Binn\;c:\Program Files\Microsoft SQL Server\100\Tools\Binn\;c:\Program Files\Microsoft SQL Server\100\DTS\Binn\;c:\Program Files (x86)\Microsoft SQL Server\100\DTS\Binn\;c:\Program Files (x86)\Microsoft SQL Server\100\Tools\Binn\VSShell\Common7\IDE\;c:\Program Files (x86)\Microsoft Visual Studio 9.0\Common7\IDE\PrivateAssemblies\;C:\Program Files\Java\jre1.8.0_171\bin\;C:\Program Files\Java\jdk1.8.0_171\bin\;;C:\WINDOWS\System32\OpenSSH\;C:\Users\Silpa\AppData\Local\Microsoft\WindowsApps;"/>
    <property name="java.vm.specification.name" value="Java Virtual Machine Specification"/>
    <property name="PROCESSOR_ARCHITECTURE" value="AMD64"/>
    <property name="PROCESSOR_IDENTIFIER" value="Intel64 Family 6 Model 58 Stepping 9, GenuineIntel"/>
    <property name="SESSIONNAME" value="Console"/>
    <property name="java.vm.specification.version" value="1.8"/>
    <property name="sun.os.patch.level" value=""/>
    <property name="sun.cpu.endian" value="little"/>
    <property name="M2_HOME" value="C:\Users\Silpa\.jenkins\tools\hudson.tasks.Maven_MavenInstallation\maven123"/>
    <property name="java.io.tmpdir" value="C:\Users\Silpa\AppData\Local\Temp\"/>
    <property name="OS" value="Windows_NT"/>
    <property name="HUDSON_HOME" value="C:\Users\Silpa\.jenkins"/>
    <property name="PATH+MAVEN" value="C:\Users\Silpa\.jenkins\tools\hudson.tasks.Maven_MavenInstallation\maven123/bin"/>
    <property name="ProgramFiles(x86)" value="C:\Program Files (x86)"/>
    <property name="BUILD_URL" value="http://localhost:8080/job/my_norwich/12/"/>
    <property name="java.vendor.url.bug" value="http://bugreport.sun.com/bugreport/"/>
    <property name="java.awt.graphicsenv" value="sun.awt.Win32GraphicsEnvironment"/>
    <property name="os.arch" value="amd64"/>
    <property name="SystemRoot" value="C:\WINDOWS"/>
    <property name="java.ext.dirs" value="C:\Program Files\Java\jre1.8.0_171\lib\ext;C:\WINDOWS\Sun\Java\lib\ext"/>
    <property name="user.dir" value="G:\acsl\my_norwich"/>
    <property name="JOB_URL" value="http://localhost:8080/job/my_norwich/"/>
    <property name="LOGONSERVER" value="\\DESKTOP-8SU807H"/>
    <property name="USERDOMAIN" value="DESKTOP-8SU807H"/>
    <property name="line.separator" value="
"/>
    <property name="MAVEN_HOME" value="C:\Users\Silpa\.jenkins\tools\hudson.tasks.Maven_MavenInstallation\maven123"/>
    <property name="VS100COMNTOOLS" value="C:\Program Files (x86)\Microsoft Visual Studio 10.0\Common7\Tools\"/>
    <property name="java.vm.name" value="Java HotSpot(TM) 64-Bit Server VM"/>
    <property name="BUILD_NUMBER" value="12"/>
    <property name="JENKINS_URL" value="http://localhost:8080/"/>
    <property name="PROCESSOR_REVISION" value="3a09"/>
    <property name="ProgramW6432" value="C:\Program Files"/>
    <property name="windir" value="C:\WINDOWS"/>
    <property name="=C:" value="C:\Users\Silpa"/>
    <property name="file.encoding" value="Cp1252"/>
    <property name="SystemDrive" value="C:"/>
    <property name="maven3.interceptor" value="C:\Users\Silpa\.jenkins\plugins\maven-plugin\WEB-INF\lib\maven35-interceptor-1.12-alpha-1.jar"/>
    <property name="WORKSPACE" value="C:\Users\Silpa\.jenkins\workspace\my_norwich"/>
    <property name="maven3.interceptor.common" value="C:\Users\Silpa\.jenkins\plugins\maven-plugin\WEB-INF\lib\maven3-interceptor-commons-1.12-alpha-1.jar"/>
    <property name="java.specification.version" value="1.8"/>
    <property name="PSModulePath" value="C:\WINDOWS\system32\WindowsPowerShell\v1.0\Modules\;C:\Program Files (x86)\AutoIt3\AutoItX"/>
    <property name="DriverData" value="C:\Windows\System32\Drivers\DriverData"/>
  </properties>
  <testcase classname="com.qa.admin.testCases.AdminAddNewUserPageTest" name="setup" time="179.557">
    <failure message="Unable to locate element: //*[@id=&quot;mainmenubutton&quot;]
For documentation on this error, please visit: http://seleniumhq.org/exceptions/no_such_element.html
Build info: version: &apos;3.7.1&apos;, revision: &apos;8a0099a&apos;, time: &apos;2017-11-06T21:01:39.354Z&apos;
System info: host: &apos;DESKTOP-8SU807H&apos;, ip: &apos;192.168.10.51&apos;, os.name: &apos;Windows 10&apos;, os.arch: &apos;amd64&apos;, os.version: &apos;10.0&apos;, java.version: &apos;1.8.0_171&apos;
Driver info: org.openqa.selenium.firefox.FirefoxDriver
Capabilities {acceptInsecureCerts: true, browserName: firefox, browserVersion: 60.0.1, javascriptEnabled: true, moz:accessibilityChecks: false, moz:headless: false, moz:processID: 9432, moz:profile: C:\Users\Silpa\AppData\Loca..., moz:useNonSpecCompliantPointerOrigin: false, moz:webdriverClick: true, pageLoadStrategy: normal, platform: XP, platformName: XP, platformVersion: 10.0, rotatable: false, timeouts: {implicit: 0, pageLoad: 300000, script: 30000}}
Session ID: 78932f03-cc50-4160-86a6-33ffbb8a60bc
*** Element info: {Using=xpath, value=//*[@id=&quot;mainmenubutton&quot;]}" type="org.openqa.selenium.NoSuchElementException">org.openqa.selenium.NoSuchElementException: Unable to locate element: //*[@id=&quot;mainmenubutton&quot;]
For documentation on this error, please visit: http://seleniumhq.org/exceptions/no_such_element.html
Build info: version: &apos;3.7.1&apos;, revision: &apos;8a0099a&apos;, time: &apos;2017-11-06T21:01:39.354Z&apos;
System info: host: &apos;DESKTOP-8SU807H&apos;, ip: &apos;192.168.10.51&apos;, os.name: &apos;Windows 10&apos;, os.arch: &apos;amd64&apos;, os.version: &apos;10.0&apos;, java.version: &apos;1.8.0_171&apos;
Driver info: org.openqa.selenium.firefox.FirefoxDriver
Capabilities {acceptInsecureCerts: true, browserName: firefox, browserVersion: 60.0.1, javascriptEnabled: true, moz:accessibilityChecks: false, moz:headless: false, moz:processID: 9432, moz:profile: C:\Users\Silpa\AppData\Loca..., moz:useNonSpecCompliantPointerOrigin: false, moz:webdriverClick: true, pageLoadStrategy: normal, platform: XP, platformName: XP, platformVersion: 10.0, rotatable: false, timeouts: {implicit: 0, pageLoad: 300000, script: 30000}}
Session ID: 78932f03-cc50-4160-86a6-33ffbb8a60bc
*** Element info: {Using=xpath, value=//*[@id=&quot;mainmenubutton&quot;]}
	at sun.reflect.NativeConstructorAccessorImpl.newInstance0(Native Method)
	at sun.reflect.NativeConstructorAccessorImpl.newInstance(Unknown Source)
	at sun.reflect.DelegatingConstructorAccessorImpl.newInstance(Unknown Source)
	at java.lang.reflect.Constructor.newInstance(Unknown Source)
	at org.openqa.selenium.remote.http.W3CHttpResponseCodec.createException(W3CHttpResponseCodec.java:187)
	at org.openqa.selenium.remote.http.W3CHttpResponseCodec.decode(W3CHttpResponseCodec.java:122)
	at org.openqa.selenium.remote.http.W3CHttpResponseCodec.decode(W3CHttpResponseCodec.java:49)
	at org.openqa.selenium.remote.HttpCommandExecutor.execute(HttpCommandExecutor.java:164)
	at org.openqa.selenium.remote.service.DriverCommandExecutor.execute(DriverCommandExecutor.java:83)
	at org.openqa.selenium.remote.RemoteWebDriver.execute(RemoteWebDriver.java:600)
	at org.openqa.selenium.remote.RemoteWebDriver.findElement(RemoteWebDriver.java:370)
	at org.openqa.selenium.remote.RemoteWebDriver.findElementByXPath(RemoteWebDriver.java:472)
	at org.openqa.selenium.By$ByXPath.findElement(By.java:361)
	at org.openqa.selenium.remote.RemoteWebDriver.findElement(RemoteWebDriver.java:362)
	at sun.reflect.NativeMethodAccessorImpl.invoke0(Native Method)
	at sun.reflect.NativeMethodAccessorImpl.invoke(Unknown Source)
	at sun.reflect.DelegatingMethodAccessorImpl.invoke(Unknown Source)
	at java.lang.reflect.Method.invoke(Unknown Source)
	at org.openqa.selenium.support.events.EventFiringWebDriver$2.invoke(EventFiringWebDriver.java:109)
	at com.sun.proxy.$Proxy6.findElement(Unknown Source)
	at org.openqa.selenium.support.events.EventFiringWebDriver.findElement(EventFiringWebDriver.java:193)
	at org.openqa.selenium.support.pagefactory.DefaultElementLocator.findElement(DefaultElementLocator.java:69)
	at org.openqa.selenium.support.pagefactory.internal.LocatingElementHandler.invoke(LocatingElementHandler.java:38)
	at com.sun.proxy.$Proxy10.click(Unknown Source)
	at com.qa.admin.pages.AdminHomePage.clickOnAddNewUserLink(AdminHomePage.java:56)
	at com.qa.admin.testCases.AdminAddNewUserPageTest.setup(AdminAddNewUserPageTest.java:32)
</failure>
    <system-out>Configuring TestNG with: org.apache.maven.surefire.testng.conf.TestNG652Configurator@2c13da15
Before navigating to: &apos;http://winsvr.amazecodes.in/CRF3/&apos;
Navigated to:&apos;http://winsvr.amazecodes.in/CRF3/&apos;
Trying to find Element By : By.xpath: //*[@id=&apos;Name&apos;]
Found Element By : By.xpath: //*[@id=&apos;Name&apos;]
Trying to find Element By : By.xpath: //*[@id=&apos;Password&apos;]
Found Element By : By.xpath: //*[@id=&apos;Password&apos;]
Trying to find Element By : By.xpath: /html/body/section/div/div/div[1]/div/div[2]/div[1]/div/form/div[4]
Found Element By : By.xpath: /html/body/section/div/div/div[1]/div/div[2]/div[1]/div/form/div[4]
Trying to click on: [[FirefoxDriver: firefox on XP (78932f03-cc50-4160-86a6-33ffbb8a60bc)] -&gt; xpath: /html/body/section/div/div/div[1]/div/div[2]/div[1]/div/form/div[4]]
Clicked on: [[FirefoxDriver: firefox on XP (78932f03-cc50-4160-86a6-33ffbb8a60bc)] -&gt; xpath: /html/body/section/div/div/div[1]/div/div[2]/div[1]/div/form/div[4]]
Trying to find Element By : By.xpath: //*[@id=&quot;mainmenubutton&quot;]
Exception occured: org.openqa.selenium.NoSuchElementException: Unable to locate element: //*[@id=&quot;mainmenubutton&quot;]
For documentation on this error, please visit: http://seleniumhq.org/exceptions/no_such_element.html
Build info: version: &apos;3.7.1&apos;, revision: &apos;8a0099a&apos;, time: &apos;2017-11-06T21:01:39.354Z&apos;
System info: host: &apos;DESKTOP-8SU807H&apos;, ip: &apos;192.168.10.51&apos;, os.name: &apos;Windows 10&apos;, os.arch: &apos;amd64&apos;, os.version: &apos;10.0&apos;, java.version: &apos;1.8.0_171&apos;
Driver info: org.openqa.selenium.firefox.FirefoxDriver
Capabilities {acceptInsecureCerts: true, browserName: firefox, browserVersion: 60.0.1, javascriptEnabled: true, moz:accessibilityChecks: false, moz:headless: false, moz:processID: 9432, moz:profile: C:\Users\Silpa\AppData\Loca..., moz:useNonSpecCompliantPointerOrigin: false, moz:webdriverClick: true, pageLoadStrategy: normal, platform: XP, platformName: XP, platformVersion: 10.0, rotatable: false, timeouts: {implicit: 0, pageLoad: 300000, script: 30000}}
Session ID: 78932f03-cc50-4160-86a6-33ffbb8a60bc
*** Element info: {Using=xpath, value=//*[@id=&quot;mainmenubutton&quot;]}
</system-out>
    <system-err>1527855689461	geckodriver	INFO	geckodriver 0.19.1
1527855689473	geckodriver	INFO	Listening on 127.0.0.1:21181
log4j:WARN No appenders could be found for logger (org.apache.http.client.protocol.RequestAddCookies).
log4j:WARN Please initialize the log4j system properly.
1527855690499	mozrunner::runner	INFO	Running command: &quot;C:\\Program Files\\Mozilla Firefox\\firefox.exe&quot; &quot;-marionette&quot; &quot;-profile&quot; &quot;C:\\Users\\Silpa\\AppData\\Local\\Temp\\rust_mozprofile.vCuyLBwXPdb5&quot;
Unable to read VR Path Registry from C:\Users\Silpa\AppData\Local\openvr\openvrpaths.vrpath
Unable to read VR Path Registry from C:\Users\Silpa\AppData\Local\openvr\openvrpaths.vrpath
Unable to read VR Path Registry from C:\Users\Silpa\AppData\Local\openvr\openvrpaths.vrpath
Unable to read VR Path Registry from C:\Users\Silpa\AppData\Local\openvr\openvrpaths.vrpath
[Child 10304, Chrome_ChildThread] WARNING: pipe error: 109: file z:/build/build/src/ipc/chromium/src/chrome/common/ipc_channel_win.cc, line 346
[Parent 9432, Gecko_IOThread] WARNING: file z:/build/build/src/ipc/chromium/src/base/process_util_win.cc, line 188
Unable to read VR Path Registry fromUnable to  read C:\Users\SilpVRa\AppData\Local\o Patpenvh Rr\egistry fropoenm vrC:\Users\Silpa\AppData\Lpathocal\openvr\openvrpaths.vrpats.vrh
path
1527855756597	Marionette	INFO	Listening on port 20299
1527855758654	Marionette	WARN	TLS certificate errors will be ignored for this session
Jun 01, 2018 5:52:44 PM org.openqa.selenium.remote.ProtocolHandshake createSession
INFO: Detected dialect: W3C
</system-err>
  </testcase>
  <testcase classname="com.qa.admin.testCases.AdminAddNewUserPageTest" name="addNewUserPageTitleTest" time="0">
    <skipped/>
  </testcase>
  <testcase classname="com.qa.admin.testCases.AdminAddNewUserPageTest" name="tearDown" time="0">
    <skipped/>
  </testcase>
  <testcase classname="com.qa.admin.testCases.AdminHomePageTest" name="homePageTitleTest" time="0.094"/>
  <testcase classname="com.qa.admin.testCases.AdminLoginPageTest" name="loginPageTitleTest" time="0.01"/>
  <testcase classname="com.qa.appadmin.testCases.AppAdminAddStudiesPageTest" name="setup" time="98.822">
    <failure message="Unable to locate element: //*[@id=&quot;mainmenubutton&quot;]
For documentation on this error, please visit: http://seleniumhq.org/exceptions/no_such_element.html
Build info: version: &apos;3.7.1&apos;, revision: &apos;8a0099a&apos;, time: &apos;2017-11-06T21:01:39.354Z&apos;
System info: host: &apos;DESKTOP-8SU807H&apos;, ip: &apos;192.168.10.51&apos;, os.name: &apos;Windows 10&apos;, os.arch: &apos;amd64&apos;, os.version: &apos;10.0&apos;, java.version: &apos;1.8.0_171&apos;
Driver info: org.openqa.selenium.firefox.FirefoxDriver
Capabilities {acceptInsecureCerts: true, browserName: firefox, browserVersion: 60.0.1, javascriptEnabled: true, moz:accessibilityChecks: false, moz:headless: false, moz:processID: 14932, moz:profile: C:\Users\Silpa\AppData\Loca..., moz:useNonSpecCompliantPointerOrigin: false, moz:webdriverClick: true, pageLoadStrategy: normal, platform: XP, platformName: XP, platformVersion: 10.0, rotatable: false, timeouts: {implicit: 0, pageLoad: 300000, script: 30000}}
Session ID: 030aa725-e13b-4616-bf7d-5e78fa0280fb
*** Element info: {Using=xpath, value=//*[@id=&quot;mainmenubutton&quot;]}" type="org.openqa.selenium.NoSuchElementException">org.openqa.selenium.NoSuchElementException: Unable to locate element: //*[@id=&quot;mainmenubutton&quot;]
For documentation on this error, please visit: http://seleniumhq.org/exceptions/no_such_element.html
Build info: version: &apos;3.7.1&apos;, revision: &apos;8a0099a&apos;, time: &apos;2017-11-06T21:01:39.354Z&apos;
System info: host: &apos;DESKTOP-8SU807H&apos;, ip: &apos;192.168.10.51&apos;, os.name: &apos;Windows 10&apos;, os.arch: &apos;amd64&apos;, os.version: &apos;10.0&apos;, java.version: &apos;1.8.0_171&apos;
Driver info: org.openqa.selenium.firefox.FirefoxDriver
Capabilities {acceptInsecureCerts: true, browserName: firefox, browserVersion: 60.0.1, javascriptEnabled: true, moz:accessibilityChecks: false, moz:headless: false, moz:processID: 14932, moz:profile: C:\Users\Silpa\AppData\Loca..., moz:useNonSpecCompliantPointerOrigin: false, moz:webdriverClick: true, pageLoadStrategy: normal, platform: XP, platformName: XP, platformVersion: 10.0, rotatable: false, timeouts: {implicit: 0, pageLoad: 300000, script: 30000}}
Session ID: 030aa725-e13b-4616-bf7d-5e78fa0280fb
*** Element info: {Using=xpath, value=//*[@id=&quot;mainmenubutton&quot;]}
	at sun.reflect.NativeConstructorAccessorImpl.newInstance0(Native Method)
	at sun.reflect.NativeConstructorAccessorImpl.newInstance(Unknown Source)
	at sun.reflect.DelegatingConstructorAccessorImpl.newInstance(Unknown Source)
	at java.lang.reflect.Constructor.newInstance(Unknown Source)
	at org.openqa.selenium.remote.http.W3CHttpResponseCodec.createException(W3CHttpResponseCodec.java:187)
	at org.openqa.selenium.remote.http.W3CHttpResponseCodec.decode(W3CHttpResponseCodec.java:122)
	at org.openqa.selenium.remote.http.W3CHttpResponseCodec.decode(W3CHttpResponseCodec.java:49)
	at org.openqa.selenium.remote.HttpCommandExecutor.execute(HttpCommandExecutor.java:164)
	at org.openqa.selenium.remote.service.DriverCommandExecutor.execute(DriverCommandExecutor.java:83)
	at org.openqa.selenium.remote.RemoteWebDriver.execute(RemoteWebDriver.java:600)
	at org.openqa.selenium.remote.RemoteWebDriver.findElement(RemoteWebDriver.java:370)
	at org.openqa.selenium.remote.RemoteWebDriver.findElementByXPath(RemoteWebDriver.java:472)
	at org.openqa.selenium.By$ByXPath.findElement(By.java:361)
	at org.openqa.selenium.remote.RemoteWebDriver.findElement(RemoteWebDriver.java:362)
	at sun.reflect.NativeMethodAccessorImpl.invoke0(Native Method)
	at sun.reflect.NativeMethodAccessorImpl.invoke(Unknown Source)
	at sun.reflect.DelegatingMethodAccessorImpl.invoke(Unknown Source)
	at java.lang.reflect.Method.invoke(Unknown Source)
	at org.openqa.selenium.support.events.EventFiringWebDriver$2.invoke(EventFiringWebDriver.java:109)
	at com.sun.proxy.$Proxy6.findElement(Unknown Source)
	at org.openqa.selenium.support.events.EventFiringWebDriver.findElement(EventFiringWebDriver.java:193)
	at org.openqa.selenium.support.pagefactory.DefaultElementLocator.findElement(DefaultElementLocator.java:69)
	at org.openqa.selenium.support.pagefactory.internal.LocatingElementHandler.invoke(LocatingElementHandler.java:38)
	at com.sun.proxy.$Proxy10.click(Unknown Source)
	at com.qa.appadmin.pages.AppAdminHomePage.clickOnConfigurationLink(AppAdminHomePage.java:57)
	at com.qa.appadmin.testCases.AppAdminAddStudiesPageTest.setup(AppAdminAddStudiesPageTest.java:42)
</failure>
    <system-out>Before navigating to: &apos;http://winsvr.amazecodes.in/CRF3/&apos;
Navigated to:&apos;http://winsvr.amazecodes.in/CRF3/&apos;
Trying to find Element By : By.xpath: //*[@id=&apos;Name&apos;]
Found Element By : By.xpath: //*[@id=&apos;Name&apos;]
Trying to find Element By : By.xpath: //*[@id=&apos;Password&apos;]
Found Element By : By.xpath: //*[@id=&apos;Password&apos;]
Trying to find Element By : By.xpath: /html/body/section/div/div/div[1]/div/div[2]/div[1]/div/form/div[4]
Found Element By : By.xpath: /html/body/section/div/div/div[1]/div/div[2]/div[1]/div/form/div[4]
Trying to click on: [[FirefoxDriver: firefox on XP (030aa725-e13b-4616-bf7d-5e78fa0280fb)] -&gt; xpath: /html/body/section/div/div/div[1]/div/div[2]/div[1]/div/form/div[4]]
Clicked on: [[FirefoxDriver: firefox on XP (030aa725-e13b-4616-bf7d-5e78fa0280fb)] -&gt; xpath: /html/body/section/div/div/div[1]/div/div[2]/div[1]/div/form/div[4]]
Trying to find Element By : By.xpath: //*[@id=&quot;mainmenubutton&quot;]
Exception occured: org.openqa.selenium.NoSuchElementException: Unable to locate element: //*[@id=&quot;mainmenubutton&quot;]
For documentation on this error, please visit: http://seleniumhq.org/exceptions/no_such_element.html
Build info: version: &apos;3.7.1&apos;, revision: &apos;8a0099a&apos;, time: &apos;2017-11-06T21:01:39.354Z&apos;
System info: host: &apos;DESKTOP-8SU807H&apos;, ip: &apos;192.168.10.51&apos;, os.name: &apos;Windows 10&apos;, os.arch: &apos;amd64&apos;, os.version: &apos;10.0&apos;, java.version: &apos;1.8.0_171&apos;
Driver info: org.openqa.selenium.firefox.FirefoxDriver
Capabilities {acceptInsecureCerts: true, browserName: firefox, browserVersion: 60.0.1, javascriptEnabled: true, moz:accessibilityChecks: false, moz:headless: false, moz:processID: 14932, moz:profile: C:\Users\Silpa\AppData\Loca..., moz:useNonSpecCompliantPointerOrigin: false, moz:webdriverClick: true, pageLoadStrategy: normal, platform: XP, platformName: XP, platformVersion: 10.0, rotatable: false, timeouts: {implicit: 0, pageLoad: 300000, script: 30000}}
Session ID: 030aa725-e13b-4616-bf7d-5e78fa0280fb
*** Element info: {Using=xpath, value=//*[@id=&quot;mainmenubutton&quot;]}
</system-out>
    <system-err>1527855945520	geckodriver	INFO	geckodriver 0.19.1
1527855945531	geckodriver	INFO	Listening on 127.0.0.1:12882
1527855945953	mozrunner::runner	INFO	Running command: &quot;C:\\Program Files\\Mozilla Firefox\\firefox.exe&quot; &quot;-marionette&quot; &quot;-profile&quot; &quot;C:\\Users\\Silpa\\AppData\\Local\\Temp\\rust_mozprofile.FDAXOL7hbW2g&quot;
Unable to read VR Path Registry from C:\Users\Silpa\AppData\Local\openvr\openvrpaths.vrpath
Unable to read VR Path Registry from C:\Users\Silpa\AppData\Local\openvr\openvrpaths.vrpath
Unable to read VR Path Registry from C:\Users\Silpa\AppData\Local\openvr\openvrpaths.vrpath
1527855971730	Marionette	INFO	Listening on port 20731
1527855974050	Marionette	WARN	TLS certificate errors will be ignored for this session
Unable to read VR Path Registry from C:\Users\Silpa\AppData\Local\openvr\openvrpaths.vrpath
Unable to read VR Path Registry from C:\Users\Silpa\AppData\Local\openvr\openvrpaths.vrpath
Jun 01, 2018 5:56:27 PM org.openqa.selenium.remote.ProtocolHandshake createSession
INFO: Detected dialect: W3C
Unable to read VR Path Registry from C:\Users\Silpa\AppData\Local\openvr\openvrpaths.vrpath
</system-err>
  </testcase>
  <testcase classname="com.qa.appadmin.testCases.AppAdminAddStudiesPageTest" name="StudiesPageTitleTest" time="0">
    <skipped/>
  </testcase>
  <testcase classname="com.qa.appadmin.testCases.AppAdminAddStudiesPageTest" name="tearDown" time="0.001">
    <skipped/>
  </testcase>
  <testcase classname="com.qa.appadmin.testCases.AppAdminChangePasswordPageTest" name="verifyChangePassword" time="50.246">
    <failure message="Unable to locate element: //*[@id=&quot;dropdownMenu1&quot;]
For documentation on this error, please visit: http://seleniumhq.org/exceptions/no_such_element.html
Build info: version: &apos;3.7.1&apos;, revision: &apos;8a0099a&apos;, time: &apos;2017-11-06T21:01:39.354Z&apos;
System info: host: &apos;DESKTOP-8SU807H&apos;, ip: &apos;192.168.10.51&apos;, os.name: &apos;Windows 10&apos;, os.arch: &apos;amd64&apos;, os.version: &apos;10.0&apos;, java.version: &apos;1.8.0_171&apos;
Driver info: org.openqa.selenium.firefox.FirefoxDriver
Capabilities {acceptInsecureCerts: true, browserName: firefox, browserVersion: 60.0.1, javascriptEnabled: true, moz:accessibilityChecks: false, moz:headless: false, moz:processID: 13992, moz:profile: C:\Users\Silpa\AppData\Loca..., moz:useNonSpecCompliantPointerOrigin: false, moz:webdriverClick: true, pageLoadStrategy: normal, platform: XP, platformName: XP, platformVersion: 10.0, rotatable: false, timeouts: {implicit: 0, pageLoad: 300000, script: 30000}}
Session ID: 643eb9ee-c3f8-45e5-964c-6d2207ce9b8f
*** Element info: {Using=xpath, value=//*[@id=&quot;dropdownMenu1&quot;]}" type="org.openqa.selenium.NoSuchElementException">org.openqa.selenium.NoSuchElementException: Unable to locate element: //*[@id=&quot;dropdownMenu1&quot;]
For documentation on this error, please visit: http://seleniumhq.org/exceptions/no_such_element.html
Build info: version: &apos;3.7.1&apos;, revision: &apos;8a0099a&apos;, time: &apos;2017-11-06T21:01:39.354Z&apos;
System info: host: &apos;DESKTOP-8SU807H&apos;, ip: &apos;192.168.10.51&apos;, os.name: &apos;Windows 10&apos;, os.arch: &apos;amd64&apos;, os.version: &apos;10.0&apos;, java.version: &apos;1.8.0_171&apos;
Driver info: org.openqa.selenium.firefox.FirefoxDriver
Capabilities {acceptInsecureCerts: true, browserName: firefox, browserVersion: 60.0.1, javascriptEnabled: true, moz:accessibilityChecks: false, moz:headless: false, moz:processID: 13992, moz:profile: C:\Users\Silpa\AppData\Loca..., moz:useNonSpecCompliantPointerOrigin: false, moz:webdriverClick: true, pageLoadStrategy: normal, platform: XP, platformName: XP, platformVersion: 10.0, rotatable: false, timeouts: {implicit: 0, pageLoad: 300000, script: 30000}}
Session ID: 643eb9ee-c3f8-45e5-964c-6d2207ce9b8f
*** Element info: {Using=xpath, value=//*[@id=&quot;dropdownMenu1&quot;]}
	at sun.reflect.NativeConstructorAccessorImpl.newInstance0(Native Method)
	at sun.reflect.NativeConstructorAccessorImpl.newInstance(Unknown Source)
	at sun.reflect.DelegatingConstructorAccessorImpl.newInstance(Unknown Source)
	at java.lang.reflect.Constructor.newInstance(Unknown Source)
	at org.openqa.selenium.remote.http.W3CHttpResponseCodec.createException(W3CHttpResponseCodec.java:187)
	at org.openqa.selenium.remote.http.W3CHttpResponseCodec.decode(W3CHttpResponseCodec.java:122)
	at org.openqa.selenium.remote.http.W3CHttpResponseCodec.decode(W3CHttpResponseCodec.java:49)
	at org.openqa.selenium.remote.HttpCommandExecutor.execute(HttpCommandExecutor.java:164)
	at org.openqa.selenium.remote.service.DriverCommandExecutor.execute(DriverCommandExecutor.java:83)
	at org.openqa.selenium.remote.RemoteWebDriver.execute(RemoteWebDriver.java:600)
	at org.openqa.selenium.remote.RemoteWebDriver.findElement(RemoteWebDriver.java:370)
	at org.openqa.selenium.remote.RemoteWebDriver.findElementByXPath(RemoteWebDriver.java:472)
	at org.openqa.selenium.By$ByXPath.findElement(By.java:361)
	at org.openqa.selenium.remote.RemoteWebDriver.findElement(RemoteWebDriver.java:362)
	at sun.reflect.NativeMethodAccessorImpl.invoke0(Native Method)
	at sun.reflect.NativeMethodAccessorImpl.invoke(Unknown Source)
	at sun.reflect.DelegatingMethodAccessorImpl.invoke(Unknown Source)
	at java.lang.reflect.Method.invoke(Unknown Source)
	at org.openqa.selenium.support.events.EventFiringWebDriver$2.invoke(EventFiringWebDriver.java:109)
	at com.sun.proxy.$Proxy6.findElement(Unknown Source)
	at org.openqa.selenium.support.events.EventFiringWebDriver.findElement(EventFiringWebDriver.java:193)
	at org.openqa.selenium.support.pagefactory.DefaultElementLocator.findElement(DefaultElementLocator.java:69)
	at org.openqa.selenium.support.pagefactory.internal.LocatingElementHandler.invoke(LocatingElementHandler.java:38)
	at com.sun.proxy.$Proxy10.click(Unknown Source)
	at com.qa.appadmin.pages.AppAdminHomePage.clickOnChangePasswordLink(AppAdminHomePage.java:74)
	at com.qa.appadmin.testCases.AppAdminChangePasswordPageTest.verifyChangePassword(AppAdminChangePasswordPageTest.java:46)
</failure>
    <system-out>Before navigating to: &apos;http://winsvr.amazecodes.in/CRF3/&apos;
Navigated to:&apos;http://winsvr.amazecodes.in/CRF3/&apos;
Trying to find Element By : By.xpath: //*[@id=&apos;Name&apos;]
Found Element By : By.xpath: //*[@id=&apos;Name&apos;]
Trying to find Element By : By.xpath: //*[@id=&apos;Password&apos;]
Found Element By : By.xpath: //*[@id=&apos;Password&apos;]
Trying to find Element By : By.xpath: /html/body/section/div/div/div[1]/div/div[2]/div[1]/div/form/div[4]
Found Element By : By.xpath: /html/body/section/div/div/div[1]/div/div[2]/div[1]/div/form/div[4]
Trying to click on: [[FirefoxDriver: firefox on XP (643eb9ee-c3f8-45e5-964c-6d2207ce9b8f)] -&gt; xpath: /html/body/section/div/div/div[1]/div/div[2]/div[1]/div/form/div[4]]
Clicked on: [[FirefoxDriver: firefox on XP (643eb9ee-c3f8-45e5-964c-6d2207ce9b8f)] -&gt; xpath: /html/body/section/div/div/div[1]/div/div[2]/div[1]/div/form/div[4]]
Trying to find Element By : By.xpath: //*[@id=&quot;dropdownMenu1&quot;]
Exception occured: org.openqa.selenium.NoSuchElementException: Unable to locate element: //*[@id=&quot;dropdownMenu1&quot;]
For documentation on this error, please visit: http://seleniumhq.org/exceptions/no_such_element.html
Build info: version: &apos;3.7.1&apos;, revision: &apos;8a0099a&apos;, time: &apos;2017-11-06T21:01:39.354Z&apos;
System info: host: &apos;DESKTOP-8SU807H&apos;, ip: &apos;192.168.10.51&apos;, os.name: &apos;Windows 10&apos;, os.arch: &apos;amd64&apos;, os.version: &apos;10.0&apos;, java.version: &apos;1.8.0_171&apos;
Driver info: org.openqa.selenium.firefox.FirefoxDriver
Capabilities {acceptInsecureCerts: true, browserName: firefox, browserVersion: 60.0.1, javascriptEnabled: true, moz:accessibilityChecks: false, moz:headless: false, moz:processID: 13992, moz:profile: C:\Users\Silpa\AppData\Loca..., moz:useNonSpecCompliantPointerOrigin: false, moz:webdriverClick: true, pageLoadStrategy: normal, platform: XP, platformName: XP, platformVersion: 10.0, rotatable: false, timeouts: {implicit: 0, pageLoad: 300000, script: 30000}}
Session ID: 643eb9ee-c3f8-45e5-964c-6d2207ce9b8f
*** Element info: {Using=xpath, value=//*[@id=&quot;dropdownMenu1&quot;]}
</system-out>
    <system-err>1527856043102	geckodriver	INFO	geckodriver 0.19.1
1527856043118	geckodriver	INFO	Listening on 127.0.0.1:33268
1527856043665	mozrunner::runner	INFO	Running command: &quot;C:\\Program Files\\Mozilla Firefox\\firefox.exe&quot; &quot;-marionette&quot; &quot;-profile&quot; &quot;C:\\Users\\Silpa\\AppData\\Local\\Temp\\rust_mozprofile.DEC4wg71eFZJ&quot;
Unable to read VR Path Registry from C:\Users\Silpa\AppData\Local\openvr\openvrpaths.vrpath
Unable to read VR Path Registry from C:\Users\Silpa\AppData\Local\openvr\openvrpaths.vrpath
Unable to read VR Path Registry from C:\Users\Silpa\AppData\Local\openvr\openvrpaths.vrpath
Unable to read VR Path Registry from C:\Users\Silpa\AppData\Local\openvr\openvrpaths.vrpath
1527856054930	Marionette	INFO	Listening on port 20929
1527856055623	Marionette	WARN	TLS certificate errors will be ignored for this session
Jun 01, 2018 5:57:35 PM org.openqa.selenium.remote.ProtocolHandshake createSession
INFO: Detected dialect: W3C
Unable to read VR Path Registry from C:\Users\Silpa\AppData\Local\openvr\openvrpaths.vrpath
</system-err>
  </testcase>
  <testcase classname="com.qa.appadmin.testCases.AppAdminConfigurationPageTest" name="setup" time="112.914">
    <failure message="Unable to locate element: //*[@id=&quot;mainmenubutton&quot;]
For documentation on this error, please visit: http://seleniumhq.org/exceptions/no_such_element.html
Build info: version: &apos;3.7.1&apos;, revision: &apos;8a0099a&apos;, time: &apos;2017-11-06T21:01:39.354Z&apos;
System info: host: &apos;DESKTOP-8SU807H&apos;, ip: &apos;192.168.10.51&apos;, os.name: &apos;Windows 10&apos;, os.arch: &apos;amd64&apos;, os.version: &apos;10.0&apos;, java.version: &apos;1.8.0_171&apos;
Driver info: org.openqa.selenium.firefox.FirefoxDriver
Capabilities {acceptInsecureCerts: true, browserName: firefox, browserVersion: 60.0.1, javascriptEnabled: true, moz:accessibilityChecks: false, moz:headless: false, moz:processID: 1580, moz:profile: C:\Users\Silpa\AppData\Loca..., moz:useNonSpecCompliantPointerOrigin: false, moz:webdriverClick: true, pageLoadStrategy: normal, platform: XP, platformName: XP, platformVersion: 10.0, rotatable: false, timeouts: {implicit: 0, pageLoad: 300000, script: 30000}}
Session ID: 24e8d88f-32fd-49ca-8965-88c0f72e9c8c
*** Element info: {Using=xpath, value=//*[@id=&quot;mainmenubutton&quot;]}" type="org.openqa.selenium.NoSuchElementException">org.openqa.selenium.NoSuchElementException: Unable to locate element: //*[@id=&quot;mainmenubutton&quot;]
For documentation on this error, please visit: http://seleniumhq.org/exceptions/no_such_element.html
Build info: version: &apos;3.7.1&apos;, revision: &apos;8a0099a&apos;, time: &apos;2017-11-06T21:01:39.354Z&apos;
System info: host: &apos;DESKTOP-8SU807H&apos;, ip: &apos;192.168.10.51&apos;, os.name: &apos;Windows 10&apos;, os.arch: &apos;amd64&apos;, os.version: &apos;10.0&apos;, java.version: &apos;1.8.0_171&apos;
Driver info: org.openqa.selenium.firefox.FirefoxDriver
Capabilities {acceptInsecureCerts: true, browserName: firefox, browserVersion: 60.0.1, javascriptEnabled: true, moz:accessibilityChecks: false, moz:headless: false, moz:processID: 1580, moz:profile: C:\Users\Silpa\AppData\Loca..., moz:useNonSpecCompliantPointerOrigin: false, moz:webdriverClick: true, pageLoadStrategy: normal, platform: XP, platformName: XP, platformVersion: 10.0, rotatable: false, timeouts: {implicit: 0, pageLoad: 300000, script: 30000}}
Session ID: 24e8d88f-32fd-49ca-8965-88c0f72e9c8c
*** Element info: {Using=xpath, value=//*[@id=&quot;mainmenubutton&quot;]}
	at sun.reflect.NativeConstructorAccessorImpl.newInstance0(Native Method)
	at sun.reflect.NativeConstructorAccessorImpl.newInstance(Unknown Source)
	at sun.reflect.DelegatingConstructorAccessorImpl.newInstance(Unknown Source)
	at java.lang.reflect.Constructor.newInstance(Unknown Source)
	at org.openqa.selenium.remote.http.W3CHttpResponseCodec.createException(W3CHttpResponseCodec.java:187)
	at org.openqa.selenium.remote.http.W3CHttpResponseCodec.decode(W3CHttpResponseCodec.java:122)
	at org.openqa.selenium.remote.http.W3CHttpResponseCodec.decode(W3CHttpResponseCodec.java:49)
	at org.openqa.selenium.remote.HttpCommandExecutor.execute(HttpCommandExecutor.java:164)
	at org.openqa.selenium.remote.service.DriverCommandExecutor.execute(DriverCommandExecutor.java:83)
	at org.openqa.selenium.remote.RemoteWebDriver.execute(RemoteWebDriver.java:600)
	at org.openqa.selenium.remote.RemoteWebDriver.findElement(RemoteWebDriver.java:370)
	at org.openqa.selenium.remote.RemoteWebDriver.findElementByXPath(RemoteWebDriver.java:472)
	at org.openqa.selenium.By$ByXPath.findElement(By.java:361)
	at org.openqa.selenium.remote.RemoteWebDriver.findElement(RemoteWebDriver.java:362)
	at sun.reflect.GeneratedMethodAccessor4.invoke(Unknown Source)
	at sun.reflect.DelegatingMethodAccessorImpl.invoke(Unknown Source)
	at java.lang.reflect.Method.invoke(Unknown Source)
	at org.openqa.selenium.support.events.EventFiringWebDriver$2.invoke(EventFiringWebDriver.java:109)
	at com.sun.proxy.$Proxy6.findElement(Unknown Source)
	at org.openqa.selenium.support.events.EventFiringWebDriver.findElement(EventFiringWebDriver.java:193)
	at org.openqa.selenium.support.pagefactory.DefaultElementLocator.findElement(DefaultElementLocator.java:69)
	at org.openqa.selenium.support.pagefactory.internal.LocatingElementHandler.invoke(LocatingElementHandler.java:38)
	at com.sun.proxy.$Proxy10.click(Unknown Source)
	at com.qa.appadmin.pages.AppAdminHomePage.clickOnConfigurationLink(AppAdminHomePage.java:57)
	at com.qa.appadmin.testCases.AppAdminConfigurationPageTest.setup(AppAdminConfigurationPageTest.java:41)
</failure>
    <system-out>Before navigating to: &apos;http://winsvr.amazecodes.in/CRF3/&apos;
Navigated to:&apos;http://winsvr.amazecodes.in/CRF3/&apos;
Trying to find Element By : By.xpath: //*[@id=&apos;Name&apos;]
Found Element By : By.xpath: //*[@id=&apos;Name&apos;]
Trying to find Element By : By.xpath: //*[@id=&apos;Password&apos;]
Found Element By : By.xpath: //*[@id=&apos;Password&apos;]
Trying to find Element By : By.xpath: /html/body/section/div/div/div[1]/div/div[2]/div[1]/div/form/div[4]
Found Element By : By.xpath: /html/body/section/div/div/div[1]/div/div[2]/div[1]/div/form/div[4]
Trying to click on: [[FirefoxDriver: firefox on XP (24e8d88f-32fd-49ca-8965-88c0f72e9c8c)] -&gt; xpath: /html/body/section/div/div/div[1]/div/div[2]/div[1]/div/form/div[4]]
Clicked on: [[FirefoxDriver: firefox on XP (24e8d88f-32fd-49ca-8965-88c0f72e9c8c)] -&gt; xpath: /html/body/section/div/div/div[1]/div/div[2]/div[1]/div/form/div[4]]
Trying to find Element By : By.xpath: //*[@id=&quot;mainmenubutton&quot;]
Exception occured: org.openqa.selenium.NoSuchElementException: Unable to locate element: //*[@id=&quot;mainmenubutton&quot;]
For documentation on this error, please visit: http://seleniumhq.org/exceptions/no_such_element.html
Build info: version: &apos;3.7.1&apos;, revision: &apos;8a0099a&apos;, time: &apos;2017-11-06T21:01:39.354Z&apos;
System info: host: &apos;DESKTOP-8SU807H&apos;, ip: &apos;192.168.10.51&apos;, os.name: &apos;Windows 10&apos;, os.arch: &apos;amd64&apos;, os.version: &apos;10.0&apos;, java.version: &apos;1.8.0_171&apos;
Driver info: org.openqa.selenium.firefox.FirefoxDriver
Capabilities {acceptInsecureCerts: true, browserName: firefox, browserVersion: 60.0.1, javascriptEnabled: true, moz:accessibilityChecks: false, moz:headless: false, moz:processID: 1580, moz:profile: C:\Users\Silpa\AppData\Loca..., moz:useNonSpecCompliantPointerOrigin: false, moz:webdriverClick: true, pageLoadStrategy: normal, platform: XP, platformName: XP, platformVersion: 10.0, rotatable: false, timeouts: {implicit: 0, pageLoad: 300000, script: 30000}}
Session ID: 24e8d88f-32fd-49ca-8965-88c0f72e9c8c
*** Element info: {Using=xpath, value=//*[@id=&quot;mainmenubutton&quot;]}
</system-out>
    <system-err>1527856116350	geckodriver	INFO	geckodriver 0.19.1
1527856116359	geckodriver	INFO	Listening on 127.0.0.1:15118
1527856116968	mozrunner::runner	INFO	Running command: &quot;C:\\Program Files\\Mozilla Firefox\\firefox.exe&quot; &quot;-marionette&quot; &quot;-profile&quot; &quot;C:\\Users\\Silpa\\AppData\\Local\\Temp\\rust_mozprofile.nzX0hD041V8y&quot;
Unable to read VR Path Registry from C:\Users\Silpa\AppData\Local\openvr\openvrpaths.vrpath
Unable to read VR Path Registry from C:\Users\Silpa\AppData\Local\openvr\openvrpaths.vrpath
Unable to read VR Path Registry from C:\Users\Silpa\AppData\Local\openvr\openvrpaths.vrpath
Unable to read VR Path Registry from C:\Users\Silpa\AppData\Local\openvr\openvrpaths.vrpath
Unable to read VR Path Registry from C:\Users\Silpa\AppData\Local\openvr\openvrpaths.vrpath
1527856122716	Marionette	INFO	Listening on port 21062
1527856123569	Marionette	WARN	TLS certificate errors will be ignored for this session
Jun 01, 2018 5:58:43 PM org.openqa.selenium.remote.ProtocolHandshake createSession
INFO: Detected dialect: W3C
</system-err>
  </testcase>
  <testcase classname="com.qa.appadmin.testCases.AppAdminConfigurationPageTest" name="ConfigPageTitleTest" time="0">
    <skipped/>
  </testcase>
  <testcase classname="com.qa.appadmin.testCases.AppAdminConfigurationPageTest" name="tearDown" time="0">
    <skipped/>
  </testcase>
  <testcase classname="com.qa.appadmin.testCases.AppAdminDeleteConfirmationPageTest" name="setup" time="84.535">
    <failure message="Unable to locate element: //*[@id=&quot;mainmenubutton&quot;]
For documentation on this error, please visit: http://seleniumhq.org/exceptions/no_such_element.html
Build info: version: &apos;3.7.1&apos;, revision: &apos;8a0099a&apos;, time: &apos;2017-11-06T21:01:39.354Z&apos;
System info: host: &apos;DESKTOP-8SU807H&apos;, ip: &apos;192.168.10.51&apos;, os.name: &apos;Windows 10&apos;, os.arch: &apos;amd64&apos;, os.version: &apos;10.0&apos;, java.version: &apos;1.8.0_171&apos;
Driver info: org.openqa.selenium.firefox.FirefoxDriver
Capabilities {acceptInsecureCerts: true, browserName: firefox, browserVersion: 60.0.1, javascriptEnabled: true, moz:accessibilityChecks: false, moz:headless: false, moz:processID: 11240, moz:profile: C:\Users\Silpa\AppData\Loca..., moz:useNonSpecCompliantPointerOrigin: false, moz:webdriverClick: true, pageLoadStrategy: normal, platform: XP, platformName: XP, platformVersion: 10.0, rotatable: false, timeouts: {implicit: 0, pageLoad: 300000, script: 30000}}
Session ID: fda78473-70bd-447c-8a7b-0f6b69c608fb
*** Element info: {Using=xpath, value=//*[@id=&quot;mainmenubutton&quot;]}" type="org.openqa.selenium.NoSuchElementException">org.openqa.selenium.NoSuchElementException: Unable to locate element: //*[@id=&quot;mainmenubutton&quot;]
For documentation on this error, please visit: http://seleniumhq.org/exceptions/no_such_element.html
Build info: version: &apos;3.7.1&apos;, revision: &apos;8a0099a&apos;, time: &apos;2017-11-06T21:01:39.354Z&apos;
System info: host: &apos;DESKTOP-8SU807H&apos;, ip: &apos;192.168.10.51&apos;, os.name: &apos;Windows 10&apos;, os.arch: &apos;amd64&apos;, os.version: &apos;10.0&apos;, java.version: &apos;1.8.0_171&apos;
Driver info: org.openqa.selenium.firefox.FirefoxDriver
Capabilities {acceptInsecureCerts: true, browserName: firefox, browserVersion: 60.0.1, javascriptEnabled: true, moz:accessibilityChecks: false, moz:headless: false, moz:processID: 11240, moz:profile: C:\Users\Silpa\AppData\Loca..., moz:useNonSpecCompliantPointerOrigin: false, moz:webdriverClick: true, pageLoadStrategy: normal, platform: XP, platformName: XP, platformVersion: 10.0, rotatable: false, timeouts: {implicit: 0, pageLoad: 300000, script: 30000}}
Session ID: fda78473-70bd-447c-8a7b-0f6b69c608fb
*** Element info: {Using=xpath, value=//*[@id=&quot;mainmenubutton&quot;]}
	at sun.reflect.NativeConstructorAccessorImpl.newInstance0(Native Method)
	at sun.reflect.NativeConstructorAccessorImpl.newInstance(Unknown Source)
	at sun.reflect.DelegatingConstructorAccessorImpl.newInstance(Unknown Source)
	at java.lang.reflect.Constructor.newInstance(Unknown Source)
	at org.openqa.selenium.remote.http.W3CHttpResponseCodec.createException(W3CHttpResponseCodec.java:187)
	at org.openqa.selenium.remote.http.W3CHttpResponseCodec.decode(W3CHttpResponseCodec.java:122)
	at org.openqa.selenium.remote.http.W3CHttpResponseCodec.decode(W3CHttpResponseCodec.java:49)
	at org.openqa.selenium.remote.HttpCommandExecutor.execute(HttpCommandExecutor.java:164)
	at org.openqa.selenium.remote.service.DriverCommandExecutor.execute(DriverCommandExecutor.java:83)
	at org.openqa.selenium.remote.RemoteWebDriver.execute(RemoteWebDriver.java:600)
	at org.openqa.selenium.remote.RemoteWebDriver.findElement(RemoteWebDriver.java:370)
	at org.openqa.selenium.remote.RemoteWebDriver.findElementByXPath(RemoteWebDriver.java:472)
	at org.openqa.selenium.By$ByXPath.findElement(By.java:361)
	at org.openqa.selenium.remote.RemoteWebDriver.findElement(RemoteWebDriver.java:362)
	at sun.reflect.GeneratedMethodAccessor4.invoke(Unknown Source)
	at sun.reflect.DelegatingMethodAccessorImpl.invoke(Unknown Source)
	at java.lang.reflect.Method.invoke(Unknown Source)
	at org.openqa.selenium.support.events.EventFiringWebDriver$2.invoke(EventFiringWebDriver.java:109)
	at com.sun.proxy.$Proxy6.findElement(Unknown Source)
	at org.openqa.selenium.support.events.EventFiringWebDriver.findElement(EventFiringWebDriver.java:193)
	at org.openqa.selenium.support.pagefactory.DefaultElementLocator.findElement(DefaultElementLocator.java:69)
	at org.openqa.selenium.support.pagefactory.internal.LocatingElementHandler.invoke(LocatingElementHandler.java:38)
	at com.sun.proxy.$Proxy10.click(Unknown Source)
	at com.qa.appadmin.pages.AppAdminHomePage.clickOnConfigurationLink(AppAdminHomePage.java:57)
	at com.qa.appadmin.testCases.AppAdminDeleteConfirmationPageTest.setup(AppAdminDeleteConfirmationPageTest.java:41)
</failure>
    <system-out>Before navigating to: &apos;http://winsvr.amazecodes.in/CRF3/&apos;
Navigated to:&apos;http://winsvr.amazecodes.in/CRF3/&apos;
Trying to find Element By : By.xpath: //*[@id=&apos;Name&apos;]
Found Element By : By.xpath: //*[@id=&apos;Name&apos;]
Trying to find Element By : By.xpath: //*[@id=&apos;Password&apos;]
Found Element By : By.xpath: //*[@id=&apos;Password&apos;]
Trying to find Element By : By.xpath: /html/body/section/div/div/div[1]/div/div[2]/div[1]/div/form/div[4]
Found Element By : By.xpath: /html/body/section/div/div/div[1]/div/div[2]/div[1]/div/form/div[4]
Trying to click on: [[FirefoxDriver: firefox on XP (fda78473-70bd-447c-8a7b-0f6b69c608fb)] -&gt; xpath: /html/body/section/div/div/div[1]/div/div[2]/div[1]/div/form/div[4]]
Clicked on: [[FirefoxDriver: firefox on XP (fda78473-70bd-447c-8a7b-0f6b69c608fb)] -&gt; xpath: /html/body/section/div/div/div[1]/div/div[2]/div[1]/div/form/div[4]]
Trying to find Element By : By.xpath: //*[@id=&quot;mainmenubutton&quot;]
Exception occured: org.openqa.selenium.NoSuchElementException: Unable to locate element: //*[@id=&quot;mainmenubutton&quot;]
For documentation on this error, please visit: http://seleniumhq.org/exceptions/no_such_element.html
Build info: version: &apos;3.7.1&apos;, revision: &apos;8a0099a&apos;, time: &apos;2017-11-06T21:01:39.354Z&apos;
System info: host: &apos;DESKTOP-8SU807H&apos;, ip: &apos;192.168.10.51&apos;, os.name: &apos;Windows 10&apos;, os.arch: &apos;amd64&apos;, os.version: &apos;10.0&apos;, java.version: &apos;1.8.0_171&apos;
Driver info: org.openqa.selenium.firefox.FirefoxDriver
Capabilities {acceptInsecureCerts: true, browserName: firefox, browserVersion: 60.0.1, javascriptEnabled: true, moz:accessibilityChecks: false, moz:headless: false, moz:processID: 11240, moz:profile: C:\Users\Silpa\AppData\Loca..., moz:useNonSpecCompliantPointerOrigin: false, moz:webdriverClick: true, pageLoadStrategy: normal, platform: XP, platformName: XP, platformVersion: 10.0, rotatable: false, timeouts: {implicit: 0, pageLoad: 300000, script: 30000}}
Session ID: fda78473-70bd-447c-8a7b-0f6b69c608fb
*** Element info: {Using=xpath, value=//*[@id=&quot;mainmenubutton&quot;]}
</system-out>
    <system-err>1527856178638	geckodriver	INFO	geckodriver 0.19.1
1527856178647	geckodriver	INFO	Listening on 127.0.0.1:22730
1527856179294	mozrunner::runner	INFO	Running command: &quot;C:\\Program Files\\Mozilla Firefox\\firefox.exe&quot; &quot;-marionette&quot; &quot;-profile&quot; &quot;C:\\Users\\Silpa\\AppData\\Local\\Temp\\rust_mozprofile.jMeDWHxd0QA7&quot;
Unable to read VR Path Registry from C:\Users\Silpa\AppData\Local\openvr\openvrpaths.vrpath
[GFX1-]: Failed to connect GPU process
[GFX1-]: [D3D11] failed to get compositor device.
[GFX1-]: [D3D11] Failed to init compositor with reason: FEATURE_FAILURE_D3D11_NO_DEVICE
[GFX1-]: [D3D11] failed to get compositor device.
[GFX1-]: [D3D11] Failed to init compositor with reason: FEATURE_FAILURE_D3D11_NO_DEVICE
Unable to read VR Path Registry from C:\Users\Silpa\AppData\Local\openvr\openvrpaths.vrpath
[GFX1-]: Could not get a DXGI adapter
1527856199231	Marionette	INFO	Listening on port 21175
1527856199283	Marionette	WARN	TLS certificate errors will be ignored for this session
[Child 14448, Chrome_ChildThread] WARNING: pipe error: 109: file z:/build/build/src/ipc/chromium/src/chrome/common/ipc_channel_win.cc, line 346
[Child 14448, Chrome_ChildThread] WARNING: pipe error: 109: file z:/build/build/src/ipc/chromium/src/chrome/common/ipc_channel_win.cc, line 346
Unable to read VR Path Registry from C:\Users\Silpa\AppData\Local\openvr\openvrpaths.vrpath
[GFX1-]: Could not get a DXGI adapter
Jun 01, 2018 6:00:08 PM org.openqa.selenium.remote.ProtocolHandshake createSession
INFO: Detected dialect: W3C
Unable to read VR Path Registry from C:\Users\Silpa\AppData\Local\openvr\openvrpaths.vrpath
[GFX1-]: Could not get a DXGI adapter
Unable to read VR Path Registry from C:\Users\Silpa\AppData\Local\openvr\openvrpaths.vrpath
[GFX1-]: Could not get a DXGI adapter
</system-err>
  </testcase>
  <testcase classname="com.qa.appadmin.testCases.AppAdminDeleteConfirmationPageTest" name="DeletePageTitleTest" time="0">
    <skipped/>
  </testcase>
  <testcase classname="com.qa.appadmin.testCases.AppAdminDeleteConfirmationPageTest" name="tearDown" time="0">
    <skipped/>
  </testcase>
  <testcase classname="com.qa.appadmin.testCases.AppAdminEditStudiesPageTest" name="setup" time="92.302">
    <failure message="Unable to locate element: //*[@id=&quot;mainmenubutton&quot;]
For documentation on this error, please visit: http://seleniumhq.org/exceptions/no_such_element.html
Build info: version: &apos;3.7.1&apos;, revision: &apos;8a0099a&apos;, time: &apos;2017-11-06T21:01:39.354Z&apos;
System info: host: &apos;DESKTOP-8SU807H&apos;, ip: &apos;192.168.10.51&apos;, os.name: &apos;Windows 10&apos;, os.arch: &apos;amd64&apos;, os.version: &apos;10.0&apos;, java.version: &apos;1.8.0_171&apos;
Driver info: org.openqa.selenium.firefox.FirefoxDriver
Capabilities {acceptInsecureCerts: true, browserName: firefox, browserVersion: 60.0.1, javascriptEnabled: true, moz:accessibilityChecks: false, moz:headless: false, moz:processID: 15540, moz:profile: C:\Users\Silpa\AppData\Loca..., moz:useNonSpecCompliantPointerOrigin: false, moz:webdriverClick: true, pageLoadStrategy: normal, platform: XP, platformName: XP, platformVersion: 10.0, rotatable: false, timeouts: {implicit: 0, pageLoad: 300000, script: 30000}}
Session ID: 7edca194-fe40-4565-90f9-11db5acc2974
*** Element info: {Using=xpath, value=//*[@id=&quot;mainmenubutton&quot;]}" type="org.openqa.selenium.NoSuchElementException">org.openqa.selenium.NoSuchElementException: Unable to locate element: //*[@id=&quot;mainmenubutton&quot;]
For documentation on this error, please visit: http://seleniumhq.org/exceptions/no_such_element.html
Build info: version: &apos;3.7.1&apos;, revision: &apos;8a0099a&apos;, time: &apos;2017-11-06T21:01:39.354Z&apos;
System info: host: &apos;DESKTOP-8SU807H&apos;, ip: &apos;192.168.10.51&apos;, os.name: &apos;Windows 10&apos;, os.arch: &apos;amd64&apos;, os.version: &apos;10.0&apos;, java.version: &apos;1.8.0_171&apos;
Driver info: org.openqa.selenium.firefox.FirefoxDriver
Capabilities {acceptInsecureCerts: true, browserName: firefox, browserVersion: 60.0.1, javascriptEnabled: true, moz:accessibilityChecks: false, moz:headless: false, moz:processID: 15540, moz:profile: C:\Users\Silpa\AppData\Loca..., moz:useNonSpecCompliantPointerOrigin: false, moz:webdriverClick: true, pageLoadStrategy: normal, platform: XP, platformName: XP, platformVersion: 10.0, rotatable: false, timeouts: {implicit: 0, pageLoad: 300000, script: 30000}}
Session ID: 7edca194-fe40-4565-90f9-11db5acc2974
*** Element info: {Using=xpath, value=//*[@id=&quot;mainmenubutton&quot;]}
	at sun.reflect.NativeConstructorAccessorImpl.newInstance0(Native Method)
	at sun.reflect.NativeConstructorAccessorImpl.newInstance(Unknown Source)
	at sun.reflect.DelegatingConstructorAccessorImpl.newInstance(Unknown Source)
	at java.lang.reflect.Constructor.newInstance(Unknown Source)
	at org.openqa.selenium.remote.http.W3CHttpResponseCodec.createException(W3CHttpResponseCodec.java:187)
	at org.openqa.selenium.remote.http.W3CHttpResponseCodec.decode(W3CHttpResponseCodec.java:122)
	at org.openqa.selenium.remote.http.W3CHttpResponseCodec.decode(W3CHttpResponseCodec.java:49)
	at org.openqa.selenium.remote.HttpCommandExecutor.execute(HttpCommandExecutor.java:164)
	at org.openqa.selenium.remote.service.DriverCommandExecutor.execute(DriverCommandExecutor.java:83)
	at org.openqa.selenium.remote.RemoteWebDriver.execute(RemoteWebDriver.java:600)
	at org.openqa.selenium.remote.RemoteWebDriver.findElement(RemoteWebDriver.java:370)
	at org.openqa.selenium.remote.RemoteWebDriver.findElementByXPath(RemoteWebDriver.java:472)
	at org.openqa.selenium.By$ByXPath.findElement(By.java:361)
	at org.openqa.selenium.remote.RemoteWebDriver.findElement(RemoteWebDriver.java:362)
	at sun.reflect.GeneratedMethodAccessor4.invoke(Unknown Source)
	at sun.reflect.DelegatingMethodAccessorImpl.invoke(Unknown Source)
	at java.lang.reflect.Method.invoke(Unknown Source)
	at org.openqa.selenium.support.events.EventFiringWebDriver$2.invoke(EventFiringWebDriver.java:109)
	at com.sun.proxy.$Proxy6.findElement(Unknown Source)
	at org.openqa.selenium.support.events.EventFiringWebDriver.findElement(EventFiringWebDriver.java:193)
	at org.openqa.selenium.support.pagefactory.DefaultElementLocator.findElement(DefaultElementLocator.java:69)
	at org.openqa.selenium.support.pagefactory.internal.LocatingElementHandler.invoke(LocatingElementHandler.java:38)
	at com.sun.proxy.$Proxy10.click(Unknown Source)
	at com.qa.appadmin.pages.AppAdminHomePage.clickOnConfigurationLink(AppAdminHomePage.java:57)
	at com.qa.appadmin.testCases.AppAdminEditStudiesPageTest.setup(AppAdminEditStudiesPageTest.java:43)
</failure>
    <system-out>Before navigating to: &apos;http://winsvr.amazecodes.in/CRF3/&apos;
Navigated to:&apos;http://winsvr.amazecodes.in/CRF3/&apos;
Trying to find Element By : By.xpath: //*[@id=&apos;Name&apos;]
Found Element By : By.xpath: //*[@id=&apos;Name&apos;]
Trying to find Element By : By.xpath: //*[@id=&apos;Password&apos;]
Found Element By : By.xpath: //*[@id=&apos;Password&apos;]
Trying to find Element By : By.xpath: /html/body/section/div/div/div[1]/div/div[2]/div[1]/div/form/div[4]
Found Element By : By.xpath: /html/body/section/div/div/div[1]/div/div[2]/div[1]/div/form/div[4]
Trying to click on: [[FirefoxDriver: firefox on XP (7edca194-fe40-4565-90f9-11db5acc2974)] -&gt; xpath: /html/body/section/div/div/div[1]/div/div[2]/div[1]/div/form/div[4]]
Clicked on: [[FirefoxDriver: firefox on XP (7edca194-fe40-4565-90f9-11db5acc2974)] -&gt; xpath: /html/body/section/div/div/div[1]/div/div[2]/div[1]/div/form/div[4]]
Trying to find Element By : By.xpath: //*[@id=&quot;mainmenubutton&quot;]
Exception occured: org.openqa.selenium.NoSuchElementException: Unable to locate element: //*[@id=&quot;mainmenubutton&quot;]
For documentation on this error, please visit: http://seleniumhq.org/exceptions/no_such_element.html
Build info: version: &apos;3.7.1&apos;, revision: &apos;8a0099a&apos;, time: &apos;2017-11-06T21:01:39.354Z&apos;
System info: host: &apos;DESKTOP-8SU807H&apos;, ip: &apos;192.168.10.51&apos;, os.name: &apos;Windows 10&apos;, os.arch: &apos;amd64&apos;, os.version: &apos;10.0&apos;, java.version: &apos;1.8.0_171&apos;
Driver info: org.openqa.selenium.firefox.FirefoxDriver
Capabilities {acceptInsecureCerts: true, browserName: firefox, browserVersion: 60.0.1, javascriptEnabled: true, moz:accessibilityChecks: false, moz:headless: false, moz:processID: 15540, moz:profile: C:\Users\Silpa\AppData\Loca..., moz:useNonSpecCompliantPointerOrigin: false, moz:webdriverClick: true, pageLoadStrategy: normal, platform: XP, platformName: XP, platformVersion: 10.0, rotatable: false, timeouts: {implicit: 0, pageLoad: 300000, script: 30000}}
Session ID: 7edca194-fe40-4565-90f9-11db5acc2974
*** Element info: {Using=xpath, value=//*[@id=&quot;mainmenubutton&quot;]}
</system-out>
    <system-err>1527856263337	geckodriver	INFO	geckodriver 0.19.1
1527856263350	geckodriver	INFO	Listening on 127.0.0.1:38525
1527856263883	mozrunner::runner	INFO	Running command: &quot;C:\\Program Files\\Mozilla Firefox\\firefox.exe&quot; &quot;-marionette&quot; &quot;-profile&quot; &quot;C:\\Users\\Silpa\\AppData\\Local\\Temp\\rust_mozprofile.93y6sSSqcvgJ&quot;
Unable to read VR Path Registry from C:\Users\Silpa\AppData\Local\openvr\openvrpaths.vrpath
Unable to read VR Path Registry from C:\Users\Silpa\AppData\Local\openvr\openvrpaths.vrpath
1527856287957	Marionette	INFO	Listening on port 21348
1527856288128	Marionette	WARN	TLS certificate errors will be ignored for this session
Unable to read VR Path Registry from C:\Users\Silpa\AppData\Local\openvr\openvrpaths.vrpath
Jun 01, 2018 6:01:40 PM org.openqa.selenium.remote.ProtocolHandshake createSession
INFO: Detected dialect: W3C
Unable to read VR Path Registry from C:\Users\Silpa\AppData\Local\openvr\openvrpaths.vrpath
</system-err>
  </testcase>
  <testcase classname="com.qa.appadmin.testCases.AppAdminEditStudiesPageTest" name="DeletePageTitleTest" time="0">
    <skipped/>
  </testcase>
  <testcase classname="com.qa.appadmin.testCases.AppAdminEditStudiesPageTest" name="tearDown" time="0">
    <skipped/>
  </testcase>
  <testcase classname="com.qa.appadmin.testCases.AppAdminHomePageTest" name="homePageTitleTest" time="0.008"/>
  <testcase classname="com.qa.appadmin.testCases.AppAdminLoginPageTest" name="loginPageTitleTest" time="0.06"/>
  <testcase classname="com.qa.appadmin.testCases.AppAdminReportDownloadPageTest" name="setup" time="63.418">
    <failure message="Unable to locate element: //*[@id=&quot;mainmenubutton&quot;]
For documentation on this error, please visit: http://seleniumhq.org/exceptions/no_such_element.html
Build info: version: &apos;3.7.1&apos;, revision: &apos;8a0099a&apos;, time: &apos;2017-11-06T21:01:39.354Z&apos;
System info: host: &apos;DESKTOP-8SU807H&apos;, ip: &apos;192.168.10.51&apos;, os.name: &apos;Windows 10&apos;, os.arch: &apos;amd64&apos;, os.version: &apos;10.0&apos;, java.version: &apos;1.8.0_171&apos;
Driver info: org.openqa.selenium.firefox.FirefoxDriver
Capabilities {acceptInsecureCerts: true, browserName: firefox, browserVersion: 60.0.1, javascriptEnabled: true, moz:accessibilityChecks: false, moz:headless: false, moz:processID: 16864, moz:profile: C:\Users\Silpa\AppData\Loca..., moz:useNonSpecCompliantPointerOrigin: false, moz:webdriverClick: true, pageLoadStrategy: normal, platform: XP, platformName: XP, platformVersion: 10.0, rotatable: false, timeouts: {implicit: 0, pageLoad: 300000, script: 30000}}
Session ID: e26d52e4-f6d5-431f-9602-e596305219fa
*** Element info: {Using=xpath, value=//*[@id=&quot;mainmenubutton&quot;]}" type="org.openqa.selenium.NoSuchElementException">org.openqa.selenium.NoSuchElementException: Unable to locate element: //*[@id=&quot;mainmenubutton&quot;]
For documentation on this error, please visit: http://seleniumhq.org/exceptions/no_such_element.html
Build info: version: &apos;3.7.1&apos;, revision: &apos;8a0099a&apos;, time: &apos;2017-11-06T21:01:39.354Z&apos;
System info: host: &apos;DESKTOP-8SU807H&apos;, ip: &apos;192.168.10.51&apos;, os.name: &apos;Windows 10&apos;, os.arch: &apos;amd64&apos;, os.version: &apos;10.0&apos;, java.version: &apos;1.8.0_171&apos;
Driver info: org.openqa.selenium.firefox.FirefoxDriver
Capabilities {acceptInsecureCerts: true, browserName: firefox, browserVersion: 60.0.1, javascriptEnabled: true, moz:accessibilityChecks: false, moz:headless: false, moz:processID: 16864, moz:profile: C:\Users\Silpa\AppData\Loca..., moz:useNonSpecCompliantPointerOrigin: false, moz:webdriverClick: true, pageLoadStrategy: normal, platform: XP, platformName: XP, platformVersion: 10.0, rotatable: false, timeouts: {implicit: 0, pageLoad: 300000, script: 30000}}
Session ID: e26d52e4-f6d5-431f-9602-e596305219fa
*** Element info: {Using=xpath, value=//*[@id=&quot;mainmenubutton&quot;]}
	at sun.reflect.NativeConstructorAccessorImpl.newInstance0(Native Method)
	at sun.reflect.NativeConstructorAccessorImpl.newInstance(Unknown Source)
	at sun.reflect.DelegatingConstructorAccessorImpl.newInstance(Unknown Source)
	at java.lang.reflect.Constructor.newInstance(Unknown Source)
	at org.openqa.selenium.remote.http.W3CHttpResponseCodec.createException(W3CHttpResponseCodec.java:187)
	at org.openqa.selenium.remote.http.W3CHttpResponseCodec.decode(W3CHttpResponseCodec.java:122)
	at org.openqa.selenium.remote.http.W3CHttpResponseCodec.decode(W3CHttpResponseCodec.java:49)
	at org.openqa.selenium.remote.HttpCommandExecutor.execute(HttpCommandExecutor.java:164)
	at org.openqa.selenium.remote.service.DriverCommandExecutor.execute(DriverCommandExecutor.java:83)
	at org.openqa.selenium.remote.RemoteWebDriver.execute(RemoteWebDriver.java:600)
	at org.openqa.selenium.remote.RemoteWebDriver.findElement(RemoteWebDriver.java:370)
	at org.openqa.selenium.remote.RemoteWebDriver.findElementByXPath(RemoteWebDriver.java:472)
	at org.openqa.selenium.By$ByXPath.findElement(By.java:361)
	at org.openqa.selenium.remote.RemoteWebDriver.findElement(RemoteWebDriver.java:362)
	at sun.reflect.GeneratedMethodAccessor4.invoke(Unknown Source)
	at sun.reflect.DelegatingMethodAccessorImpl.invoke(Unknown Source)
	at java.lang.reflect.Method.invoke(Unknown Source)
	at org.openqa.selenium.support.events.EventFiringWebDriver$2.invoke(EventFiringWebDriver.java:109)
	at com.sun.proxy.$Proxy6.findElement(Unknown Source)
	at org.openqa.selenium.support.events.EventFiringWebDriver.findElement(EventFiringWebDriver.java:193)
	at org.openqa.selenium.support.pagefactory.DefaultElementLocator.findElement(DefaultElementLocator.java:69)
	at org.openqa.selenium.support.pagefactory.internal.LocatingElementHandler.invoke(LocatingElementHandler.java:38)
	at com.sun.proxy.$Proxy10.click(Unknown Source)
	at com.qa.appadmin.pages.AppAdminHomePage.clickOnReportsLink(AppAdminHomePage.java:65)
	at com.qa.appadmin.testCases.AppAdminReportDownloadPageTest.setup(AppAdminReportDownloadPageTest.java:38)
</failure>
    <system-out>Before navigating to: &apos;http://winsvr.amazecodes.in/CRF3/&apos;
Navigated to:&apos;http://winsvr.amazecodes.in/CRF3/&apos;
Trying to find Element By : By.xpath: //*[@id=&apos;Name&apos;]
Found Element By : By.xpath: //*[@id=&apos;Name&apos;]
Trying to find Element By : By.xpath: //*[@id=&apos;Password&apos;]
Found Element By : By.xpath: //*[@id=&apos;Password&apos;]
Trying to find Element By : By.xpath: /html/body/section/div/div/div[1]/div/div[2]/div[1]/div/form/div[4]
Found Element By : By.xpath: /html/body/section/div/div/div[1]/div/div[2]/div[1]/div/form/div[4]
Trying to click on: [[FirefoxDriver: firefox on XP (e26d52e4-f6d5-431f-9602-e596305219fa)] -&gt; xpath: /html/body/section/div/div/div[1]/div/div[2]/div[1]/div/form/div[4]]
Clicked on: [[FirefoxDriver: firefox on XP (e26d52e4-f6d5-431f-9602-e596305219fa)] -&gt; xpath: /html/body/section/div/div/div[1]/div/div[2]/div[1]/div/form/div[4]]
Trying to find Element By : By.xpath: //*[@id=&quot;mainmenubutton&quot;]
Exception occured: org.openqa.selenium.NoSuchElementException: Unable to locate element: //*[@id=&quot;mainmenubutton&quot;]
For documentation on this error, please visit: http://seleniumhq.org/exceptions/no_such_element.html
Build info: version: &apos;3.7.1&apos;, revision: &apos;8a0099a&apos;, time: &apos;2017-11-06T21:01:39.354Z&apos;
System info: host: &apos;DESKTOP-8SU807H&apos;, ip: &apos;192.168.10.51&apos;, os.name: &apos;Windows 10&apos;, os.arch: &apos;amd64&apos;, os.version: &apos;10.0&apos;, java.version: &apos;1.8.0_171&apos;
Driver info: org.openqa.selenium.firefox.FirefoxDriver
Capabilities {acceptInsecureCerts: true, browserName: firefox, browserVersion: 60.0.1, javascriptEnabled: true, moz:accessibilityChecks: false, moz:headless: false, moz:processID: 16864, moz:profile: C:\Users\Silpa\AppData\Loca..., moz:useNonSpecCompliantPointerOrigin: false, moz:webdriverClick: true, pageLoadStrategy: normal, platform: XP, platformName: XP, platformVersion: 10.0, rotatable: false, timeouts: {implicit: 0, pageLoad: 300000, script: 30000}}
Session ID: e26d52e4-f6d5-431f-9602-e596305219fa
*** Element info: {Using=xpath, value=//*[@id=&quot;mainmenubutton&quot;]}
</system-out>
    <system-err>1527856405977	geckodriver	INFO	geckodriver 0.19.1
1527856405986	geckodriver	INFO	Listening on 127.0.0.1:29543
1527856406583	mozrunner::runner	INFO	Running command: &quot;C:\\Program Files\\Mozilla Firefox\\firefox.exe&quot; &quot;-marionette&quot; &quot;-profile&quot; &quot;C:\\Users\\Silpa\\AppData\\Local\\Temp\\rust_mozprofile.XjbiaFMgq0Ur&quot;
Unable to read VR Path Registry from C:\Users\Silpa\AppData\Local\openvr\openvrpaths.vrpath
Unable to read VR Path Registry from C:\Users\Silpa\AppData\Local\openvr\openvrpaths.vrpath
Unable to read VR Path Registry from C:\Users\Silpa\AppData\Local\openvr\openvrpaths.vrpath
Unable to read VR Path Registry from C:\Users\Silpa\AppData\Local\openvr\openvrpaths.vrpath
Unable to read VR Path Registry from C:\Users\Silpa\AppData\Local\openvr\openvrpaths.vrpath
1527856412161	Marionette	INFO	Listening on port 21705
1527856412997	Marionette	WARN	TLS certificate errors will be ignored for this session
Jun 01, 2018 6:03:33 PM org.openqa.selenium.remote.ProtocolHandshake createSession
INFO: Detected dialect: W3C
</system-err>
  </testcase>
  <testcase classname="com.qa.appadmin.testCases.AppAdminReportDownloadPageTest" name="reportDownloadPageTitleTest" time="0.001">
    <skipped/>
  </testcase>
  <testcase classname="com.qa.appadmin.testCases.AppAdminReportDownloadPageTest" name="tearDown" time="0.001">
    <skipped/>
  </testcase>
  <testcase classname="com.qa.appadmin.testCases.AppAdminReportPageTest" name="setup" time="77.406">
    <failure message="Unable to locate element: //*[@id=&quot;mainmenubutton&quot;]
For documentation on this error, please visit: http://seleniumhq.org/exceptions/no_such_element.html
Build info: version: &apos;3.7.1&apos;, revision: &apos;8a0099a&apos;, time: &apos;2017-11-06T21:01:39.354Z&apos;
System info: host: &apos;DESKTOP-8SU807H&apos;, ip: &apos;192.168.10.51&apos;, os.name: &apos;Windows 10&apos;, os.arch: &apos;amd64&apos;, os.version: &apos;10.0&apos;, java.version: &apos;1.8.0_171&apos;
Driver info: org.openqa.selenium.firefox.FirefoxDriver
Capabilities {acceptInsecureCerts: true, browserName: firefox, browserVersion: 60.0.1, javascriptEnabled: true, moz:accessibilityChecks: false, moz:headless: false, moz:processID: 17128, moz:profile: C:\Users\Silpa\AppData\Loca..., moz:useNonSpecCompliantPointerOrigin: false, moz:webdriverClick: true, pageLoadStrategy: normal, platform: XP, platformName: XP, platformVersion: 10.0, rotatable: false, timeouts: {implicit: 0, pageLoad: 300000, script: 30000}}
Session ID: 2bd6d6cf-416a-497d-b87c-5439707c8b83
*** Element info: {Using=xpath, value=//*[@id=&quot;mainmenubutton&quot;]}" type="org.openqa.selenium.NoSuchElementException">org.openqa.selenium.NoSuchElementException: Unable to locate element: //*[@id=&quot;mainmenubutton&quot;]
For documentation on this error, please visit: http://seleniumhq.org/exceptions/no_such_element.html
Build info: version: &apos;3.7.1&apos;, revision: &apos;8a0099a&apos;, time: &apos;2017-11-06T21:01:39.354Z&apos;
System info: host: &apos;DESKTOP-8SU807H&apos;, ip: &apos;192.168.10.51&apos;, os.name: &apos;Windows 10&apos;, os.arch: &apos;amd64&apos;, os.version: &apos;10.0&apos;, java.version: &apos;1.8.0_171&apos;
Driver info: org.openqa.selenium.firefox.FirefoxDriver
Capabilities {acceptInsecureCerts: true, browserName: firefox, browserVersion: 60.0.1, javascriptEnabled: true, moz:accessibilityChecks: false, moz:headless: false, moz:processID: 17128, moz:profile: C:\Users\Silpa\AppData\Loca..., moz:useNonSpecCompliantPointerOrigin: false, moz:webdriverClick: true, pageLoadStrategy: normal, platform: XP, platformName: XP, platformVersion: 10.0, rotatable: false, timeouts: {implicit: 0, pageLoad: 300000, script: 30000}}
Session ID: 2bd6d6cf-416a-497d-b87c-5439707c8b83
*** Element info: {Using=xpath, value=//*[@id=&quot;mainmenubutton&quot;]}
	at sun.reflect.NativeConstructorAccessorImpl.newInstance0(Native Method)
	at sun.reflect.NativeConstructorAccessorImpl.newInstance(Unknown Source)
	at sun.reflect.DelegatingConstructorAccessorImpl.newInstance(Unknown Source)
	at java.lang.reflect.Constructor.newInstance(Unknown Source)
	at org.openqa.selenium.remote.http.W3CHttpResponseCodec.createException(W3CHttpResponseCodec.java:187)
	at org.openqa.selenium.remote.http.W3CHttpResponseCodec.decode(W3CHttpResponseCodec.java:122)
	at org.openqa.selenium.remote.http.W3CHttpResponseCodec.decode(W3CHttpResponseCodec.java:49)
	at org.openqa.selenium.remote.HttpCommandExecutor.execute(HttpCommandExecutor.java:164)
	at org.openqa.selenium.remote.service.DriverCommandExecutor.execute(DriverCommandExecutor.java:83)
	at org.openqa.selenium.remote.RemoteWebDriver.execute(RemoteWebDriver.java:600)
	at org.openqa.selenium.remote.RemoteWebDriver.findElement(RemoteWebDriver.java:370)
	at org.openqa.selenium.remote.RemoteWebDriver.findElementByXPath(RemoteWebDriver.java:472)
	at org.openqa.selenium.By$ByXPath.findElement(By.java:361)
	at org.openqa.selenium.remote.RemoteWebDriver.findElement(RemoteWebDriver.java:362)
	at sun.reflect.GeneratedMethodAccessor4.invoke(Unknown Source)
	at sun.reflect.DelegatingMethodAccessorImpl.invoke(Unknown Source)
	at java.lang.reflect.Method.invoke(Unknown Source)
	at org.openqa.selenium.support.events.EventFiringWebDriver$2.invoke(EventFiringWebDriver.java:109)
	at com.sun.proxy.$Proxy6.findElement(Unknown Source)
	at org.openqa.selenium.support.events.EventFiringWebDriver.findElement(EventFiringWebDriver.java:193)
	at org.openqa.selenium.support.pagefactory.DefaultElementLocator.findElement(DefaultElementLocator.java:69)
	at org.openqa.selenium.support.pagefactory.internal.LocatingElementHandler.invoke(LocatingElementHandler.java:38)
	at com.sun.proxy.$Proxy10.click(Unknown Source)
	at com.qa.appadmin.pages.AppAdminHomePage.clickOnReportsLink(AppAdminHomePage.java:65)
	at com.qa.appadmin.testCases.AppAdminReportPageTest.setup(AppAdminReportPageTest.java:36)
</failure>
    <system-out>Before navigating to: &apos;http://winsvr.amazecodes.in/CRF3/&apos;
Navigated to:&apos;http://winsvr.amazecodes.in/CRF3/&apos;
Trying to find Element By : By.xpath: //*[@id=&apos;Name&apos;]
Found Element By : By.xpath: //*[@id=&apos;Name&apos;]
Trying to find Element By : By.xpath: //*[@id=&apos;Password&apos;]
Found Element By : By.xpath: //*[@id=&apos;Password&apos;]
Trying to find Element By : By.xpath: /html/body/section/div/div/div[1]/div/div[2]/div[1]/div/form/div[4]
Found Element By : By.xpath: /html/body/section/div/div/div[1]/div/div[2]/div[1]/div/form/div[4]
Trying to click on: [[FirefoxDriver: firefox on XP (2bd6d6cf-416a-497d-b87c-5439707c8b83)] -&gt; xpath: /html/body/section/div/div/div[1]/div/div[2]/div[1]/div/form/div[4]]
Clicked on: [[FirefoxDriver: firefox on XP (2bd6d6cf-416a-497d-b87c-5439707c8b83)] -&gt; xpath: /html/body/section/div/div/div[1]/div/div[2]/div[1]/div/form/div[4]]
Trying to find Element By : By.xpath: //*[@id=&quot;mainmenubutton&quot;]
Exception occured: org.openqa.selenium.NoSuchElementException: Unable to locate element: //*[@id=&quot;mainmenubutton&quot;]
For documentation on this error, please visit: http://seleniumhq.org/exceptions/no_such_element.html
Build info: version: &apos;3.7.1&apos;, revision: &apos;8a0099a&apos;, time: &apos;2017-11-06T21:01:39.354Z&apos;
System info: host: &apos;DESKTOP-8SU807H&apos;, ip: &apos;192.168.10.51&apos;, os.name: &apos;Windows 10&apos;, os.arch: &apos;amd64&apos;, os.version: &apos;10.0&apos;, java.version: &apos;1.8.0_171&apos;
Driver info: org.openqa.selenium.firefox.FirefoxDriver
Capabilities {acceptInsecureCerts: true, browserName: firefox, browserVersion: 60.0.1, javascriptEnabled: true, moz:accessibilityChecks: false, moz:headless: false, moz:processID: 17128, moz:profile: C:\Users\Silpa\AppData\Loca..., moz:useNonSpecCompliantPointerOrigin: false, moz:webdriverClick: true, pageLoadStrategy: normal, platform: XP, platformName: XP, platformVersion: 10.0, rotatable: false, timeouts: {implicit: 0, pageLoad: 300000, script: 30000}}
Session ID: 2bd6d6cf-416a-497d-b87c-5439707c8b83
*** Element info: {Using=xpath, value=//*[@id=&quot;mainmenubutton&quot;]}
</system-out>
    <system-err>1527856467789	geckodriver	INFO	geckodriver 0.19.1
1527856467799	geckodriver	INFO	Listening on 127.0.0.1:18128
1527856468330	mozrunner::runner	INFO	Running command: &quot;C:\\Program Files\\Mozilla Firefox\\firefox.exe&quot; &quot;-marionette&quot; &quot;-profile&quot; &quot;C:\\Users\\Silpa\\AppData\\Local\\Temp\\rust_mozprofile.YTTHJVFhZ8tC&quot;
Unable to read VR Path Registry from C:\Users\Silpa\AppData\Local\openvr\openvrpaths.vrpath
Unable to read VR Path Registry from C:\Users\Silpa\AppData\Local\openvr\openvrpaths.vrpath
Unable to read VR Path Registry from C:\Users\Silpa\AppData\Local\openvr\openvrpaths.vrpath
1527856478673	Marionette	INFO	Listening on port 21826
1527856478756	Marionette	WARN	TLS certificate errors will be ignored for this session
Unable to read VR Path Registry from C:\Users\Silpa\AppData\Local\openvr\openvrpaths.vrpath
Unable to read VR Path Registry from C:\Users\Silpa\AppData\Local\openvr\openvrpaths.vrpath
Jun 01, 2018 6:04:50 PM org.openqa.selenium.remote.ProtocolHandshake createSession
INFO: Detected dialect: W3C
</system-err>
  </testcase>
  <testcase classname="com.qa.appadmin.testCases.AppAdminReportPageTest" name="homePageTitleTest" time="0">
    <skipped/>
  </testcase>
  <testcase classname="com.qa.appadmin.testCases.AppAdminReportPageTest" name="tearDown" time="0">
    <skipped/>
  </testcase>
  <testcase classname="com.qa.admin.testCases.AdminAddNewUserPageTest" name="setup" time="0">
    <skipped/>
  </testcase>
  <testcase classname="com.qa.admin.testCases.AdminAddNewUserPageTest" name="verifyAddUserPageUserNameTest" time="0">
    <skipped/>
  </testcase>
  <testcase classname="com.qa.admin.testCases.AdminAddNewUserPageTest" name="tearDown" time="0.026">
    <skipped/>
  </testcase>
  <testcase classname="com.qa.admin.testCases.AdminHomePageTest" name="verifyUserNameTest" time="50.485">
    <failure message="Unable to locate element: //*[@id=&quot;dropdownMenu1&quot;]
For documentation on this error, please visit: http://seleniumhq.org/exceptions/no_such_element.html
Build info: version: &apos;3.7.1&apos;, revision: &apos;8a0099a&apos;, time: &apos;2017-11-06T21:01:39.354Z&apos;
System info: host: &apos;DESKTOP-8SU807H&apos;, ip: &apos;192.168.10.51&apos;, os.name: &apos;Windows 10&apos;, os.arch: &apos;amd64&apos;, os.version: &apos;10.0&apos;, java.version: &apos;1.8.0_171&apos;
Driver info: org.openqa.selenium.firefox.FirefoxDriver
Capabilities {acceptInsecureCerts: true, browserName: firefox, browserVersion: 60.0.1, javascriptEnabled: true, moz:accessibilityChecks: false, moz:headless: false, moz:processID: 17776, moz:profile: C:\Users\Silpa\AppData\Loca..., moz:useNonSpecCompliantPointerOrigin: false, moz:webdriverClick: true, pageLoadStrategy: normal, platform: XP, platformName: XP, platformVersion: 10.0, rotatable: false, timeouts: {implicit: 0, pageLoad: 300000, script: 30000}}
Session ID: cad90d71-a61b-40b4-87f1-6ba352e07d8b
*** Element info: {Using=xpath, value=//*[@id=&quot;dropdownMenu1&quot;]}" type="org.openqa.selenium.NoSuchElementException">org.openqa.selenium.NoSuchElementException: Unable to locate element: //*[@id=&quot;dropdownMenu1&quot;]
For documentation on this error, please visit: http://seleniumhq.org/exceptions/no_such_element.html
Build info: version: &apos;3.7.1&apos;, revision: &apos;8a0099a&apos;, time: &apos;2017-11-06T21:01:39.354Z&apos;
System info: host: &apos;DESKTOP-8SU807H&apos;, ip: &apos;192.168.10.51&apos;, os.name: &apos;Windows 10&apos;, os.arch: &apos;amd64&apos;, os.version: &apos;10.0&apos;, java.version: &apos;1.8.0_171&apos;
Driver info: org.openqa.selenium.firefox.FirefoxDriver
Capabilities {acceptInsecureCerts: true, browserName: firefox, browserVersion: 60.0.1, javascriptEnabled: true, moz:accessibilityChecks: false, moz:headless: false, moz:processID: 17776, moz:profile: C:\Users\Silpa\AppData\Loca..., moz:useNonSpecCompliantPointerOrigin: false, moz:webdriverClick: true, pageLoadStrategy: normal, platform: XP, platformName: XP, platformVersion: 10.0, rotatable: false, timeouts: {implicit: 0, pageLoad: 300000, script: 30000}}
Session ID: cad90d71-a61b-40b4-87f1-6ba352e07d8b
*** Element info: {Using=xpath, value=//*[@id=&quot;dropdownMenu1&quot;]}
	at sun.reflect.NativeConstructorAccessorImpl.newInstance0(Native Method)
	at sun.reflect.NativeConstructorAccessorImpl.newInstance(Unknown Source)
	at sun.reflect.DelegatingConstructorAccessorImpl.newInstance(Unknown Source)
	at java.lang.reflect.Constructor.newInstance(Unknown Source)
	at org.openqa.selenium.remote.http.W3CHttpResponseCodec.createException(W3CHttpResponseCodec.java:187)
	at org.openqa.selenium.remote.http.W3CHttpResponseCodec.decode(W3CHttpResponseCodec.java:122)
	at org.openqa.selenium.remote.http.W3CHttpResponseCodec.decode(W3CHttpResponseCodec.java:49)
	at org.openqa.selenium.remote.HttpCommandExecutor.execute(HttpCommandExecutor.java:164)
	at org.openqa.selenium.remote.service.DriverCommandExecutor.execute(DriverCommandExecutor.java:83)
	at org.openqa.selenium.remote.RemoteWebDriver.execute(RemoteWebDriver.java:600)
	at org.openqa.selenium.remote.RemoteWebDriver.findElement(RemoteWebDriver.java:370)
	at org.openqa.selenium.remote.RemoteWebDriver.findElementByXPath(RemoteWebDriver.java:472)
	at org.openqa.selenium.By$ByXPath.findElement(By.java:361)
	at org.openqa.selenium.remote.RemoteWebDriver.findElement(RemoteWebDriver.java:362)
	at sun.reflect.GeneratedMethodAccessor4.invoke(Unknown Source)
	at sun.reflect.DelegatingMethodAccessorImpl.invoke(Unknown Source)
	at java.lang.reflect.Method.invoke(Unknown Source)
	at org.openqa.selenium.support.events.EventFiringWebDriver$2.invoke(EventFiringWebDriver.java:109)
	at com.sun.proxy.$Proxy6.findElement(Unknown Source)
	at org.openqa.selenium.support.events.EventFiringWebDriver.findElement(EventFiringWebDriver.java:193)
	at org.openqa.selenium.support.pagefactory.DefaultElementLocator.findElement(DefaultElementLocator.java:69)
	at org.openqa.selenium.support.pagefactory.internal.LocatingElementHandler.invoke(LocatingElementHandler.java:38)
	at com.sun.proxy.$Proxy10.isDisplayed(Unknown Source)
	at com.qa.admin.pages.AdminHomePage.verifyCorrectUsername(AdminHomePage.java:51)
	at com.qa.admin.testCases.AdminHomePageTest.verifyUserNameTest(AdminHomePageTest.java:48)
</failure>
    <system-out>Before navigating to: &apos;http://winsvr.amazecodes.in/CRF3/&apos;
Navigated to:&apos;http://winsvr.amazecodes.in/CRF3/&apos;
Trying to find Element By : By.xpath: //*[@id=&apos;Name&apos;]
Found Element By : By.xpath: //*[@id=&apos;Name&apos;]
Trying to find Element By : By.xpath: //*[@id=&apos;Password&apos;]
Found Element By : By.xpath: //*[@id=&apos;Password&apos;]
Trying to find Element By : By.xpath: /html/body/section/div/div/div[1]/div/div[2]/div[1]/div/form/div[4]
Found Element By : By.xpath: /html/body/section/div/div/div[1]/div/div[2]/div[1]/div/form/div[4]
Trying to click on: [[FirefoxDriver: firefox on XP (cad90d71-a61b-40b4-87f1-6ba352e07d8b)] -&gt; xpath: /html/body/section/div/div/div[1]/div/div[2]/div[1]/div/form/div[4]]
Clicked on: [[FirefoxDriver: firefox on XP (cad90d71-a61b-40b4-87f1-6ba352e07d8b)] -&gt; xpath: /html/body/section/div/div/div[1]/div/div[2]/div[1]/div/form/div[4]]
Trying to find Element By : By.xpath: //*[@id=&quot;dropdownMenu1&quot;]
Exception occured: org.openqa.selenium.NoSuchElementException: Unable to locate element: //*[@id=&quot;dropdownMenu1&quot;]
For documentation on this error, please visit: http://seleniumhq.org/exceptions/no_such_element.html
Build info: version: &apos;3.7.1&apos;, revision: &apos;8a0099a&apos;, time: &apos;2017-11-06T21:01:39.354Z&apos;
System info: host: &apos;DESKTOP-8SU807H&apos;, ip: &apos;192.168.10.51&apos;, os.name: &apos;Windows 10&apos;, os.arch: &apos;amd64&apos;, os.version: &apos;10.0&apos;, java.version: &apos;1.8.0_171&apos;
Driver info: org.openqa.selenium.firefox.FirefoxDriver
Capabilities {acceptInsecureCerts: true, browserName: firefox, browserVersion: 60.0.1, javascriptEnabled: true, moz:accessibilityChecks: false, moz:headless: false, moz:processID: 17776, moz:profile: C:\Users\Silpa\AppData\Loca..., moz:useNonSpecCompliantPointerOrigin: false, moz:webdriverClick: true, pageLoadStrategy: normal, platform: XP, platformName: XP, platformVersion: 10.0, rotatable: false, timeouts: {implicit: 0, pageLoad: 300000, script: 30000}}
Session ID: cad90d71-a61b-40b4-87f1-6ba352e07d8b
*** Element info: {Using=xpath, value=//*[@id=&quot;dropdownMenu1&quot;]}
</system-out>
    <system-err>1527856545526	geckodriver	INFO	geckodriver 0.19.1
1527856545534	geckodriver	INFO	Listening on 127.0.0.1:8169
1527856546026	mozrunner::runner	INFO	Running command: &quot;C:\\Program Files\\Mozilla Firefox\\firefox.exe&quot; &quot;-marionette&quot; &quot;-profile&quot; &quot;C:\\Users\\Silpa\\AppData\\Local\\Temp\\rust_mozprofile.HTN3K1gIJbt2&quot;
Unable to read VR Path Registry from C:\Users\Silpa\AppData\Local\openvr\openvrpaths.vrpath
Unable to read VR Path Registry from C:\Users\Silpa\AppData\Local\openvr\openvrpaths.vrpath
Unable to read VR Path Registry from C:\Users\Silpa\AppData\Local\openvr\openvrpaths.vrpath
Unable to read VR Path Registry from C:\Users\Silpa\AppData\Local\openvr\openvrpaths.vrpath
1527856600568	Marionette	INFO	Listening on port 22028
1527856601395	Marionette	WARN	TLS certificate errors will be ignored for this session
Jun 01, 2018 6:06:41 PM org.openqa.selenium.remote.ProtocolHandshake createSession
INFO: Detected dialect: W3C
[Parent 17776, Gecko_IOThread] WARNING: pipe error: 109: file z:/build/build/src/ipc/chromium/src/chrome/common/ipc_channel_win.cc, line 346
[Child 13872, Chrome_ChildThread] WARNING: pipe error: 109: file z:/build/build/src/ipc/chromium/src/chrome/common/ipc_channel_win.cc, line 346
[Parent 17776, Gecko_IOThread] WARNING: file z:/build/build/src/ipc/chromium/src/base/process_util_win.cc, line 188
Unable to read VR Path Registry from C:\Users\Silpa\AppData\Local\openvr\openvrpaths.vrpath
Unable to read VR Path Registry from C:\Users\Silpa\AppData\Local\openvr\openvrpaths.vrpath
</system-err>
  </testcase>
  <testcase classname="com.qa.admin.testCases.AdminLoginPageTest" name="norwichLogoTest" time="0.493"/>
  <testcase classname="com.qa.appadmin.testCases.AppAdminAddStudiesPageTest" name="setup" time="0.898">
    <skipped/>
  </testcase>
  <testcase classname="com.qa.appadmin.testCases.AppAdminAddStudiesPageTest" name="verifyUserNameTest" time="0">
    <skipped/>
  </testcase>
  <testcase classname="com.qa.appadmin.testCases.AppAdminAddStudiesPageTest" name="tearDown" time="0">
    <skipped/>
  </testcase>
  <testcase classname="com.qa.appadmin.testCases.AppAdminConfigurationPageTest" name="setup" time="0.001">
    <skipped/>
  </testcase>
  <testcase classname="com.qa.appadmin.testCases.AppAdminConfigurationPageTest" name="verifyUserNameTest" time="0">
    <skipped/>
  </testcase>
  <testcase classname="com.qa.appadmin.testCases.AppAdminConfigurationPageTest" name="tearDown" time="0">
    <skipped/>
  </testcase>
  <testcase classname="com.qa.appadmin.testCases.AppAdminDeleteConfirmationPageTest" name="setup" time="0">
    <skipped/>
  </testcase>
  <testcase classname="com.qa.appadmin.testCases.AppAdminDeleteConfirmationPageTest" name="verifyUserNameTest" time="0">
    <skipped/>
  </testcase>
  <testcase classname="com.qa.appadmin.testCases.AppAdminDeleteConfirmationPageTest" name="tearDown" time="0.001">
    <skipped/>
  </testcase>
  <testcase classname="com.qa.appadmin.testCases.AppAdminEditStudiesPageTest" name="setup" time="0.033">
    <skipped/>
  </testcase>
  <testcase classname="com.qa.appadmin.testCases.AppAdminEditStudiesPageTest" name="verifyUserNameTest" time="0">
    <skipped/>
  </testcase>
  <testcase classname="com.qa.appadmin.testCases.AppAdminEditStudiesPageTest" name="tearDown" time="0">
    <skipped/>
  </testcase>
  <testcase classname="com.qa.appadmin.testCases.AppAdminHomePageTest" name="verifyUserNameTest" time="50.141">
    <failure message="Unable to locate element: //*[@id=&quot;dropdownMenu1&quot;]
For documentation on this error, please visit: http://seleniumhq.org/exceptions/no_such_element.html
Build info: version: &apos;3.7.1&apos;, revision: &apos;8a0099a&apos;, time: &apos;2017-11-06T21:01:39.354Z&apos;
System info: host: &apos;DESKTOP-8SU807H&apos;, ip: &apos;192.168.10.51&apos;, os.name: &apos;Windows 10&apos;, os.arch: &apos;amd64&apos;, os.version: &apos;10.0&apos;, java.version: &apos;1.8.0_171&apos;
Driver info: org.openqa.selenium.firefox.FirefoxDriver
Capabilities {acceptInsecureCerts: true, browserName: firefox, browserVersion: 60.0.1, javascriptEnabled: true, moz:accessibilityChecks: false, moz:headless: false, moz:processID: 17748, moz:profile: C:\Users\Silpa\AppData\Loca..., moz:useNonSpecCompliantPointerOrigin: false, moz:webdriverClick: true, pageLoadStrategy: normal, platform: XP, platformName: XP, platformVersion: 10.0, rotatable: false, timeouts: {implicit: 0, pageLoad: 300000, script: 30000}}
Session ID: 4f994b8d-15dd-40fb-a5e1-648eeb320e01
*** Element info: {Using=xpath, value=//*[@id=&quot;dropdownMenu1&quot;]}" type="org.openqa.selenium.NoSuchElementException">org.openqa.selenium.NoSuchElementException: Unable to locate element: //*[@id=&quot;dropdownMenu1&quot;]
For documentation on this error, please visit: http://seleniumhq.org/exceptions/no_such_element.html
Build info: version: &apos;3.7.1&apos;, revision: &apos;8a0099a&apos;, time: &apos;2017-11-06T21:01:39.354Z&apos;
System info: host: &apos;DESKTOP-8SU807H&apos;, ip: &apos;192.168.10.51&apos;, os.name: &apos;Windows 10&apos;, os.arch: &apos;amd64&apos;, os.version: &apos;10.0&apos;, java.version: &apos;1.8.0_171&apos;
Driver info: org.openqa.selenium.firefox.FirefoxDriver
Capabilities {acceptInsecureCerts: true, browserName: firefox, browserVersion: 60.0.1, javascriptEnabled: true, moz:accessibilityChecks: false, moz:headless: false, moz:processID: 17748, moz:profile: C:\Users\Silpa\AppData\Loca..., moz:useNonSpecCompliantPointerOrigin: false, moz:webdriverClick: true, pageLoadStrategy: normal, platform: XP, platformName: XP, platformVersion: 10.0, rotatable: false, timeouts: {implicit: 0, pageLoad: 300000, script: 30000}}
Session ID: 4f994b8d-15dd-40fb-a5e1-648eeb320e01
*** Element info: {Using=xpath, value=//*[@id=&quot;dropdownMenu1&quot;]}
	at sun.reflect.NativeConstructorAccessorImpl.newInstance0(Native Method)
	at sun.reflect.NativeConstructorAccessorImpl.newInstance(Unknown Source)
	at sun.reflect.DelegatingConstructorAccessorImpl.newInstance(Unknown Source)
	at java.lang.reflect.Constructor.newInstance(Unknown Source)
	at org.openqa.selenium.remote.http.W3CHttpResponseCodec.createException(W3CHttpResponseCodec.java:187)
	at org.openqa.selenium.remote.http.W3CHttpResponseCodec.decode(W3CHttpResponseCodec.java:122)
	at org.openqa.selenium.remote.http.W3CHttpResponseCodec.decode(W3CHttpResponseCodec.java:49)
	at org.openqa.selenium.remote.HttpCommandExecutor.execute(HttpCommandExecutor.java:164)
	at org.openqa.selenium.remote.service.DriverCommandExecutor.execute(DriverCommandExecutor.java:83)
	at org.openqa.selenium.remote.RemoteWebDriver.execute(RemoteWebDriver.java:600)
	at org.openqa.selenium.remote.RemoteWebDriver.findElement(RemoteWebDriver.java:370)
	at org.openqa.selenium.remote.RemoteWebDriver.findElementByXPath(RemoteWebDriver.java:472)
	at org.openqa.selenium.By$ByXPath.findElement(By.java:361)
	at org.openqa.selenium.remote.RemoteWebDriver.findElement(RemoteWebDriver.java:362)
	at sun.reflect.GeneratedMethodAccessor4.invoke(Unknown Source)
	at sun.reflect.DelegatingMethodAccessorImpl.invoke(Unknown Source)
	at java.lang.reflect.Method.invoke(Unknown Source)
	at org.openqa.selenium.support.events.EventFiringWebDriver$2.invoke(EventFiringWebDriver.java:109)
	at com.sun.proxy.$Proxy6.findElement(Unknown Source)
	at org.openqa.selenium.support.events.EventFiringWebDriver.findElement(EventFiringWebDriver.java:193)
	at org.openqa.selenium.support.pagefactory.DefaultElementLocator.findElement(DefaultElementLocator.java:69)
	at org.openqa.selenium.support.pagefactory.internal.LocatingElementHandler.invoke(LocatingElementHandler.java:38)
	at com.sun.proxy.$Proxy10.isDisplayed(Unknown Source)
	at com.qa.appadmin.pages.AppAdminHomePage.verifyCorrectUsername(AppAdminHomePage.java:52)
	at com.qa.appadmin.testCases.AppAdminHomePageTest.verifyUserNameTest(AppAdminHomePageTest.java:53)
</failure>
    <system-out>Before navigating to: &apos;http://winsvr.amazecodes.in/CRF3/&apos;
Navigated to:&apos;http://winsvr.amazecodes.in/CRF3/&apos;
Trying to find Element By : By.xpath: //*[@id=&apos;Name&apos;]
Found Element By : By.xpath: //*[@id=&apos;Name&apos;]
Trying to find Element By : By.xpath: //*[@id=&apos;Password&apos;]
Found Element By : By.xpath: //*[@id=&apos;Password&apos;]
Trying to find Element By : By.xpath: /html/body/section/div/div/div[1]/div/div[2]/div[1]/div/form/div[4]
Found Element By : By.xpath: /html/body/section/div/div/div[1]/div/div[2]/div[1]/div/form/div[4]
Trying to click on: [[FirefoxDriver: firefox on XP (4f994b8d-15dd-40fb-a5e1-648eeb320e01)] -&gt; xpath: /html/body/section/div/div/div[1]/div/div[2]/div[1]/div/form/div[4]]
Clicked on: [[FirefoxDriver: firefox on XP (4f994b8d-15dd-40fb-a5e1-648eeb320e01)] -&gt; xpath: /html/body/section/div/div/div[1]/div/div[2]/div[1]/div/form/div[4]]
Trying to find Element By : By.xpath: //*[@id=&quot;dropdownMenu1&quot;]
Exception occured: org.openqa.selenium.NoSuchElementException: Unable to locate element: //*[@id=&quot;dropdownMenu1&quot;]
For documentation on this error, please visit: http://seleniumhq.org/exceptions/no_such_element.html
Build info: version: &apos;3.7.1&apos;, revision: &apos;8a0099a&apos;, time: &apos;2017-11-06T21:01:39.354Z&apos;
System info: host: &apos;DESKTOP-8SU807H&apos;, ip: &apos;192.168.10.51&apos;, os.name: &apos;Windows 10&apos;, os.arch: &apos;amd64&apos;, os.version: &apos;10.0&apos;, java.version: &apos;1.8.0_171&apos;
Driver info: org.openqa.selenium.firefox.FirefoxDriver
Capabilities {acceptInsecureCerts: true, browserName: firefox, browserVersion: 60.0.1, javascriptEnabled: true, moz:accessibilityChecks: false, moz:headless: false, moz:processID: 17748, moz:profile: C:\Users\Silpa\AppData\Loca..., moz:useNonSpecCompliantPointerOrigin: false, moz:webdriverClick: true, pageLoadStrategy: normal, platform: XP, platformName: XP, platformVersion: 10.0, rotatable: false, timeouts: {implicit: 0, pageLoad: 300000, script: 30000}}
Session ID: 4f994b8d-15dd-40fb-a5e1-648eeb320e01
*** Element info: {Using=xpath, value=//*[@id=&quot;dropdownMenu1&quot;]}
</system-out>
    <system-err>1527856684456	geckodriver	INFO	geckodriver 0.19.1
1527856684464	geckodriver	INFO	Listening on 127.0.0.1:45892
1527856685032	mozrunner::runner	INFO	Running command: &quot;C:\\Program Files\\Mozilla Firefox\\firefox.exe&quot; &quot;-marionette&quot; &quot;-profile&quot; &quot;C:\\Users\\Silpa\\AppData\\Local\\Temp\\rust_mozprofile.OPH2A7IHHfon&quot;
Unable to read VR Path Registry from C:\Users\Silpa\AppData\Local\openvr\openvrpaths.vrpath
Unable to read VR Path Registry from C:\Users\Silpa\AppData\Local\openvr\openvrpaths.vrpath
Unable to read VR Path Registry from C:\Users\Silpa\AppData\Local\openvr\openvrpaths.vrpath
Unable to read VR Path Registry from C:\Users\Silpa\AppData\Local\openvr\openvrpaths.vrpath
Unable to read VR Path Registry from C:\Users\Silpa\AppData\Local\openvr\openvrpaths.vrpath
1527856689287	Marionette	INFO	Listening on port 22349
1527856690253	Marionette	WARN	TLS certificate errors will be ignored for this session
Jun 01, 2018 6:08:10 PM org.openqa.selenium.remote.ProtocolHandshake createSession
INFO: Detected dialect: W3C
</system-err>
  </testcase>
  <testcase classname="com.qa.appadmin.testCases.AppAdminLoginPageTest" name="norwichLogoTest" time="0.305"/>
  <testcase classname="com.qa.appadmin.testCases.AppAdminReportDownloadPageTest" name="setup" time="0.909">
    <skipped/>
  </testcase>
  <testcase classname="com.qa.appadmin.testCases.AppAdminReportDownloadPageTest" name="verifyUserNameTest" time="0">
    <skipped/>
  </testcase>
  <testcase classname="com.qa.appadmin.testCases.AppAdminReportDownloadPageTest" name="tearDown" time="0.001">
    <skipped/>
  </testcase>
  <testcase classname="com.qa.appadmin.testCases.AppAdminReportPageTest" name="setup" time="0.001">
    <skipped/>
  </testcase>
  <testcase classname="com.qa.appadmin.testCases.AppAdminReportPageTest" name="verifyUserNameTest" time="0">
    <skipped/>
  </testcase>
  <testcase classname="com.qa.appadmin.testCases.AppAdminReportPageTest" name="tearDown" time="0">
    <skipped/>
  </testcase>
  <testcase classname="com.qa.admin.testCases.AdminAddNewUserPageTest" name="setup" time="9.225">
    <skipped/>
  </testcase>
  <testcase classname="com.qa.admin.testCases.AdminAddNewUserPageTest" name="verifyAddNewUsers" time="0">
    <skipped/>
  </testcase>
  <testcase classname="com.qa.admin.testCases.AdminAddNewUserPageTest" name="tearDown" time="0.001">
    <skipped/>
  </testcase>
  <testcase classname="com.qa.admin.testCases.AdminAddNewUserPageTest" name="setup" time="0.001">
    <skipped/>
  </testcase>
  <testcase classname="com.qa.admin.testCases.AdminAddNewUserPageTest" name="verifyAddNewUsers" time="0">
    <skipped/>
  </testcase>
  <testcase classname="com.qa.admin.testCases.AdminAddNewUserPageTest" name="tearDown" time="0.001">
    <skipped/>
  </testcase>
  <testcase classname="com.qa.admin.testCases.AdminAddNewUserPageTest" name="setup" time="0.001">
    <skipped/>
  </testcase>
  <testcase classname="com.qa.admin.testCases.AdminAddNewUserPageTest" name="verifyAddNewUsers" time="0">
    <skipped/>
  </testcase>
  <testcase classname="com.qa.admin.testCases.AdminAddNewUserPageTest" name="tearDown" time="0">
    <skipped/>
  </testcase>
  <testcase classname="com.qa.admin.testCases.AdminAddNewUserPageTest" name="setup" time="0.001">
    <skipped/>
  </testcase>
  <testcase classname="com.qa.admin.testCases.AdminAddNewUserPageTest" name="verifyAddNewUsers" time="0">
    <skipped/>
  </testcase>
  <testcase classname="com.qa.admin.testCases.AdminAddNewUserPageTest" name="tearDown" time="0">
    <skipped/>
  </testcase>
  <testcase classname="com.qa.admin.testCases.AdminAddNewUserPageTest" name="setup" time="0.001">
    <skipped/>
  </testcase>
  <testcase classname="com.qa.admin.testCases.AdminAddNewUserPageTest" name="verifyAddNewUsers" time="0">
    <skipped/>
  </testcase>
  <testcase classname="com.qa.admin.testCases.AdminAddNewUserPageTest" name="tearDown" time="0">
    <skipped/>
  </testcase>
  <testcase classname="com.qa.admin.testCases.AdminHomePageTest" name="AddNewUserTest" time="50.277">
    <failure message="Unable to locate element: //*[@id=&quot;mainmenubutton&quot;]
For documentation on this error, please visit: http://seleniumhq.org/exceptions/no_such_element.html
Build info: version: &apos;3.7.1&apos;, revision: &apos;8a0099a&apos;, time: &apos;2017-11-06T21:01:39.354Z&apos;
System info: host: &apos;DESKTOP-8SU807H&apos;, ip: &apos;192.168.10.51&apos;, os.name: &apos;Windows 10&apos;, os.arch: &apos;amd64&apos;, os.version: &apos;10.0&apos;, java.version: &apos;1.8.0_171&apos;
Driver info: org.openqa.selenium.firefox.FirefoxDriver
Capabilities {acceptInsecureCerts: true, browserName: firefox, browserVersion: 60.0.1, javascriptEnabled: true, moz:accessibilityChecks: false, moz:headless: false, moz:processID: 16480, moz:profile: C:\Users\Silpa\AppData\Loca..., moz:useNonSpecCompliantPointerOrigin: false, moz:webdriverClick: true, pageLoadStrategy: normal, platform: XP, platformName: XP, platformVersion: 10.0, rotatable: false, timeouts: {implicit: 0, pageLoad: 300000, script: 30000}}
Session ID: b173ff00-bfda-46fa-8f1b-574df145534f
*** Element info: {Using=xpath, value=//*[@id=&quot;mainmenubutton&quot;]}" type="org.openqa.selenium.NoSuchElementException">org.openqa.selenium.NoSuchElementException: Unable to locate element: //*[@id=&quot;mainmenubutton&quot;]
For documentation on this error, please visit: http://seleniumhq.org/exceptions/no_such_element.html
Build info: version: &apos;3.7.1&apos;, revision: &apos;8a0099a&apos;, time: &apos;2017-11-06T21:01:39.354Z&apos;
System info: host: &apos;DESKTOP-8SU807H&apos;, ip: &apos;192.168.10.51&apos;, os.name: &apos;Windows 10&apos;, os.arch: &apos;amd64&apos;, os.version: &apos;10.0&apos;, java.version: &apos;1.8.0_171&apos;
Driver info: org.openqa.selenium.firefox.FirefoxDriver
Capabilities {acceptInsecureCerts: true, browserName: firefox, browserVersion: 60.0.1, javascriptEnabled: true, moz:accessibilityChecks: false, moz:headless: false, moz:processID: 16480, moz:profile: C:\Users\Silpa\AppData\Loca..., moz:useNonSpecCompliantPointerOrigin: false, moz:webdriverClick: true, pageLoadStrategy: normal, platform: XP, platformName: XP, platformVersion: 10.0, rotatable: false, timeouts: {implicit: 0, pageLoad: 300000, script: 30000}}
Session ID: b173ff00-bfda-46fa-8f1b-574df145534f
*** Element info: {Using=xpath, value=//*[@id=&quot;mainmenubutton&quot;]}
	at sun.reflect.NativeConstructorAccessorImpl.newInstance0(Native Method)
	at sun.reflect.NativeConstructorAccessorImpl.newInstance(Unknown Source)
	at sun.reflect.DelegatingConstructorAccessorImpl.newInstance(Unknown Source)
	at java.lang.reflect.Constructor.newInstance(Unknown Source)
	at org.openqa.selenium.remote.http.W3CHttpResponseCodec.createException(W3CHttpResponseCodec.java:187)
	at org.openqa.selenium.remote.http.W3CHttpResponseCodec.decode(W3CHttpResponseCodec.java:122)
	at org.openqa.selenium.remote.http.W3CHttpResponseCodec.decode(W3CHttpResponseCodec.java:49)
	at org.openqa.selenium.remote.HttpCommandExecutor.execute(HttpCommandExecutor.java:164)
	at org.openqa.selenium.remote.service.DriverCommandExecutor.execute(DriverCommandExecutor.java:83)
	at org.openqa.selenium.remote.RemoteWebDriver.execute(RemoteWebDriver.java:600)
	at org.openqa.selenium.remote.RemoteWebDriver.findElement(RemoteWebDriver.java:370)
	at org.openqa.selenium.remote.RemoteWebDriver.findElementByXPath(RemoteWebDriver.java:472)
	at org.openqa.selenium.By$ByXPath.findElement(By.java:361)
	at org.openqa.selenium.remote.RemoteWebDriver.findElement(RemoteWebDriver.java:362)
	at sun.reflect.GeneratedMethodAccessor4.invoke(Unknown Source)
	at sun.reflect.DelegatingMethodAccessorImpl.invoke(Unknown Source)
	at java.lang.reflect.Method.invoke(Unknown Source)
	at org.openqa.selenium.support.events.EventFiringWebDriver$2.invoke(EventFiringWebDriver.java:109)
	at com.sun.proxy.$Proxy6.findElement(Unknown Source)
	at org.openqa.selenium.support.events.EventFiringWebDriver.findElement(EventFiringWebDriver.java:193)
	at org.openqa.selenium.support.pagefactory.DefaultElementLocator.findElement(DefaultElementLocator.java:69)
	at org.openqa.selenium.support.pagefactory.internal.LocatingElementHandler.invoke(LocatingElementHandler.java:38)
	at com.sun.proxy.$Proxy10.click(Unknown Source)
	at com.qa.admin.pages.AdminHomePage.clickOnAddNewUserLink(AdminHomePage.java:56)
	at com.qa.admin.testCases.AdminHomePageTest.AddNewUserTest(AdminHomePageTest.java:53)
</failure>
    <system-out>Before navigating to: &apos;http://winsvr.amazecodes.in/CRF3/&apos;
Navigated to:&apos;http://winsvr.amazecodes.in/CRF3/&apos;
Trying to find Element By : By.xpath: //*[@id=&apos;Name&apos;]
Found Element By : By.xpath: //*[@id=&apos;Name&apos;]
Trying to find Element By : By.xpath: //*[@id=&apos;Password&apos;]
Found Element By : By.xpath: //*[@id=&apos;Password&apos;]
Trying to find Element By : By.xpath: /html/body/section/div/div/div[1]/div/div[2]/div[1]/div/form/div[4]
Found Element By : By.xpath: /html/body/section/div/div/div[1]/div/div[2]/div[1]/div/form/div[4]
Trying to click on: [[FirefoxDriver: firefox on XP (b173ff00-bfda-46fa-8f1b-574df145534f)] -&gt; xpath: /html/body/section/div/div/div[1]/div/div[2]/div[1]/div/form/div[4]]
Clicked on: [[FirefoxDriver: firefox on XP (b173ff00-bfda-46fa-8f1b-574df145534f)] -&gt; xpath: /html/body/section/div/div/div[1]/div/div[2]/div[1]/div/form/div[4]]
Trying to find Element By : By.xpath: //*[@id=&quot;mainmenubutton&quot;]
Exception occured: org.openqa.selenium.NoSuchElementException: Unable to locate element: //*[@id=&quot;mainmenubutton&quot;]
For documentation on this error, please visit: http://seleniumhq.org/exceptions/no_such_element.html
Build info: version: &apos;3.7.1&apos;, revision: &apos;8a0099a&apos;, time: &apos;2017-11-06T21:01:39.354Z&apos;
System info: host: &apos;DESKTOP-8SU807H&apos;, ip: &apos;192.168.10.51&apos;, os.name: &apos;Windows 10&apos;, os.arch: &apos;amd64&apos;, os.version: &apos;10.0&apos;, java.version: &apos;1.8.0_171&apos;
Driver info: org.openqa.selenium.firefox.FirefoxDriver
Capabilities {acceptInsecureCerts: true, browserName: firefox, browserVersion: 60.0.1, javascriptEnabled: true, moz:accessibilityChecks: false, moz:headless: false, moz:processID: 16480, moz:profile: C:\Users\Silpa\AppData\Loca..., moz:useNonSpecCompliantPointerOrigin: false, moz:webdriverClick: true, pageLoadStrategy: normal, platform: XP, platformName: XP, platformVersion: 10.0, rotatable: false, timeouts: {implicit: 0, pageLoad: 300000, script: 30000}}
Session ID: b173ff00-bfda-46fa-8f1b-574df145534f
*** Element info: {Using=xpath, value=//*[@id=&quot;mainmenubutton&quot;]}
</system-out>
    <system-err>1527856766142	geckodriver	INFO	geckodriver 0.19.1
1527856766154	geckodriver	INFO	Listening on 127.0.0.1:21690
1527856766710	mozrunner::runner	INFO	Running command: &quot;C:\\Program Files\\Mozilla Firefox\\firefox.exe&quot; &quot;-marionette&quot; &quot;-profile&quot; &quot;C:\\Users\\Silpa\\AppData\\Local\\Temp\\rust_mozprofile.GHBRmEM9dt3o&quot;
Unable to read VR Path Registry from C:\Users\Silpa\AppData\Local\openvr\openvrpaths.vrpath
Unable to read VR Path Registry from C:\Users\Silpa\AppData\Local\openvr\openvrpaths.vrpath
Unable to read VR Path Registry from C:\Users\Silpa\AppData\Local\openvr\openvrpaths.vrpath
Unable to read VR Path Registry from C:\Users\Silpa\AppData\Local\openvr\openvrpaths.vrpath
Unable to read VR Path Registry from C:\Users\Silpa\AppData\Local\openvr\openvrpaths.vrpath
1527856774931	Marionette	INFO	Listening on port 22536
1527856775261	Marionette	WARN	TLS certificate errors will be ignored for this session
Jun 01, 2018 6:09:35 PM org.openqa.selenium.remote.ProtocolHandshake createSession
INFO: Detected dialect: W3C
</system-err>
  </testcase>
  <testcase classname="com.qa.admin.testCases.AdminLoginPageTest" name="loginTest" time="3.34"/>
  <testcase classname="com.qa.appadmin.testCases.AppAdminAddStudiesPageTest" name="setup" time="3.924">
    <skipped/>
  </testcase>
  <testcase classname="com.qa.appadmin.testCases.AppAdminAddStudiesPageTest" name="verifySubmitButtonTest" time="0">
    <skipped/>
  </testcase>
  <testcase classname="com.qa.appadmin.testCases.AppAdminAddStudiesPageTest" name="tearDown" time="0">
    <skipped/>
  </testcase>
  <testcase classname="com.qa.appadmin.testCases.AppAdminAddStudiesPageTest" name="setup" time="0">
    <skipped/>
  </testcase>
  <testcase classname="com.qa.appadmin.testCases.AppAdminAddStudiesPageTest" name="verifySubmitButtonTest" time="0">
    <skipped/>
  </testcase>
  <testcase classname="com.qa.appadmin.testCases.AppAdminAddStudiesPageTest" name="tearDown" time="0">
    <skipped/>
  </testcase>
  <testcase classname="com.qa.appadmin.testCases.AppAdminAddStudiesPageTest" name="setup" time="0.001">
    <skipped/>
  </testcase>
  <testcase classname="com.qa.appadmin.testCases.AppAdminAddStudiesPageTest" name="verifySubmitButtonTest" time="0">
    <skipped/>
  </testcase>
  <testcase classname="com.qa.appadmin.testCases.AppAdminAddStudiesPageTest" name="tearDown" time="0">
    <skipped/>
  </testcase>
  <testcase classname="com.qa.appadmin.testCases.AppAdminAddStudiesPageTest" name="setup" time="0">
    <skipped/>
  </testcase>
  <testcase classname="com.qa.appadmin.testCases.AppAdminAddStudiesPageTest" name="verifySubmitButtonTest" time="0">
    <skipped/>
  </testcase>
  <testcase classname="com.qa.appadmin.testCases.AppAdminAddStudiesPageTest" name="tearDown" time="0">
    <skipped/>
  </testcase>
  <testcase classname="com.qa.appadmin.testCases.AppAdminConfigurationPageTest" name="setup" time="0.001">
    <skipped/>
  </testcase>
  <testcase classname="com.qa.appadmin.testCases.AppAdminConfigurationPageTest" name="verifyClickOnViewLink" time="0">
    <skipped/>
  </testcase>
  <testcase classname="com.qa.appadmin.testCases.AppAdminConfigurationPageTest" name="tearDown" time="0">
    <skipped/>
  </testcase>
  <testcase classname="com.qa.appadmin.testCases.AppAdminDeleteConfirmationPageTest" name="setup" time="0">
    <skipped/>
  </testcase>
  <testcase classname="com.qa.appadmin.testCases.AppAdminDeleteConfirmationPageTest" name="verifyDeleteButton" time="0">
    <skipped/>
  </testcase>
  <testcase classname="com.qa.appadmin.testCases.AppAdminDeleteConfirmationPageTest" name="tearDown" time="0">
    <skipped/>
  </testcase>
  <testcase classname="com.qa.appadmin.testCases.AppAdminEditStudiesPageTest" name="setup" time="0">
    <skipped/>
  </testcase>
  <testcase classname="com.qa.appadmin.testCases.AppAdminEditStudiesPageTest" name="verifyCRFReadyButton" time="0">
    <skipped/>
  </testcase>
  <testcase classname="com.qa.appadmin.testCases.AppAdminEditStudiesPageTest" name="tearDown" time="0.001">
    <skipped/>
  </testcase>
  <testcase classname="com.qa.appadmin.testCases.AppAdminEditStudiesPageTest" name="setup" time="0.001">
    <skipped/>
  </testcase>
  <testcase classname="com.qa.appadmin.testCases.AppAdminEditStudiesPageTest" name="verifyCancelButton" time="0">
    <skipped/>
  </testcase>
  <testcase classname="com.qa.appadmin.testCases.AppAdminEditStudiesPageTest" name="tearDown" time="0">
    <skipped/>
  </testcase>
  <testcase classname="com.qa.appadmin.testCases.AppAdminEditStudiesPageTest" name="setup" time="0">
    <skipped/>
  </testcase>
  <testcase classname="com.qa.appadmin.testCases.AppAdminEditStudiesPageTest" name="verifyPreviewButton" time="0">
    <skipped/>
  </testcase>
  <testcase classname="com.qa.appadmin.testCases.AppAdminEditStudiesPageTest" name="tearDown" time="0">
    <skipped/>
  </testcase>
  <testcase classname="com.qa.appadmin.testCases.AppAdminEditStudiesPageTest" name="setup" time="0">
    <skipped/>
  </testcase>
  <testcase classname="com.qa.appadmin.testCases.AppAdminEditStudiesPageTest" name="verifyUpdateButton" time="0">
    <skipped/>
  </testcase>
  <testcase classname="com.qa.appadmin.testCases.AppAdminEditStudiesPageTest" name="tearDown" time="0">
    <skipped/>
  </testcase>
  <testcase classname="com.qa.appadmin.testCases.AppAdminHomePageTest" name="ConfigurationTest" time="50.11">
    <failure message="Unable to locate element: //*[@id=&quot;mainmenubutton&quot;]
For documentation on this error, please visit: http://seleniumhq.org/exceptions/no_such_element.html
Build info: version: &apos;3.7.1&apos;, revision: &apos;8a0099a&apos;, time: &apos;2017-11-06T21:01:39.354Z&apos;
System info: host: &apos;DESKTOP-8SU807H&apos;, ip: &apos;192.168.10.51&apos;, os.name: &apos;Windows 10&apos;, os.arch: &apos;amd64&apos;, os.version: &apos;10.0&apos;, java.version: &apos;1.8.0_171&apos;
Driver info: org.openqa.selenium.firefox.FirefoxDriver
Capabilities {acceptInsecureCerts: true, browserName: firefox, browserVersion: 60.0.1, javascriptEnabled: true, moz:accessibilityChecks: false, moz:headless: false, moz:processID: 18804, moz:profile: C:\Users\Silpa\AppData\Loca..., moz:useNonSpecCompliantPointerOrigin: false, moz:webdriverClick: true, pageLoadStrategy: normal, platform: XP, platformName: XP, platformVersion: 10.0, rotatable: false, timeouts: {implicit: 0, pageLoad: 300000, script: 30000}}
Session ID: 676aa954-4e2c-44df-8e57-7947f1276046
*** Element info: {Using=xpath, value=//*[@id=&quot;mainmenubutton&quot;]}" type="org.openqa.selenium.NoSuchElementException">org.openqa.selenium.NoSuchElementException: Unable to locate element: //*[@id=&quot;mainmenubutton&quot;]
For documentation on this error, please visit: http://seleniumhq.org/exceptions/no_such_element.html
Build info: version: &apos;3.7.1&apos;, revision: &apos;8a0099a&apos;, time: &apos;2017-11-06T21:01:39.354Z&apos;
System info: host: &apos;DESKTOP-8SU807H&apos;, ip: &apos;192.168.10.51&apos;, os.name: &apos;Windows 10&apos;, os.arch: &apos;amd64&apos;, os.version: &apos;10.0&apos;, java.version: &apos;1.8.0_171&apos;
Driver info: org.openqa.selenium.firefox.FirefoxDriver
Capabilities {acceptInsecureCerts: true, browserName: firefox, browserVersion: 60.0.1, javascriptEnabled: true, moz:accessibilityChecks: false, moz:headless: false, moz:processID: 18804, moz:profile: C:\Users\Silpa\AppData\Loca..., moz:useNonSpecCompliantPointerOrigin: false, moz:webdriverClick: true, pageLoadStrategy: normal, platform: XP, platformName: XP, platformVersion: 10.0, rotatable: false, timeouts: {implicit: 0, pageLoad: 300000, script: 30000}}
Session ID: 676aa954-4e2c-44df-8e57-7947f1276046
*** Element info: {Using=xpath, value=//*[@id=&quot;mainmenubutton&quot;]}
	at sun.reflect.NativeConstructorAccessorImpl.newInstance0(Native Method)
	at sun.reflect.NativeConstructorAccessorImpl.newInstance(Unknown Source)
	at sun.reflect.DelegatingConstructorAccessorImpl.newInstance(Unknown Source)
	at java.lang.reflect.Constructor.newInstance(Unknown Source)
	at org.openqa.selenium.remote.http.W3CHttpResponseCodec.createException(W3CHttpResponseCodec.java:187)
	at org.openqa.selenium.remote.http.W3CHttpResponseCodec.decode(W3CHttpResponseCodec.java:122)
	at org.openqa.selenium.remote.http.W3CHttpResponseCodec.decode(W3CHttpResponseCodec.java:49)
	at org.openqa.selenium.remote.HttpCommandExecutor.execute(HttpCommandExecutor.java:164)
	at org.openqa.selenium.remote.service.DriverCommandExecutor.execute(DriverCommandExecutor.java:83)
	at org.openqa.selenium.remote.RemoteWebDriver.execute(RemoteWebDriver.java:600)
	at org.openqa.selenium.remote.RemoteWebDriver.findElement(RemoteWebDriver.java:370)
	at org.openqa.selenium.remote.RemoteWebDriver.findElementByXPath(RemoteWebDriver.java:472)
	at org.openqa.selenium.By$ByXPath.findElement(By.java:361)
	at org.openqa.selenium.remote.RemoteWebDriver.findElement(RemoteWebDriver.java:362)
	at sun.reflect.GeneratedMethodAccessor4.invoke(Unknown Source)
	at sun.reflect.DelegatingMethodAccessorImpl.invoke(Unknown Source)
	at java.lang.reflect.Method.invoke(Unknown Source)
	at org.openqa.selenium.support.events.EventFiringWebDriver$2.invoke(EventFiringWebDriver.java:109)
	at com.sun.proxy.$Proxy6.findElement(Unknown Source)
	at org.openqa.selenium.support.events.EventFiringWebDriver.findElement(EventFiringWebDriver.java:193)
	at org.openqa.selenium.support.pagefactory.DefaultElementLocator.findElement(DefaultElementLocator.java:69)
	at org.openqa.selenium.support.pagefactory.internal.LocatingElementHandler.invoke(LocatingElementHandler.java:38)
	at com.sun.proxy.$Proxy10.click(Unknown Source)
	at com.qa.appadmin.pages.AppAdminHomePage.clickOnConfigurationLink(AppAdminHomePage.java:57)
	at com.qa.appadmin.testCases.AppAdminHomePageTest.ConfigurationTest(AppAdminHomePageTest.java:58)
</failure>
    <system-out>Before navigating to: &apos;http://winsvr.amazecodes.in/CRF3/&apos;
Navigated to:&apos;http://winsvr.amazecodes.in/CRF3/&apos;
Trying to find Element By : By.xpath: //*[@id=&apos;Name&apos;]
Found Element By : By.xpath: //*[@id=&apos;Name&apos;]
Trying to find Element By : By.xpath: //*[@id=&apos;Password&apos;]
Found Element By : By.xpath: //*[@id=&apos;Password&apos;]
Trying to find Element By : By.xpath: /html/body/section/div/div/div[1]/div/div[2]/div[1]/div/form/div[4]
Found Element By : By.xpath: /html/body/section/div/div/div[1]/div/div[2]/div[1]/div/form/div[4]
Trying to click on: [[FirefoxDriver: firefox on XP (676aa954-4e2c-44df-8e57-7947f1276046)] -&gt; xpath: /html/body/section/div/div/div[1]/div/div[2]/div[1]/div/form/div[4]]
Clicked on: [[FirefoxDriver: firefox on XP (676aa954-4e2c-44df-8e57-7947f1276046)] -&gt; xpath: /html/body/section/div/div/div[1]/div/div[2]/div[1]/div/form/div[4]]
Trying to find Element By : By.xpath: //*[@id=&quot;mainmenubutton&quot;]
Exception occured: org.openqa.selenium.NoSuchElementException: Unable to locate element: //*[@id=&quot;mainmenubutton&quot;]
For documentation on this error, please visit: http://seleniumhq.org/exceptions/no_such_element.html
Build info: version: &apos;3.7.1&apos;, revision: &apos;8a0099a&apos;, time: &apos;2017-11-06T21:01:39.354Z&apos;
System info: host: &apos;DESKTOP-8SU807H&apos;, ip: &apos;192.168.10.51&apos;, os.name: &apos;Windows 10&apos;, os.arch: &apos;amd64&apos;, os.version: &apos;10.0&apos;, java.version: &apos;1.8.0_171&apos;
Driver info: org.openqa.selenium.firefox.FirefoxDriver
Capabilities {acceptInsecureCerts: true, browserName: firefox, browserVersion: 60.0.1, javascriptEnabled: true, moz:accessibilityChecks: false, moz:headless: false, moz:processID: 18804, moz:profile: C:\Users\Silpa\AppData\Loca..., moz:useNonSpecCompliantPointerOrigin: false, moz:webdriverClick: true, pageLoadStrategy: normal, platform: XP, platformName: XP, platformVersion: 10.0, rotatable: false, timeouts: {implicit: 0, pageLoad: 300000, script: 30000}}
Session ID: 676aa954-4e2c-44df-8e57-7947f1276046
*** Element info: {Using=xpath, value=//*[@id=&quot;mainmenubutton&quot;]}
</system-out>
    <system-err>1527856857673	geckodriver	INFO	geckodriver 0.19.1
1527856857681	geckodriver	INFO	Listening on 127.0.0.1:34969
1527856858239	mozrunner::runner	INFO	Running command: &quot;C:\\Program Files\\Mozilla Firefox\\firefox.exe&quot; &quot;-marionette&quot; &quot;-profile&quot; &quot;C:\\Users\\Silpa\\AppData\\Local\\Temp\\rust_mozprofile.TWaCWMfvdvwj&quot;
Unable to read VR Path Registry from C:\Users\Silpa\AppData\Local\openvr\openvrpaths.vrpath
Unable to read VR Path Registry from C:\Users\Silpa\AppData\Local\openvr\openvrpaths.vrpath
Unable to read VR Path Registry from C:\Users\Silpa\AppData\Local\openvr\openvrpaths.vrpath
Unable to read VR Path Registry from C:\Users\Silpa\AppData\Local\openvr\openvrpaths.vrpath
1527856865175	Marionette	INFO	Listening on port 22713
1527856866393	Marionette	WARN	TLS certificate errors will be ignored for this session
Jun 01, 2018 6:11:06 PM org.openqa.selenium.remote.ProtocolHandshake createSession
INFO: Detected dialect: W3C
Unable to read VR Path Registry from C:\Users\Silpa\AppData\Local\openvr\openvrpaths.vrpath
</system-err>
  </testcase>
  <testcase classname="com.qa.appadmin.testCases.AppAdminLoginPageTest" name="loginTest" time="0.813"/>
  <testcase classname="com.qa.appadmin.testCases.AppAdminReportDownloadPageTest" name="setup" time="1.207">
    <skipped/>
  </testcase>
  <testcase classname="com.qa.appadmin.testCases.AppAdminReportDownloadPageTest" name="verifyDownloadLink" time="0">
    <skipped/>
  </testcase>
  <testcase classname="com.qa.appadmin.testCases.AppAdminReportDownloadPageTest" name="tearDown" time="0.001">
    <skipped/>
  </testcase>
  <testcase classname="com.qa.appadmin.testCases.AppAdminReportPageTest" name="setup" time="0.068">
    <skipped/>
  </testcase>
  <testcase classname="com.qa.appadmin.testCases.AppAdminReportPageTest" name="verifyReportPage" time="0">
    <skipped/>
  </testcase>
  <testcase classname="com.qa.appadmin.testCases.AppAdminReportPageTest" name="tearDown" time="0">
    <skipped/>
  </testcase>
  <testcase classname="com.qa.appadmin.testCases.AppAdminReportPageTest" name="setup" time="0">
    <skipped/>
  </testcase>
  <testcase classname="com.qa.appadmin.testCases.AppAdminReportPageTest" name="verifyReportPage" time="0">
    <skipped/>
  </testcase>
  <testcase classname="com.qa.appadmin.testCases.AppAdminReportPageTest" name="tearDown" time="0">
    <skipped/>
  </testcase>
  <testcase classname="com.qa.appadmin.testCases.AppAdminReportPageTest" name="setup" time="0">
    <skipped/>
  </testcase>
  <testcase classname="com.qa.appadmin.testCases.AppAdminReportPageTest" name="verifyReportPage" time="0">
    <skipped/>
  </testcase>
  <testcase classname="com.qa.appadmin.testCases.AppAdminReportPageTest" name="tearDown" time="0">
    <skipped/>
  </testcase>
  <testcase classname="com.qa.appadmin.testCases.AppAdminReportPageTest" name="setup" time="0">
    <skipped/>
  </testcase>
  <testcase classname="com.qa.appadmin.testCases.AppAdminReportPageTest" name="verifyReportPage" time="0">
    <skipped/>
  </testcase>
  <testcase classname="com.qa.appadmin.testCases.AppAdminReportPageTest" name="tearDown" time="0">
    <skipped/>
  </testcase>
  <testcase classname="com.qa.appadmin.testCases.AppAdminReportPageTest" name="setup" time="0">
    <skipped/>
  </testcase>
  <testcase classname="com.qa.appadmin.testCases.AppAdminReportPageTest" name="verifyReportPage" time="0">
    <skipped/>
  </testcase>
  <testcase classname="com.qa.appadmin.testCases.AppAdminReportPageTest" name="tearDown" time="0.001">
    <skipped/>
  </testcase>
  <testcase classname="com.qa.appadmin.testCases.AppAdminReportPageTest" name="setup" time="0.001">
    <skipped/>
  </testcase>
  <testcase classname="com.qa.appadmin.testCases.AppAdminReportPageTest" name="verifyReportPage" time="0">
    <skipped/>
  </testcase>
  <testcase classname="com.qa.appadmin.testCases.AppAdminReportPageTest" name="tearDown" time="0">
    <skipped/>
  </testcase>
  <testcase classname="com.qa.appadmin.testCases.AppAdminReportPageTest" name="setup" time="0.001">
    <skipped/>
  </testcase>
  <testcase classname="com.qa.appadmin.testCases.AppAdminReportPageTest" name="verifyReportPage" time="0">
    <skipped/>
  </testcase>
  <testcase classname="com.qa.appadmin.testCases.AppAdminReportPageTest" name="tearDown" time="0">
    <skipped/>
  </testcase>
  <testcase classname="com.qa.admin.testCases.AdminHomePageTest" name="ListUserTest" time="50.507">
    <failure message="Unable to locate element: //*[@id=&quot;mainmenubutton&quot;]
For documentation on this error, please visit: http://seleniumhq.org/exceptions/no_such_element.html
Build info: version: &apos;3.7.1&apos;, revision: &apos;8a0099a&apos;, time: &apos;2017-11-06T21:01:39.354Z&apos;
System info: host: &apos;DESKTOP-8SU807H&apos;, ip: &apos;192.168.10.51&apos;, os.name: &apos;Windows 10&apos;, os.arch: &apos;amd64&apos;, os.version: &apos;10.0&apos;, java.version: &apos;1.8.0_171&apos;
Driver info: org.openqa.selenium.firefox.FirefoxDriver
Capabilities {acceptInsecureCerts: true, browserName: firefox, browserVersion: 60.0.1, javascriptEnabled: true, moz:accessibilityChecks: false, moz:headless: false, moz:processID: 18000, moz:profile: C:\Users\Silpa\AppData\Loca..., moz:useNonSpecCompliantPointerOrigin: false, moz:webdriverClick: true, pageLoadStrategy: normal, platform: XP, platformName: XP, platformVersion: 10.0, rotatable: false, timeouts: {implicit: 0, pageLoad: 300000, script: 30000}}
Session ID: 4e6e148c-7529-4e6c-abd6-3b7fde4041ef
*** Element info: {Using=xpath, value=//*[@id=&quot;mainmenubutton&quot;]}" type="org.openqa.selenium.NoSuchElementException">org.openqa.selenium.NoSuchElementException: Unable to locate element: //*[@id=&quot;mainmenubutton&quot;]
For documentation on this error, please visit: http://seleniumhq.org/exceptions/no_such_element.html
Build info: version: &apos;3.7.1&apos;, revision: &apos;8a0099a&apos;, time: &apos;2017-11-06T21:01:39.354Z&apos;
System info: host: &apos;DESKTOP-8SU807H&apos;, ip: &apos;192.168.10.51&apos;, os.name: &apos;Windows 10&apos;, os.arch: &apos;amd64&apos;, os.version: &apos;10.0&apos;, java.version: &apos;1.8.0_171&apos;
Driver info: org.openqa.selenium.firefox.FirefoxDriver
Capabilities {acceptInsecureCerts: true, browserName: firefox, browserVersion: 60.0.1, javascriptEnabled: true, moz:accessibilityChecks: false, moz:headless: false, moz:processID: 18000, moz:profile: C:\Users\Silpa\AppData\Loca..., moz:useNonSpecCompliantPointerOrigin: false, moz:webdriverClick: true, pageLoadStrategy: normal, platform: XP, platformName: XP, platformVersion: 10.0, rotatable: false, timeouts: {implicit: 0, pageLoad: 300000, script: 30000}}
Session ID: 4e6e148c-7529-4e6c-abd6-3b7fde4041ef
*** Element info: {Using=xpath, value=//*[@id=&quot;mainmenubutton&quot;]}
	at sun.reflect.NativeConstructorAccessorImpl.newInstance0(Native Method)
	at sun.reflect.NativeConstructorAccessorImpl.newInstance(Unknown Source)
	at sun.reflect.DelegatingConstructorAccessorImpl.newInstance(Unknown Source)
	at java.lang.reflect.Constructor.newInstance(Unknown Source)
	at org.openqa.selenium.remote.http.W3CHttpResponseCodec.createException(W3CHttpResponseCodec.java:187)
	at org.openqa.selenium.remote.http.W3CHttpResponseCodec.decode(W3CHttpResponseCodec.java:122)
	at org.openqa.selenium.remote.http.W3CHttpResponseCodec.decode(W3CHttpResponseCodec.java:49)
	at org.openqa.selenium.remote.HttpCommandExecutor.execute(HttpCommandExecutor.java:164)
	at org.openqa.selenium.remote.service.DriverCommandExecutor.execute(DriverCommandExecutor.java:83)
	at org.openqa.selenium.remote.RemoteWebDriver.execute(RemoteWebDriver.java:600)
	at org.openqa.selenium.remote.RemoteWebDriver.findElement(RemoteWebDriver.java:370)
	at org.openqa.selenium.remote.RemoteWebDriver.findElementByXPath(RemoteWebDriver.java:472)
	at org.openqa.selenium.By$ByXPath.findElement(By.java:361)
	at org.openqa.selenium.remote.RemoteWebDriver.findElement(RemoteWebDriver.java:362)
	at sun.reflect.GeneratedMethodAccessor4.invoke(Unknown Source)
	at sun.reflect.DelegatingMethodAccessorImpl.invoke(Unknown Source)
	at java.lang.reflect.Method.invoke(Unknown Source)
	at org.openqa.selenium.support.events.EventFiringWebDriver$2.invoke(EventFiringWebDriver.java:109)
	at com.sun.proxy.$Proxy6.findElement(Unknown Source)
	at org.openqa.selenium.support.events.EventFiringWebDriver.findElement(EventFiringWebDriver.java:193)
	at org.openqa.selenium.support.pagefactory.DefaultElementLocator.findElement(DefaultElementLocator.java:69)
	at org.openqa.selenium.support.pagefactory.internal.LocatingElementHandler.invoke(LocatingElementHandler.java:38)
	at com.sun.proxy.$Proxy10.click(Unknown Source)
	at com.qa.admin.pages.AdminHomePage.clickOnListUserLink(AdminHomePage.java:64)
	at com.qa.admin.testCases.AdminHomePageTest.ListUserTest(AdminHomePageTest.java:57)
</failure>
    <system-out>Before navigating to: &apos;http://winsvr.amazecodes.in/CRF3/&apos;
Navigated to:&apos;http://winsvr.amazecodes.in/CRF3/&apos;
Trying to find Element By : By.xpath: //*[@id=&apos;Name&apos;]
Found Element By : By.xpath: //*[@id=&apos;Name&apos;]
Trying to find Element By : By.xpath: //*[@id=&apos;Password&apos;]
Found Element By : By.xpath: //*[@id=&apos;Password&apos;]
Trying to find Element By : By.xpath: /html/body/section/div/div/div[1]/div/div[2]/div[1]/div/form/div[4]
Found Element By : By.xpath: /html/body/section/div/div/div[1]/div/div[2]/div[1]/div/form/div[4]
Trying to click on: [[FirefoxDriver: firefox on XP (4e6e148c-7529-4e6c-abd6-3b7fde4041ef)] -&gt; xpath: /html/body/section/div/div/div[1]/div/div[2]/div[1]/div/form/div[4]]
Clicked on: [[FirefoxDriver: firefox on XP (4e6e148c-7529-4e6c-abd6-3b7fde4041ef)] -&gt; xpath: /html/body/section/div/div/div[1]/div/div[2]/div[1]/div/form/div[4]]
Trying to find Element By : By.xpath: //*[@id=&quot;mainmenubutton&quot;]
Exception occured: org.openqa.selenium.NoSuchElementException: Unable to locate element: //*[@id=&quot;mainmenubutton&quot;]
For documentation on this error, please visit: http://seleniumhq.org/exceptions/no_such_element.html
Build info: version: &apos;3.7.1&apos;, revision: &apos;8a0099a&apos;, time: &apos;2017-11-06T21:01:39.354Z&apos;
System info: host: &apos;DESKTOP-8SU807H&apos;, ip: &apos;192.168.10.51&apos;, os.name: &apos;Windows 10&apos;, os.arch: &apos;amd64&apos;, os.version: &apos;10.0&apos;, java.version: &apos;1.8.0_171&apos;
Driver info: org.openqa.selenium.firefox.FirefoxDriver
Capabilities {acceptInsecureCerts: true, browserName: firefox, browserVersion: 60.0.1, javascriptEnabled: true, moz:accessibilityChecks: false, moz:headless: false, moz:processID: 18000, moz:profile: C:\Users\Silpa\AppData\Loca..., moz:useNonSpecCompliantPointerOrigin: false, moz:webdriverClick: true, pageLoadStrategy: normal, platform: XP, platformName: XP, platformVersion: 10.0, rotatable: false, timeouts: {implicit: 0, pageLoad: 300000, script: 30000}}
Session ID: 4e6e148c-7529-4e6c-abd6-3b7fde4041ef
*** Element info: {Using=xpath, value=//*[@id=&quot;mainmenubutton&quot;]}
</system-out>
    <system-err>1527856935977	geckodriver	INFO	geckodriver 0.19.1
1527856935985	geckodriver	INFO	Listening on 127.0.0.1:31434
1527856936551	mozrunner::runner	INFO	Running command: &quot;C:\\Program Files\\Mozilla Firefox\\firefox.exe&quot; &quot;-marionette&quot; &quot;-profile&quot; &quot;C:\\Users\\Silpa\\AppData\\Local\\Temp\\rust_mozprofile.bJVhtLW4wimD&quot;
Unable to read VR Path Registry from C:\Users\Silpa\AppData\Local\openvr\openvrpaths.vrpath
Unable to read VR Path Registry from C:\Users\Silpa\AppData\Local\openvr\openvrpaths.vrpath
Unable to read VR Path Registry from C:\Users\Silpa\AppData\Local\openvr\openvrpaths.vrpath
Unable to read VR Path Registry from C:\Users\Silpa\AppData\Local\openvr\openvrpaths.vrpath
Unable to read VR Path Registry from C:\Users\Silpa\AppData\Local\openvr\openvrpaths.vrpath
1527856942139	Marionette	INFO	Listening on port 22855
1527856942742	Marionette	WARN	TLS certificate errors will be ignored for this session
Jun 01, 2018 6:12:22 PM org.openqa.selenium.remote.ProtocolHandshake createSession
INFO: Detected dialect: W3C
</system-err>
  </testcase>
  <testcase classname="com.qa.appadmin.testCases.AppAdminConfigurationPageTest" name="setup" time="51.395">
    <skipped/>
  </testcase>
  <testcase classname="com.qa.appadmin.testCases.AppAdminConfigurationPageTest" name="verifyClickOnConfigLink" time="0">
    <skipped/>
  </testcase>
  <testcase classname="com.qa.appadmin.testCases.AppAdminConfigurationPageTest" name="tearDown" time="0">
    <skipped/>
  </testcase>
  <testcase classname="com.qa.appadmin.testCases.AppAdminDeleteConfirmationPageTest" name="setup" time="0.05">
    <skipped/>
  </testcase>
  <testcase classname="com.qa.appadmin.testCases.AppAdminDeleteConfirmationPageTest" name="verifyCancelButton" time="0">
    <skipped/>
  </testcase>
  <testcase classname="com.qa.appadmin.testCases.AppAdminDeleteConfirmationPageTest" name="tearDown" time="0">
    <skipped/>
  </testcase>
  <testcase classname="com.qa.appadmin.testCases.AppAdminHomePageTest" name="ReportsTest" time="50.169">
    <failure message="Unable to locate element: //*[@id=&quot;mainmenubutton&quot;]
For documentation on this error, please visit: http://seleniumhq.org/exceptions/no_such_element.html
Build info: version: &apos;3.7.1&apos;, revision: &apos;8a0099a&apos;, time: &apos;2017-11-06T21:01:39.354Z&apos;
System info: host: &apos;DESKTOP-8SU807H&apos;, ip: &apos;192.168.10.51&apos;, os.name: &apos;Windows 10&apos;, os.arch: &apos;amd64&apos;, os.version: &apos;10.0&apos;, java.version: &apos;1.8.0_171&apos;
Driver info: org.openqa.selenium.firefox.FirefoxDriver
Capabilities {acceptInsecureCerts: true, browserName: firefox, browserVersion: 60.0.1, javascriptEnabled: true, moz:accessibilityChecks: false, moz:headless: false, moz:processID: 1976, moz:profile: C:\Users\Silpa\AppData\Loca..., moz:useNonSpecCompliantPointerOrigin: false, moz:webdriverClick: true, pageLoadStrategy: normal, platform: XP, platformName: XP, platformVersion: 10.0, rotatable: false, timeouts: {implicit: 0, pageLoad: 300000, script: 30000}}
Session ID: 939b01eb-f519-401a-9185-13815b54c952
*** Element info: {Using=xpath, value=//*[@id=&quot;mainmenubutton&quot;]}" type="org.openqa.selenium.NoSuchElementException">org.openqa.selenium.NoSuchElementException: Unable to locate element: //*[@id=&quot;mainmenubutton&quot;]
For documentation on this error, please visit: http://seleniumhq.org/exceptions/no_such_element.html
Build info: version: &apos;3.7.1&apos;, revision: &apos;8a0099a&apos;, time: &apos;2017-11-06T21:01:39.354Z&apos;
System info: host: &apos;DESKTOP-8SU807H&apos;, ip: &apos;192.168.10.51&apos;, os.name: &apos;Windows 10&apos;, os.arch: &apos;amd64&apos;, os.version: &apos;10.0&apos;, java.version: &apos;1.8.0_171&apos;
Driver info: org.openqa.selenium.firefox.FirefoxDriver
Capabilities {acceptInsecureCerts: true, browserName: firefox, browserVersion: 60.0.1, javascriptEnabled: true, moz:accessibilityChecks: false, moz:headless: false, moz:processID: 1976, moz:profile: C:\Users\Silpa\AppData\Loca..., moz:useNonSpecCompliantPointerOrigin: false, moz:webdriverClick: true, pageLoadStrategy: normal, platform: XP, platformName: XP, platformVersion: 10.0, rotatable: false, timeouts: {implicit: 0, pageLoad: 300000, script: 30000}}
Session ID: 939b01eb-f519-401a-9185-13815b54c952
*** Element info: {Using=xpath, value=//*[@id=&quot;mainmenubutton&quot;]}
	at sun.reflect.NativeConstructorAccessorImpl.newInstance0(Native Method)
	at sun.reflect.NativeConstructorAccessorImpl.newInstance(Unknown Source)
	at sun.reflect.DelegatingConstructorAccessorImpl.newInstance(Unknown Source)
	at java.lang.reflect.Constructor.newInstance(Unknown Source)
	at org.openqa.selenium.remote.http.W3CHttpResponseCodec.createException(W3CHttpResponseCodec.java:187)
	at org.openqa.selenium.remote.http.W3CHttpResponseCodec.decode(W3CHttpResponseCodec.java:122)
	at org.openqa.selenium.remote.http.W3CHttpResponseCodec.decode(W3CHttpResponseCodec.java:49)
	at org.openqa.selenium.remote.HttpCommandExecutor.execute(HttpCommandExecutor.java:164)
	at org.openqa.selenium.remote.service.DriverCommandExecutor.execute(DriverCommandExecutor.java:83)
	at org.openqa.selenium.remote.RemoteWebDriver.execute(RemoteWebDriver.java:600)
	at org.openqa.selenium.remote.RemoteWebDriver.findElement(RemoteWebDriver.java:370)
	at org.openqa.selenium.remote.RemoteWebDriver.findElementByXPath(RemoteWebDriver.java:472)
	at org.openqa.selenium.By$ByXPath.findElement(By.java:361)
	at org.openqa.selenium.remote.RemoteWebDriver.findElement(RemoteWebDriver.java:362)
	at sun.reflect.GeneratedMethodAccessor4.invoke(Unknown Source)
	at sun.reflect.DelegatingMethodAccessorImpl.invoke(Unknown Source)
	at java.lang.reflect.Method.invoke(Unknown Source)
	at org.openqa.selenium.support.events.EventFiringWebDriver$2.invoke(EventFiringWebDriver.java:109)
	at com.sun.proxy.$Proxy6.findElement(Unknown Source)
	at org.openqa.selenium.support.events.EventFiringWebDriver.findElement(EventFiringWebDriver.java:193)
	at org.openqa.selenium.support.pagefactory.DefaultElementLocator.findElement(DefaultElementLocator.java:69)
	at org.openqa.selenium.support.pagefactory.internal.LocatingElementHandler.invoke(LocatingElementHandler.java:38)
	at com.sun.proxy.$Proxy10.click(Unknown Source)
	at com.qa.appadmin.pages.AppAdminHomePage.clickOnReportsLink(AppAdminHomePage.java:65)
	at com.qa.appadmin.testCases.AppAdminHomePageTest.ReportsTest(AppAdminHomePageTest.java:62)
</failure>
    <system-out>Before navigating to: &apos;http://winsvr.amazecodes.in/CRF3/&apos;
Navigated to:&apos;http://winsvr.amazecodes.in/CRF3/&apos;
Trying to find Element By : By.xpath: //*[@id=&apos;Name&apos;]
Found Element By : By.xpath: //*[@id=&apos;Name&apos;]
Trying to find Element By : By.xpath: //*[@id=&apos;Password&apos;]
Found Element By : By.xpath: //*[@id=&apos;Password&apos;]
Trying to find Element By : By.xpath: /html/body/section/div/div/div[1]/div/div[2]/div[1]/div/form/div[4]
Found Element By : By.xpath: /html/body/section/div/div/div[1]/div/div[2]/div[1]/div/form/div[4]
Trying to click on: [[FirefoxDriver: firefox on XP (939b01eb-f519-401a-9185-13815b54c952)] -&gt; xpath: /html/body/section/div/div/div[1]/div/div[2]/div[1]/div/form/div[4]]
Clicked on: [[FirefoxDriver: firefox on XP (939b01eb-f519-401a-9185-13815b54c952)] -&gt; xpath: /html/body/section/div/div/div[1]/div/div[2]/div[1]/div/form/div[4]]
Trying to find Element By : By.xpath: //*[@id=&quot;mainmenubutton&quot;]
Exception occured: org.openqa.selenium.NoSuchElementException: Unable to locate element: //*[@id=&quot;mainmenubutton&quot;]
For documentation on this error, please visit: http://seleniumhq.org/exceptions/no_such_element.html
Build info: version: &apos;3.7.1&apos;, revision: &apos;8a0099a&apos;, time: &apos;2017-11-06T21:01:39.354Z&apos;
System info: host: &apos;DESKTOP-8SU807H&apos;, ip: &apos;192.168.10.51&apos;, os.name: &apos;Windows 10&apos;, os.arch: &apos;amd64&apos;, os.version: &apos;10.0&apos;, java.version: &apos;1.8.0_171&apos;
Driver info: org.openqa.selenium.firefox.FirefoxDriver
Capabilities {acceptInsecureCerts: true, browserName: firefox, browserVersion: 60.0.1, javascriptEnabled: true, moz:accessibilityChecks: false, moz:headless: false, moz:processID: 1976, moz:profile: C:\Users\Silpa\AppData\Loca..., moz:useNonSpecCompliantPointerOrigin: false, moz:webdriverClick: true, pageLoadStrategy: normal, platform: XP, platformName: XP, platformVersion: 10.0, rotatable: false, timeouts: {implicit: 0, pageLoad: 300000, script: 30000}}
Session ID: 939b01eb-f519-401a-9185-13815b54c952
*** Element info: {Using=xpath, value=//*[@id=&quot;mainmenubutton&quot;]}
</system-out>
    <system-err>1527857006380	geckodriver	INFO	geckodriver 0.19.1
1527857006717	geckodriver	INFO	Listening on 127.0.0.1:40148
1527857007959	mozrunner::runner	INFO	Running command: &quot;C:\\Program Files\\Mozilla Firefox\\firefox.exe&quot; &quot;-marionette&quot; &quot;-profile&quot; &quot;C:\\Users\\Silpa\\AppData\\Local\\Temp\\rust_mozprofile.s6a2TSLHPQz0&quot;
Unable to read VR Path Registry from C:\Users\Silpa\AppData\Local\openvr\openvrpaths.vrpath
Unable to read VR Path Registry from C:\Users\Silpa\AppData\Local\openvr\openvrpaths.vrpath
1527857048736	Marionette	INFO	Listening on port 22941
1527857049570	Marionette	WARN	TLS certificate errors will be ignored for this session
Unable to read VR Path Registry from C:\Users\Silpa\AppData\Local\openvr\openvrpaths.vrpath
Unable to read VR Path Registry from C:\Users\Silpa\AppData\Local\openvr\openvrpaths.vrpath
Jun 01, 2018 6:14:19 PM org.openqa.selenium.remote.ProtocolHandshake createSession
INFO: Detected dialect: W3C
Unable to read VR Path Registry from C:\Users\Silpa\AppData\Local\openvr\openvrpaths.vrpath
</system-err>
  </testcase>
  <testcase classname="com.qa.appadmin.testCases.AppAdminReportDownloadPageTest" name="setup" time="50.413">
    <skipped/>
  </testcase>
  <testcase classname="com.qa.appadmin.testCases.AppAdminReportDownloadPageTest" name="verifyBackLink" time="0">
    <skipped/>
  </testcase>
  <testcase classname="com.qa.appadmin.testCases.AppAdminReportDownloadPageTest" name="tearDown" time="0">
    <skipped/>
  </testcase>
  <testcase classname="com.qa.appadmin.testCases.AppAdminReportPageTest" name="setup" time="0.001">
    <skipped/>
  </testcase>
  <testcase classname="com.qa.appadmin.testCases.AppAdminReportPageTest" name="ChangePasswordTest" time="0">
    <skipped/>
  </testcase>
  <testcase classname="com.qa.appadmin.testCases.AppAdminReportPageTest" name="tearDown" time="0">
    <skipped/>
  </testcase>
  <testcase classname="com.qa.admin.testCases.AdminHomePageTest" name="ChangePasswordTest" time="50.117">
    <failure message="Unable to locate element: //*[@id=&quot;dropdownMenu1&quot;]
For documentation on this error, please visit: http://seleniumhq.org/exceptions/no_such_element.html
Build info: version: &apos;3.7.1&apos;, revision: &apos;8a0099a&apos;, time: &apos;2017-11-06T21:01:39.354Z&apos;
System info: host: &apos;DESKTOP-8SU807H&apos;, ip: &apos;192.168.10.51&apos;, os.name: &apos;Windows 10&apos;, os.arch: &apos;amd64&apos;, os.version: &apos;10.0&apos;, java.version: &apos;1.8.0_171&apos;
Driver info: org.openqa.selenium.firefox.FirefoxDriver
Capabilities {acceptInsecureCerts: true, browserName: firefox, browserVersion: 60.0.1, javascriptEnabled: true, moz:accessibilityChecks: false, moz:headless: false, moz:processID: 17256, moz:profile: C:\Users\Silpa\AppData\Loca..., moz:useNonSpecCompliantPointerOrigin: false, moz:webdriverClick: true, pageLoadStrategy: normal, platform: XP, platformName: XP, platformVersion: 10.0, rotatable: false, timeouts: {implicit: 0, pageLoad: 300000, script: 30000}}
Session ID: 2a4938d3-58ea-460b-85a8-19ebe5631aee
*** Element info: {Using=xpath, value=//*[@id=&quot;dropdownMenu1&quot;]}" type="org.openqa.selenium.NoSuchElementException">org.openqa.selenium.NoSuchElementException: Unable to locate element: //*[@id=&quot;dropdownMenu1&quot;]
For documentation on this error, please visit: http://seleniumhq.org/exceptions/no_such_element.html
Build info: version: &apos;3.7.1&apos;, revision: &apos;8a0099a&apos;, time: &apos;2017-11-06T21:01:39.354Z&apos;
System info: host: &apos;DESKTOP-8SU807H&apos;, ip: &apos;192.168.10.51&apos;, os.name: &apos;Windows 10&apos;, os.arch: &apos;amd64&apos;, os.version: &apos;10.0&apos;, java.version: &apos;1.8.0_171&apos;
Driver info: org.openqa.selenium.firefox.FirefoxDriver
Capabilities {acceptInsecureCerts: true, browserName: firefox, browserVersion: 60.0.1, javascriptEnabled: true, moz:accessibilityChecks: false, moz:headless: false, moz:processID: 17256, moz:profile: C:\Users\Silpa\AppData\Loca..., moz:useNonSpecCompliantPointerOrigin: false, moz:webdriverClick: true, pageLoadStrategy: normal, platform: XP, platformName: XP, platformVersion: 10.0, rotatable: false, timeouts: {implicit: 0, pageLoad: 300000, script: 30000}}
Session ID: 2a4938d3-58ea-460b-85a8-19ebe5631aee
*** Element info: {Using=xpath, value=//*[@id=&quot;dropdownMenu1&quot;]}
	at sun.reflect.NativeConstructorAccessorImpl.newInstance0(Native Method)
	at sun.reflect.NativeConstructorAccessorImpl.newInstance(Unknown Source)
	at sun.reflect.DelegatingConstructorAccessorImpl.newInstance(Unknown Source)
	at java.lang.reflect.Constructor.newInstance(Unknown Source)
	at org.openqa.selenium.remote.http.W3CHttpResponseCodec.createException(W3CHttpResponseCodec.java:187)
	at org.openqa.selenium.remote.http.W3CHttpResponseCodec.decode(W3CHttpResponseCodec.java:122)
	at org.openqa.selenium.remote.http.W3CHttpResponseCodec.decode(W3CHttpResponseCodec.java:49)
	at org.openqa.selenium.remote.HttpCommandExecutor.execute(HttpCommandExecutor.java:164)
	at org.openqa.selenium.remote.service.DriverCommandExecutor.execute(DriverCommandExecutor.java:83)
	at org.openqa.selenium.remote.RemoteWebDriver.execute(RemoteWebDriver.java:600)
	at org.openqa.selenium.remote.RemoteWebDriver.findElement(RemoteWebDriver.java:370)
	at org.openqa.selenium.remote.RemoteWebDriver.findElementByXPath(RemoteWebDriver.java:472)
	at org.openqa.selenium.By$ByXPath.findElement(By.java:361)
	at org.openqa.selenium.remote.RemoteWebDriver.findElement(RemoteWebDriver.java:362)
	at sun.reflect.GeneratedMethodAccessor4.invoke(Unknown Source)
	at sun.reflect.DelegatingMethodAccessorImpl.invoke(Unknown Source)
	at java.lang.reflect.Method.invoke(Unknown Source)
	at org.openqa.selenium.support.events.EventFiringWebDriver$2.invoke(EventFiringWebDriver.java:109)
	at com.sun.proxy.$Proxy6.findElement(Unknown Source)
	at org.openqa.selenium.support.events.EventFiringWebDriver.findElement(EventFiringWebDriver.java:193)
	at org.openqa.selenium.support.pagefactory.DefaultElementLocator.findElement(DefaultElementLocator.java:69)
	at org.openqa.selenium.support.pagefactory.internal.LocatingElementHandler.invoke(LocatingElementHandler.java:38)
	at com.sun.proxy.$Proxy10.click(Unknown Source)
	at com.qa.admin.pages.AdminHomePage.clickOnChangePasswordLink(AdminHomePage.java:72)
	at com.qa.admin.testCases.AdminHomePageTest.ChangePasswordTest(AdminHomePageTest.java:61)
</failure>
    <system-out>Before navigating to: &apos;http://winsvr.amazecodes.in/CRF3/&apos;
Navigated to:&apos;http://winsvr.amazecodes.in/CRF3/&apos;
Trying to find Element By : By.xpath: //*[@id=&apos;Name&apos;]
Found Element By : By.xpath: //*[@id=&apos;Name&apos;]
Trying to find Element By : By.xpath: //*[@id=&apos;Password&apos;]
Found Element By : By.xpath: //*[@id=&apos;Password&apos;]
Trying to find Element By : By.xpath: /html/body/section/div/div/div[1]/div/div[2]/div[1]/div/form/div[4]
Found Element By : By.xpath: /html/body/section/div/div/div[1]/div/div[2]/div[1]/div/form/div[4]
Trying to click on: [[FirefoxDriver: firefox on XP (2a4938d3-58ea-460b-85a8-19ebe5631aee)] -&gt; xpath: /html/body/section/div/div/div[1]/div/div[2]/div[1]/div/form/div[4]]
Clicked on: [[FirefoxDriver: firefox on XP (2a4938d3-58ea-460b-85a8-19ebe5631aee)] -&gt; xpath: /html/body/section/div/div/div[1]/div/div[2]/div[1]/div/form/div[4]]
Trying to find Element By : By.xpath: //*[@id=&quot;dropdownMenu1&quot;]
Exception occured: org.openqa.selenium.NoSuchElementException: Unable to locate element: //*[@id=&quot;dropdownMenu1&quot;]
For documentation on this error, please visit: http://seleniumhq.org/exceptions/no_such_element.html
Build info: version: &apos;3.7.1&apos;, revision: &apos;8a0099a&apos;, time: &apos;2017-11-06T21:01:39.354Z&apos;
System info: host: &apos;DESKTOP-8SU807H&apos;, ip: &apos;192.168.10.51&apos;, os.name: &apos;Windows 10&apos;, os.arch: &apos;amd64&apos;, os.version: &apos;10.0&apos;, java.version: &apos;1.8.0_171&apos;
Driver info: org.openqa.selenium.firefox.FirefoxDriver
Capabilities {acceptInsecureCerts: true, browserName: firefox, browserVersion: 60.0.1, javascriptEnabled: true, moz:accessibilityChecks: false, moz:headless: false, moz:processID: 17256, moz:profile: C:\Users\Silpa\AppData\Loca..., moz:useNonSpecCompliantPointerOrigin: false, moz:webdriverClick: true, pageLoadStrategy: normal, platform: XP, platformName: XP, platformVersion: 10.0, rotatable: false, timeouts: {implicit: 0, pageLoad: 300000, script: 30000}}
Session ID: 2a4938d3-58ea-460b-85a8-19ebe5631aee
*** Element info: {Using=xpath, value=//*[@id=&quot;dropdownMenu1&quot;]}
</system-out>
    <system-err>1527857116138	geckodriver	INFO	geckodriver 0.19.1
1527857116147	geckodriver	INFO	Listening on 127.0.0.1:44037
1527857116617	mozrunner::runner	INFO	Running command: &quot;C:\\Program Files\\Mozilla Firefox\\firefox.exe&quot; &quot;-marionette&quot; &quot;-profile&quot; &quot;C:\\Users\\Silpa\\AppData\\Local\\Temp\\rust_mozprofile.p4STQQtNGz4S&quot;
Unable to read VR Path Registry from C:\Users\Silpa\AppData\Local\openvr\openvrpaths.vrpath
Unable to read VR Path Registry from C:\Users\Silpa\AppData\Local\openvr\openvrpaths.vrpath
Unable to read VR Path Registry from C:\Users\Silpa\AppData\Local\openvr\openvrpaths.vrpath
Unable to read VR Path Registry from C:\Users\Silpa\AppData\Local\openvr\openvrpaths.vrpath
Unable to read VR Path Registry from C:\Users\Silpa\AppData\Local\openvr\openvrpaths.vrpath
1527857123544	Marionette	INFO	Listening on port 23093
1527857123979	Marionette	WARN	TLS certificate errors will be ignored for this session
Jun 01, 2018 6:15:24 PM org.openqa.selenium.remote.ProtocolHandshake createSession
INFO: Detected dialect: W3C
</system-err>
  </testcase>
  <testcase classname="com.qa.appadmin.testCases.AppAdminAddStudiesPageTest" name="setup" time="50.362">
    <skipped/>
  </testcase>
  <testcase classname="com.qa.appadmin.testCases.AppAdminAddStudiesPageTest" name="ChangePasswordTest" time="0">
    <skipped/>
  </testcase>
  <testcase classname="com.qa.appadmin.testCases.AppAdminAddStudiesPageTest" name="tearDown" time="0">
    <skipped/>
  </testcase>
  <testcase classname="com.qa.appadmin.testCases.AppAdminConfigurationPageTest" name="setup" time="0.001">
    <skipped/>
  </testcase>
  <testcase classname="com.qa.appadmin.testCases.AppAdminConfigurationPageTest" name="verifyClickOnDeleteLink" time="0">
    <skipped/>
  </testcase>
  <testcase classname="com.qa.appadmin.testCases.AppAdminConfigurationPageTest" name="tearDown" time="0">
    <skipped/>
  </testcase>
  <testcase classname="com.qa.appadmin.testCases.AppAdminDeleteConfirmationPageTest" name="setup" time="0">
    <skipped/>
  </testcase>
  <testcase classname="com.qa.appadmin.testCases.AppAdminDeleteConfirmationPageTest" name="ChangePasswordTest" time="0">
    <skipped/>
  </testcase>
  <testcase classname="com.qa.appadmin.testCases.AppAdminDeleteConfirmationPageTest" name="tearDown" time="0">
    <skipped/>
  </testcase>
  <testcase classname="com.qa.appadmin.testCases.AppAdminEditStudiesPageTest" name="setup" time="0.001">
    <skipped/>
  </testcase>
  <testcase classname="com.qa.appadmin.testCases.AppAdminEditStudiesPageTest" name="ChangePasswordTest" time="0">
    <skipped/>
  </testcase>
  <testcase classname="com.qa.appadmin.testCases.AppAdminEditStudiesPageTest" name="tearDown" time="0">
    <skipped/>
  </testcase>
  <testcase classname="com.qa.appadmin.testCases.AppAdminHomePageTest" name="ChangePasswordTest" time="50.116">
    <failure message="Unable to locate element: //*[@id=&quot;dropdownMenu1&quot;]
For documentation on this error, please visit: http://seleniumhq.org/exceptions/no_such_element.html
Build info: version: &apos;3.7.1&apos;, revision: &apos;8a0099a&apos;, time: &apos;2017-11-06T21:01:39.354Z&apos;
System info: host: &apos;DESKTOP-8SU807H&apos;, ip: &apos;192.168.10.51&apos;, os.name: &apos;Windows 10&apos;, os.arch: &apos;amd64&apos;, os.version: &apos;10.0&apos;, java.version: &apos;1.8.0_171&apos;
Driver info: org.openqa.selenium.firefox.FirefoxDriver
Capabilities {acceptInsecureCerts: true, browserName: firefox, browserVersion: 60.0.1, javascriptEnabled: true, moz:accessibilityChecks: false, moz:headless: false, moz:processID: 11900, moz:profile: C:\Users\Silpa\AppData\Loca..., moz:useNonSpecCompliantPointerOrigin: false, moz:webdriverClick: true, pageLoadStrategy: normal, platform: XP, platformName: XP, platformVersion: 10.0, rotatable: false, timeouts: {implicit: 0, pageLoad: 300000, script: 30000}}
Session ID: a4fa1026-0438-424c-a8e6-bed8dcc31b97
*** Element info: {Using=xpath, value=//*[@id=&quot;dropdownMenu1&quot;]}" type="org.openqa.selenium.NoSuchElementException">org.openqa.selenium.NoSuchElementException: Unable to locate element: //*[@id=&quot;dropdownMenu1&quot;]
For documentation on this error, please visit: http://seleniumhq.org/exceptions/no_such_element.html
Build info: version: &apos;3.7.1&apos;, revision: &apos;8a0099a&apos;, time: &apos;2017-11-06T21:01:39.354Z&apos;
System info: host: &apos;DESKTOP-8SU807H&apos;, ip: &apos;192.168.10.51&apos;, os.name: &apos;Windows 10&apos;, os.arch: &apos;amd64&apos;, os.version: &apos;10.0&apos;, java.version: &apos;1.8.0_171&apos;
Driver info: org.openqa.selenium.firefox.FirefoxDriver
Capabilities {acceptInsecureCerts: true, browserName: firefox, browserVersion: 60.0.1, javascriptEnabled: true, moz:accessibilityChecks: false, moz:headless: false, moz:processID: 11900, moz:profile: C:\Users\Silpa\AppData\Loca..., moz:useNonSpecCompliantPointerOrigin: false, moz:webdriverClick: true, pageLoadStrategy: normal, platform: XP, platformName: XP, platformVersion: 10.0, rotatable: false, timeouts: {implicit: 0, pageLoad: 300000, script: 30000}}
Session ID: a4fa1026-0438-424c-a8e6-bed8dcc31b97
*** Element info: {Using=xpath, value=//*[@id=&quot;dropdownMenu1&quot;]}
	at sun.reflect.NativeConstructorAccessorImpl.newInstance0(Native Method)
	at sun.reflect.NativeConstructorAccessorImpl.newInstance(Unknown Source)
	at sun.reflect.DelegatingConstructorAccessorImpl.newInstance(Unknown Source)
	at java.lang.reflect.Constructor.newInstance(Unknown Source)
	at org.openqa.selenium.remote.http.W3CHttpResponseCodec.createException(W3CHttpResponseCodec.java:187)
	at org.openqa.selenium.remote.http.W3CHttpResponseCodec.decode(W3CHttpResponseCodec.java:122)
	at org.openqa.selenium.remote.http.W3CHttpResponseCodec.decode(W3CHttpResponseCodec.java:49)
	at org.openqa.selenium.remote.HttpCommandExecutor.execute(HttpCommandExecutor.java:164)
	at org.openqa.selenium.remote.service.DriverCommandExecutor.execute(DriverCommandExecutor.java:83)
	at org.openqa.selenium.remote.RemoteWebDriver.execute(RemoteWebDriver.java:600)
	at org.openqa.selenium.remote.RemoteWebDriver.findElement(RemoteWebDriver.java:370)
	at org.openqa.selenium.remote.RemoteWebDriver.findElementByXPath(RemoteWebDriver.java:472)
	at org.openqa.selenium.By$ByXPath.findElement(By.java:361)
	at org.openqa.selenium.remote.RemoteWebDriver.findElement(RemoteWebDriver.java:362)
	at sun.reflect.GeneratedMethodAccessor4.invoke(Unknown Source)
	at sun.reflect.DelegatingMethodAccessorImpl.invoke(Unknown Source)
	at java.lang.reflect.Method.invoke(Unknown Source)
	at org.openqa.selenium.support.events.EventFiringWebDriver$2.invoke(EventFiringWebDriver.java:109)
	at com.sun.proxy.$Proxy6.findElement(Unknown Source)
	at org.openqa.selenium.support.events.EventFiringWebDriver.findElement(EventFiringWebDriver.java:193)
	at org.openqa.selenium.support.pagefactory.DefaultElementLocator.findElement(DefaultElementLocator.java:69)
	at org.openqa.selenium.support.pagefactory.internal.LocatingElementHandler.invoke(LocatingElementHandler.java:38)
	at com.sun.proxy.$Proxy10.click(Unknown Source)
	at com.qa.appadmin.pages.AppAdminHomePage.clickOnChangePasswordLink(AppAdminHomePage.java:74)
	at com.qa.appadmin.testCases.AppAdminHomePageTest.ChangePasswordTest(AppAdminHomePageTest.java:67)
</failure>
    <system-out>Before navigating to: &apos;http://winsvr.amazecodes.in/CRF3/&apos;
Navigated to:&apos;http://winsvr.amazecodes.in/CRF3/&apos;
Trying to find Element By : By.xpath: //*[@id=&apos;Name&apos;]
Found Element By : By.xpath: //*[@id=&apos;Name&apos;]
Trying to find Element By : By.xpath: //*[@id=&apos;Password&apos;]
Found Element By : By.xpath: //*[@id=&apos;Password&apos;]
Trying to find Element By : By.xpath: /html/body/section/div/div/div[1]/div/div[2]/div[1]/div/form/div[4]
Found Element By : By.xpath: /html/body/section/div/div/div[1]/div/div[2]/div[1]/div/form/div[4]
Trying to click on: [[FirefoxDriver: firefox on XP (a4fa1026-0438-424c-a8e6-bed8dcc31b97)] -&gt; xpath: /html/body/section/div/div/div[1]/div/div[2]/div[1]/div/form/div[4]]
Clicked on: [[FirefoxDriver: firefox on XP (a4fa1026-0438-424c-a8e6-bed8dcc31b97)] -&gt; xpath: /html/body/section/div/div/div[1]/div/div[2]/div[1]/div/form/div[4]]
Trying to find Element By : By.xpath: //*[@id=&quot;dropdownMenu1&quot;]
Exception occured: org.openqa.selenium.NoSuchElementException: Unable to locate element: //*[@id=&quot;dropdownMenu1&quot;]
For documentation on this error, please visit: http://seleniumhq.org/exceptions/no_such_element.html
Build info: version: &apos;3.7.1&apos;, revision: &apos;8a0099a&apos;, time: &apos;2017-11-06T21:01:39.354Z&apos;
System info: host: &apos;DESKTOP-8SU807H&apos;, ip: &apos;192.168.10.51&apos;, os.name: &apos;Windows 10&apos;, os.arch: &apos;amd64&apos;, os.version: &apos;10.0&apos;, java.version: &apos;1.8.0_171&apos;
Driver info: org.openqa.selenium.firefox.FirefoxDriver
Capabilities {acceptInsecureCerts: true, browserName: firefox, browserVersion: 60.0.1, javascriptEnabled: true, moz:accessibilityChecks: false, moz:headless: false, moz:processID: 11900, moz:profile: C:\Users\Silpa\AppData\Loca..., moz:useNonSpecCompliantPointerOrigin: false, moz:webdriverClick: true, pageLoadStrategy: normal, platform: XP, platformName: XP, platformVersion: 10.0, rotatable: false, timeouts: {implicit: 0, pageLoad: 300000, script: 30000}}
Session ID: a4fa1026-0438-424c-a8e6-bed8dcc31b97
*** Element info: {Using=xpath, value=//*[@id=&quot;dropdownMenu1&quot;]}
</system-out>
    <system-err>1527857182421	geckodriver	INFO	geckodriver 0.19.1
1527857182437	geckodriver	INFO	Listening on 127.0.0.1:22558
1527857182942	mozrunner::runner	INFO	Running command: &quot;C:\\Program Files\\Mozilla Firefox\\firefox.exe&quot; &quot;-marionette&quot; &quot;-profile&quot; &quot;C:\\Users\\Silpa\\AppData\\Local\\Temp\\rust_mozprofile.ws0sEFQ8W3Eq&quot;
Unable to read VR Path Registry from C:\Users\Silpa\AppData\Local\openvr\openvrpaths.vrpath
Unable to read VR Path Registry from C:\Users\Silpa\AppData\Local\openvr\openvrpaths.vrpath
Unable to read VR Path Registry from C:\Users\Silpa\AppData\Local\openvr\openvrpaths.vrpath
Unable to read VR Path Registry from C:\Users\Silpa\AppData\Local\openvr\openvrpaths.vrpath
Unable to read VR Path Registry from C:\Users\Silpa\AppData\Local\openvr\openvrpaths.vrpath
1527857188494	Marionette	INFO	Listening on port 23176
1527857189057	Marionette	WARN	TLS certificate errors will be ignored for this session
Jun 01, 2018 6:16:29 PM org.openqa.selenium.remote.ProtocolHandshake createSession
INFO: Detected dialect: W3C
</system-err>
  </testcase>
  <testcase classname="com.qa.appadmin.testCases.AppAdminReportDownloadPageTest" name="setup" time="50.879">
    <skipped/>
  </testcase>
  <testcase classname="com.qa.appadmin.testCases.AppAdminReportDownloadPageTest" name="ChangePasswordTest" time="0">
    <skipped/>
  </testcase>
  <testcase classname="com.qa.appadmin.testCases.AppAdminReportDownloadPageTest" name="tearDown" time="0.001">
    <skipped/>
  </testcase>
  <testcase classname="com.qa.appadmin.testCases.AppAdminReportPageTest" name="setup" time="0.001">
    <skipped/>
  </testcase>
  <testcase classname="com.qa.appadmin.testCases.AppAdminReportPageTest" name="LogoutTest" time="0">
    <skipped/>
  </testcase>
  <testcase classname="com.qa.appadmin.testCases.AppAdminReportPageTest" name="tearDown" time="0">
    <skipped/>
  </testcase>
  <testcase classname="com.qa.admin.testCases.AdminHomePageTest" name="LogoutTest" time="50.131">
    <failure message="Unable to locate element: //*[@id=&quot;dropdownMenu1&quot;]
For documentation on this error, please visit: http://seleniumhq.org/exceptions/no_such_element.html
Build info: version: &apos;3.7.1&apos;, revision: &apos;8a0099a&apos;, time: &apos;2017-11-06T21:01:39.354Z&apos;
System info: host: &apos;DESKTOP-8SU807H&apos;, ip: &apos;192.168.10.51&apos;, os.name: &apos;Windows 10&apos;, os.arch: &apos;amd64&apos;, os.version: &apos;10.0&apos;, java.version: &apos;1.8.0_171&apos;
Driver info: org.openqa.selenium.firefox.FirefoxDriver
Capabilities {acceptInsecureCerts: true, browserName: firefox, browserVersion: 60.0.1, javascriptEnabled: true, moz:accessibilityChecks: false, moz:headless: false, moz:processID: 13596, moz:profile: C:\Users\Silpa\AppData\Loca..., moz:useNonSpecCompliantPointerOrigin: false, moz:webdriverClick: true, pageLoadStrategy: normal, platform: XP, platformName: XP, platformVersion: 10.0, rotatable: false, timeouts: {implicit: 0, pageLoad: 300000, script: 30000}}
Session ID: 4e093ade-0eb9-4c7b-9030-646eb002a2b4
*** Element info: {Using=xpath, value=//*[@id=&quot;dropdownMenu1&quot;]}" type="org.openqa.selenium.NoSuchElementException">org.openqa.selenium.NoSuchElementException: Unable to locate element: //*[@id=&quot;dropdownMenu1&quot;]
For documentation on this error, please visit: http://seleniumhq.org/exceptions/no_such_element.html
Build info: version: &apos;3.7.1&apos;, revision: &apos;8a0099a&apos;, time: &apos;2017-11-06T21:01:39.354Z&apos;
System info: host: &apos;DESKTOP-8SU807H&apos;, ip: &apos;192.168.10.51&apos;, os.name: &apos;Windows 10&apos;, os.arch: &apos;amd64&apos;, os.version: &apos;10.0&apos;, java.version: &apos;1.8.0_171&apos;
Driver info: org.openqa.selenium.firefox.FirefoxDriver
Capabilities {acceptInsecureCerts: true, browserName: firefox, browserVersion: 60.0.1, javascriptEnabled: true, moz:accessibilityChecks: false, moz:headless: false, moz:processID: 13596, moz:profile: C:\Users\Silpa\AppData\Loca..., moz:useNonSpecCompliantPointerOrigin: false, moz:webdriverClick: true, pageLoadStrategy: normal, platform: XP, platformName: XP, platformVersion: 10.0, rotatable: false, timeouts: {implicit: 0, pageLoad: 300000, script: 30000}}
Session ID: 4e093ade-0eb9-4c7b-9030-646eb002a2b4
*** Element info: {Using=xpath, value=//*[@id=&quot;dropdownMenu1&quot;]}
	at sun.reflect.GeneratedConstructorAccessor29.newInstance(Unknown Source)
	at sun.reflect.DelegatingConstructorAccessorImpl.newInstance(Unknown Source)
	at java.lang.reflect.Constructor.newInstance(Unknown Source)
	at org.openqa.selenium.remote.http.W3CHttpResponseCodec.createException(W3CHttpResponseCodec.java:187)
	at org.openqa.selenium.remote.http.W3CHttpResponseCodec.decode(W3CHttpResponseCodec.java:122)
	at org.openqa.selenium.remote.http.W3CHttpResponseCodec.decode(W3CHttpResponseCodec.java:49)
	at org.openqa.selenium.remote.HttpCommandExecutor.execute(HttpCommandExecutor.java:164)
	at org.openqa.selenium.remote.service.DriverCommandExecutor.execute(DriverCommandExecutor.java:83)
	at org.openqa.selenium.remote.RemoteWebDriver.execute(RemoteWebDriver.java:600)
	at org.openqa.selenium.remote.RemoteWebDriver.findElement(RemoteWebDriver.java:370)
	at org.openqa.selenium.remote.RemoteWebDriver.findElementByXPath(RemoteWebDriver.java:472)
	at org.openqa.selenium.By$ByXPath.findElement(By.java:361)
	at org.openqa.selenium.remote.RemoteWebDriver.findElement(RemoteWebDriver.java:362)
	at sun.reflect.GeneratedMethodAccessor4.invoke(Unknown Source)
	at sun.reflect.DelegatingMethodAccessorImpl.invoke(Unknown Source)
	at java.lang.reflect.Method.invoke(Unknown Source)
	at org.openqa.selenium.support.events.EventFiringWebDriver$2.invoke(EventFiringWebDriver.java:109)
	at com.sun.proxy.$Proxy6.findElement(Unknown Source)
	at org.openqa.selenium.support.events.EventFiringWebDriver.findElement(EventFiringWebDriver.java:193)
	at org.openqa.selenium.support.pagefactory.DefaultElementLocator.findElement(DefaultElementLocator.java:69)
	at org.openqa.selenium.support.pagefactory.internal.LocatingElementHandler.invoke(LocatingElementHandler.java:38)
	at com.sun.proxy.$Proxy10.click(Unknown Source)
	at com.qa.admin.pages.AdminHomePage.clickOnLogoutLink(AdminHomePage.java:80)
	at com.qa.admin.testCases.AdminHomePageTest.LogoutTest(AdminHomePageTest.java:65)
</failure>
    <system-out>Before navigating to: &apos;http://winsvr.amazecodes.in/CRF3/&apos;
Navigated to:&apos;http://winsvr.amazecodes.in/CRF3/&apos;
Trying to find Element By : By.xpath: //*[@id=&apos;Name&apos;]
Found Element By : By.xpath: //*[@id=&apos;Name&apos;]
Trying to find Element By : By.xpath: //*[@id=&apos;Password&apos;]
Found Element By : By.xpath: //*[@id=&apos;Password&apos;]
Trying to find Element By : By.xpath: /html/body/section/div/div/div[1]/div/div[2]/div[1]/div/form/div[4]
Found Element By : By.xpath: /html/body/section/div/div/div[1]/div/div[2]/div[1]/div/form/div[4]
Trying to click on: [[FirefoxDriver: firefox on XP (4e093ade-0eb9-4c7b-9030-646eb002a2b4)] -&gt; xpath: /html/body/section/div/div/div[1]/div/div[2]/div[1]/div/form/div[4]]
Clicked on: [[FirefoxDriver: firefox on XP (4e093ade-0eb9-4c7b-9030-646eb002a2b4)] -&gt; xpath: /html/body/section/div/div/div[1]/div/div[2]/div[1]/div/form/div[4]]
Trying to find Element By : By.xpath: //*[@id=&quot;dropdownMenu1&quot;]
Exception occured: org.openqa.selenium.NoSuchElementException: Unable to locate element: //*[@id=&quot;dropdownMenu1&quot;]
For documentation on this error, please visit: http://seleniumhq.org/exceptions/no_such_element.html
Build info: version: &apos;3.7.1&apos;, revision: &apos;8a0099a&apos;, time: &apos;2017-11-06T21:01:39.354Z&apos;
System info: host: &apos;DESKTOP-8SU807H&apos;, ip: &apos;192.168.10.51&apos;, os.name: &apos;Windows 10&apos;, os.arch: &apos;amd64&apos;, os.version: &apos;10.0&apos;, java.version: &apos;1.8.0_171&apos;
Driver info: org.openqa.selenium.firefox.FirefoxDriver
Capabilities {acceptInsecureCerts: true, browserName: firefox, browserVersion: 60.0.1, javascriptEnabled: true, moz:accessibilityChecks: false, moz:headless: false, moz:processID: 13596, moz:profile: C:\Users\Silpa\AppData\Loca..., moz:useNonSpecCompliantPointerOrigin: false, moz:webdriverClick: true, pageLoadStrategy: normal, platform: XP, platformName: XP, platformVersion: 10.0, rotatable: false, timeouts: {implicit: 0, pageLoad: 300000, script: 30000}}
Session ID: 4e093ade-0eb9-4c7b-9030-646eb002a2b4
*** Element info: {Using=xpath, value=//*[@id=&quot;dropdownMenu1&quot;]}
</system-out>
    <system-err>1527857244761	geckodriver	INFO	geckodriver 0.19.1
1527857244770	geckodriver	INFO	Listening on 127.0.0.1:21947
1527857245778	mozrunner::runner	INFO	Running command: &quot;C:\\Program Files\\Mozilla Firefox\\firefox.exe&quot; &quot;-marionette&quot; &quot;-profile&quot; &quot;C:\\Users\\Silpa\\AppData\\Local\\Temp\\rust_mozprofile.dx6YlnEXc1Wx&quot;
Unable to read VR Path Registry from C:\Users\Silpa\AppData\Local\openvr\openvrpaths.vrpath
Unable to read VR Path Registry from C:\Users\Silpa\AppData\Local\openvr\openvrpaths.vrpath
Unable to read VR Path Registry from C:\Users\Silpa\AppData\Local\openvr\openvrpaths.vrpath
Unable to read VR Path Registry from C:\Users\Silpa\AppData\Local\openvr\openvrpaths.vrpath
1527857282935	Marionette	INFO	Listening on port 23241
1527857283076	Marionette	WARN	TLS certificate errors will be ignored for this session
Jun 01, 2018 6:18:03 PM org.openqa.selenium.remote.ProtocolHandshake createSession
INFO: Detected dialect: W3C
Unable to read VR Path Registry from C:\Users\Silpa\AppData\Local\openvr\openvrpaths.vrpath
</system-err>
  </testcase>
  <testcase classname="com.qa.appadmin.testCases.AppAdminAddStudiesPageTest" name="setup" time="50.502">
    <skipped/>
  </testcase>
  <testcase classname="com.qa.appadmin.testCases.AppAdminAddStudiesPageTest" name="LogoutTest" time="0">
    <skipped/>
  </testcase>
  <testcase classname="com.qa.appadmin.testCases.AppAdminAddStudiesPageTest" name="tearDown" time="0">
    <skipped/>
  </testcase>
  <testcase classname="com.qa.appadmin.testCases.AppAdminConfigurationPageTest" name="setup" time="0">
    <skipped/>
  </testcase>
  <testcase classname="com.qa.appadmin.testCases.AppAdminConfigurationPageTest" name="verifyClickOnAddNewLink" time="0">
    <skipped/>
  </testcase>
  <testcase classname="com.qa.appadmin.testCases.AppAdminConfigurationPageTest" name="tearDown" time="0">
    <skipped/>
  </testcase>
  <testcase classname="com.qa.appadmin.testCases.AppAdminDeleteConfirmationPageTest" name="setup" time="0">
    <skipped/>
  </testcase>
  <testcase classname="com.qa.appadmin.testCases.AppAdminDeleteConfirmationPageTest" name="LogoutTest" time="0">
    <skipped/>
  </testcase>
  <testcase classname="com.qa.appadmin.testCases.AppAdminDeleteConfirmationPageTest" name="tearDown" time="0">
    <skipped/>
  </testcase>
  <testcase classname="com.qa.appadmin.testCases.AppAdminEditStudiesPageTest" name="setup" time="0.001">
    <skipped/>
  </testcase>
  <testcase classname="com.qa.appadmin.testCases.AppAdminEditStudiesPageTest" name="LogoutTest" time="0">
    <skipped/>
  </testcase>
  <testcase classname="com.qa.appadmin.testCases.AppAdminEditStudiesPageTest" name="tearDown" time="0">
    <skipped/>
  </testcase>
  <testcase classname="com.qa.appadmin.testCases.AppAdminHomePageTest" name="LogoutTest" time="50.126">
    <failure message="Unable to locate element: //*[@id=&quot;dropdownMenu1&quot;]
For documentation on this error, please visit: http://seleniumhq.org/exceptions/no_such_element.html
Build info: version: &apos;3.7.1&apos;, revision: &apos;8a0099a&apos;, time: &apos;2017-11-06T21:01:39.354Z&apos;
System info: host: &apos;DESKTOP-8SU807H&apos;, ip: &apos;192.168.10.51&apos;, os.name: &apos;Windows 10&apos;, os.arch: &apos;amd64&apos;, os.version: &apos;10.0&apos;, java.version: &apos;1.8.0_171&apos;
Driver info: org.openqa.selenium.firefox.FirefoxDriver
Capabilities {acceptInsecureCerts: true, browserName: firefox, browserVersion: 60.0.1, javascriptEnabled: true, moz:accessibilityChecks: false, moz:headless: false, moz:processID: 18844, moz:profile: C:\Users\Silpa\AppData\Loca..., moz:useNonSpecCompliantPointerOrigin: false, moz:webdriverClick: true, pageLoadStrategy: normal, platform: XP, platformName: XP, platformVersion: 10.0, rotatable: false, timeouts: {implicit: 0, pageLoad: 300000, script: 30000}}
Session ID: 9cf5b965-d8cd-4eb6-808c-ded2a46cc659
*** Element info: {Using=xpath, value=//*[@id=&quot;dropdownMenu1&quot;]}" type="org.openqa.selenium.NoSuchElementException">org.openqa.selenium.NoSuchElementException: Unable to locate element: //*[@id=&quot;dropdownMenu1&quot;]
For documentation on this error, please visit: http://seleniumhq.org/exceptions/no_such_element.html
Build info: version: &apos;3.7.1&apos;, revision: &apos;8a0099a&apos;, time: &apos;2017-11-06T21:01:39.354Z&apos;
System info: host: &apos;DESKTOP-8SU807H&apos;, ip: &apos;192.168.10.51&apos;, os.name: &apos;Windows 10&apos;, os.arch: &apos;amd64&apos;, os.version: &apos;10.0&apos;, java.version: &apos;1.8.0_171&apos;
Driver info: org.openqa.selenium.firefox.FirefoxDriver
Capabilities {acceptInsecureCerts: true, browserName: firefox, browserVersion: 60.0.1, javascriptEnabled: true, moz:accessibilityChecks: false, moz:headless: false, moz:processID: 18844, moz:profile: C:\Users\Silpa\AppData\Loca..., moz:useNonSpecCompliantPointerOrigin: false, moz:webdriverClick: true, pageLoadStrategy: normal, platform: XP, platformName: XP, platformVersion: 10.0, rotatable: false, timeouts: {implicit: 0, pageLoad: 300000, script: 30000}}
Session ID: 9cf5b965-d8cd-4eb6-808c-ded2a46cc659
*** Element info: {Using=xpath, value=//*[@id=&quot;dropdownMenu1&quot;]}
	at sun.reflect.GeneratedConstructorAccessor29.newInstance(Unknown Source)
	at sun.reflect.DelegatingConstructorAccessorImpl.newInstance(Unknown Source)
	at java.lang.reflect.Constructor.newInstance(Unknown Source)
	at org.openqa.selenium.remote.http.W3CHttpResponseCodec.createException(W3CHttpResponseCodec.java:187)
	at org.openqa.selenium.remote.http.W3CHttpResponseCodec.decode(W3CHttpResponseCodec.java:122)
	at org.openqa.selenium.remote.http.W3CHttpResponseCodec.decode(W3CHttpResponseCodec.java:49)
	at org.openqa.selenium.remote.HttpCommandExecutor.execute(HttpCommandExecutor.java:164)
	at org.openqa.selenium.remote.service.DriverCommandExecutor.execute(DriverCommandExecutor.java:83)
	at org.openqa.selenium.remote.RemoteWebDriver.execute(RemoteWebDriver.java:600)
	at org.openqa.selenium.remote.RemoteWebDriver.findElement(RemoteWebDriver.java:370)
	at org.openqa.selenium.remote.RemoteWebDriver.findElementByXPath(RemoteWebDriver.java:472)
	at org.openqa.selenium.By$ByXPath.findElement(By.java:361)
	at org.openqa.selenium.remote.RemoteWebDriver.findElement(RemoteWebDriver.java:362)
	at sun.reflect.GeneratedMethodAccessor4.invoke(Unknown Source)
	at sun.reflect.DelegatingMethodAccessorImpl.invoke(Unknown Source)
	at java.lang.reflect.Method.invoke(Unknown Source)
	at org.openqa.selenium.support.events.EventFiringWebDriver$2.invoke(EventFiringWebDriver.java:109)
	at com.sun.proxy.$Proxy6.findElement(Unknown Source)
	at org.openqa.selenium.support.events.EventFiringWebDriver.findElement(EventFiringWebDriver.java:193)
	at org.openqa.selenium.support.pagefactory.DefaultElementLocator.findElement(DefaultElementLocator.java:69)
	at org.openqa.selenium.support.pagefactory.internal.LocatingElementHandler.invoke(LocatingElementHandler.java:38)
	at com.sun.proxy.$Proxy10.click(Unknown Source)
	at com.qa.appadmin.pages.AppAdminHomePage.clickOnLogoutLink(AppAdminHomePage.java:82)
	at com.qa.appadmin.testCases.AppAdminHomePageTest.LogoutTest(AppAdminHomePageTest.java:71)
</failure>
    <system-out>Before navigating to: &apos;http://winsvr.amazecodes.in/CRF3/&apos;
Navigated to:&apos;http://winsvr.amazecodes.in/CRF3/&apos;
Trying to find Element By : By.xpath: //*[@id=&apos;Name&apos;]
Found Element By : By.xpath: //*[@id=&apos;Name&apos;]
Trying to find Element By : By.xpath: //*[@id=&apos;Password&apos;]
Found Element By : By.xpath: //*[@id=&apos;Password&apos;]
Trying to find Element By : By.xpath: /html/body/section/div/div/div[1]/div/div[2]/div[1]/div/form/div[4]
Found Element By : By.xpath: /html/body/section/div/div/div[1]/div/div[2]/div[1]/div/form/div[4]
Trying to click on: [[FirefoxDriver: firefox on XP (9cf5b965-d8cd-4eb6-808c-ded2a46cc659)] -&gt; xpath: /html/body/section/div/div/div[1]/div/div[2]/div[1]/div/form/div[4]]
Clicked on: [[FirefoxDriver: firefox on XP (9cf5b965-d8cd-4eb6-808c-ded2a46cc659)] -&gt; xpath: /html/body/section/div/div/div[1]/div/div[2]/div[1]/div/form/div[4]]
Trying to find Element By : By.xpath: //*[@id=&quot;dropdownMenu1&quot;]
Exception occured: org.openqa.selenium.NoSuchElementException: Unable to locate element: //*[@id=&quot;dropdownMenu1&quot;]
For documentation on this error, please visit: http://seleniumhq.org/exceptions/no_such_element.html
Build info: version: &apos;3.7.1&apos;, revision: &apos;8a0099a&apos;, time: &apos;2017-11-06T21:01:39.354Z&apos;
System info: host: &apos;DESKTOP-8SU807H&apos;, ip: &apos;192.168.10.51&apos;, os.name: &apos;Windows 10&apos;, os.arch: &apos;amd64&apos;, os.version: &apos;10.0&apos;, java.version: &apos;1.8.0_171&apos;
Driver info: org.openqa.selenium.firefox.FirefoxDriver
Capabilities {acceptInsecureCerts: true, browserName: firefox, browserVersion: 60.0.1, javascriptEnabled: true, moz:accessibilityChecks: false, moz:headless: false, moz:processID: 18844, moz:profile: C:\Users\Silpa\AppData\Loca..., moz:useNonSpecCompliantPointerOrigin: false, moz:webdriverClick: true, pageLoadStrategy: normal, platform: XP, platformName: XP, platformVersion: 10.0, rotatable: false, timeouts: {implicit: 0, pageLoad: 300000, script: 30000}}
Session ID: 9cf5b965-d8cd-4eb6-808c-ded2a46cc659
*** Element info: {Using=xpath, value=//*[@id=&quot;dropdownMenu1&quot;]}
</system-out>
    <system-err>1527857343616	geckodriver	INFO	geckodriver 0.19.1
1527857343636	geckodriver	INFO	Listening on 127.0.0.1:1523
1527857344131	mozrunner::runner	INFO	Running command: &quot;C:\\Program Files\\Mozilla Firefox\\firefox.exe&quot; &quot;-marionette&quot; &quot;-profile&quot; &quot;C:\\Users\\Silpa\\AppData\\Local\\Temp\\rust_mozprofile.HlyYY0NB9ktG&quot;
Unable to read VR Path Registry from C:\Users\Silpa\AppData\Local\openvr\openvrpaths.vrpath
Unable to read VR Path Registry from C:\Users\Silpa\AppData\Local\openvr\openvrpaths.vrpath
Unable to read VR Path Registry from C:\Users\Silpa\AppData\Local\openvr\openvrpaths.vrpath
Unable to read VR Path Registry from C:\Users\Silpa\AppData\Local\openvr\openvrpaths.vrpath
Unable to read VR Path Registry from C:\Users\Silpa\AppData\Local\openvr\openvrpaths.vrpath
1527857352641	Marionette	INFO	Listening on port 23357
1527857354336	Marionette	WARN	TLS certificate errors will be ignored for this session
Jun 01, 2018 6:19:14 PM org.openqa.selenium.remote.ProtocolHandshake createSession
INFO: Detected dialect: W3C
</system-err>
  </testcase>
  <testcase classname="com.qa.appadmin.testCases.AppAdminReportDownloadPageTest" name="setup" time="50.367">
    <skipped/>
  </testcase>
  <testcase classname="com.qa.appadmin.testCases.AppAdminReportDownloadPageTest" name="LogoutTest" time="0">
    <skipped/>
  </testcase>
  <testcase classname="com.qa.appadmin.testCases.AppAdminReportDownloadPageTest" name="tearDown" time="0">
    <skipped/>
  </testcase>
  <testcase classname="com.qa.appadmin.testCases.AppAdminConfigurationPageTest" name="setup" time="0.001">
    <skipped/>
  </testcase>
  <testcase classname="com.qa.appadmin.testCases.AppAdminConfigurationPageTest" name="verifyClickOnApplyLink" time="0">
    <skipped/>
  </testcase>
  <testcase classname="com.qa.appadmin.testCases.AppAdminConfigurationPageTest" name="tearDown" time="0">
    <skipped/>
  </testcase>
  <testcase classname="com.qa.appadmin.testCases.AppAdminReportDownloadPageTest" name="setup" time="0">
    <skipped/>
  </testcase>
  <testcase classname="com.qa.appadmin.testCases.AppAdminReportDownloadPageTest" name="verifyMenuClick" time="0">
    <skipped/>
  </testcase>
  <testcase classname="com.qa.appadmin.testCases.AppAdminReportDownloadPageTest" name="tearDown" time="0">
    <skipped/>
  </testcase>
  <testcase classname="com.qa.appadmin.testCases.AppAdminConfigurationPageTest" name="setup" time="0.001">
    <skipped/>
  </testcase>
  <testcase classname="com.qa.appadmin.testCases.AppAdminConfigurationPageTest" name="ChangePasswordTest" time="0">
    <skipped/>
  </testcase>
  <testcase classname="com.qa.appadmin.testCases.AppAdminConfigurationPageTest" name="tearDown" time="0">
    <skipped/>
  </testcase>
  <testcase classname="com.qa.appadmin.testCases.AppAdminConfigurationPageTest" name="setup" time="0.057">
    <skipped/>
  </testcase>
  <testcase classname="com.qa.appadmin.testCases.AppAdminConfigurationPageTest" name="LogoutTest" time="0">
    <skipped/>
  </testcase>
  <testcase classname="com.qa.appadmin.testCases.AppAdminConfigurationPageTest" name="tearDown" time="0">
    <skipped/>
  </testcase>
</testsuite>