<!DOCTYPE html>

<html>
  <head>
  <title>TestNG reports</title>

    <link type="text/css" href="testng-reports.css" rel="stylesheet" />  
    <script type="text/javascript" src="jquery-1.7.1.min.js"></script>
    <script type="text/javascript" src="testng-reports.js"></script>
    <script type="text/javascript" src="https://www.google.com/jsapi"></script>
    <script type='text/javascript'>
      google.load('visualization', '1', {packages:['table']});
      google.setOnLoadCallback(drawTable);
      var suiteTableInitFunctions = new Array();
      var suiteTableData = new Array();
    </script>
    <!--
      <script type="text/javascript" src="jquery-ui/js/jquery-ui-1.8.16.custom.min.js"></script>
     -->
  </head>

  <body>
    <div class="top-banner-root">
      <span class="top-banner-title-font">Test results</span>
      <br/>
      <span class="top-banner-font-1">1 suite, 1 failed test</span>
    </div> <!-- top-banner-root -->
    <div class="navigator-root">
      <div class="navigator-suite-header">
        <span>All suites</span>
        <a href="#" class="collapse-all-link" title="Collapse/expand all the suites">
          <img class="collapse-all-icon" src="collapseall.gif">
          </img> <!-- collapse-all-icon -->
        </a> <!-- collapse-all-link -->
      </div> <!-- navigator-suite-header -->
      <div class="suite">
        <div class="rounded-window">
          <div class="suite-header light-rounded-window-top">
            <a href="#" class="navigator-link" panel-name="suite-Default_suite">
              <span class="suite-name border-failed">Default suite</span>
            </a> <!-- navigator-link -->
          </div> <!-- suite-header light-rounded-window-top -->
          <div class="navigator-suite-content">
            <div class="suite-section-title">
              <span>Info</span>
            </div> <!-- suite-section-title -->
            <div class="suite-section-content">
              <ul>
                <li>
                  <a href="#" class="navigator-link " panel-name="test-xml-Default_suite">
                    <span>C:\Users\Silpa\AppData\Local\Temp\testng-eclipse-458990372\testng-customsuite.xml</span>
                  </a> <!-- navigator-link  -->
                </li>
                <li>
                  <a href="#" class="navigator-link " panel-name="testlist-Default_suite">
                    <span class="test-stats">1 test</span>
                  </a> <!-- navigator-link  -->
                </li>
                <li>
                  <a href="#" class="navigator-link " panel-name="group-Default_suite">
                    <span>0 groups</span>
                  </a> <!-- navigator-link  -->
                </li>
                <li>
                  <a href="#" class="navigator-link " panel-name="times-Default_suite">
                    <span>Times</span>
                  </a> <!-- navigator-link  -->
                </li>
                <li>
                  <a href="#" class="navigator-link " panel-name="reporter-Default_suite">
                    <span>Reporter output</span>
                  </a> <!-- navigator-link  -->
                </li>
                <li>
                  <a href="#" class="navigator-link " panel-name="ignored-methods-Default_suite">
                    <span>Ignored methods</span>
                  </a> <!-- navigator-link  -->
                </li>
                <li>
                  <a href="#" class="navigator-link " panel-name="chronological-Default_suite">
                    <span>Chronological view</span>
                  </a> <!-- navigator-link  -->
                </li>
              </ul>
            </div> <!-- suite-section-content -->
            <div class="result-section">
              <div class="suite-section-title">
                <span>Results</span>
              </div> <!-- suite-section-title -->
              <div class="suite-section-content">
                <ul>
                  <li>
                    <span class="method-stats">15 methods, 1 failed,   14 passed</span>
                  </li>
                  <li>
                    <span class="method-list-title failed">Failed methods</span>
                    <span class="show-or-hide-methods failed">
                      <a href="#" panel-name="suite-Default_suite" class="hide-methods failed suite-Default_suite"> (hide)</a> <!-- hide-methods failed suite-Default_suite -->
                      <a href="#" panel-name="suite-Default_suite" class="show-methods failed suite-Default_suite"> (show)</a> <!-- show-methods failed suite-Default_suite -->
                    </span>
                    <div class="method-list-content failed suite-Default_suite">
                      <span>
                        <img width="3%" src="failed.png"/>
                        <a href="#" class="method navigator-link" panel-name="suite-Default_suite" title="com.qa.appadmin.testCases.AppAdminAddRandomizationCodePageTest" hash-for-method="verifyclickOnCancel">verifyclickOnCancel</a> <!-- method navigator-link -->
                      </span>
                      <br/>
                    </div> <!-- method-list-content failed suite-Default_suite -->
                  </li>
                  <li>
                    <span class="method-list-title passed">Passed methods</span>
                    <span class="show-or-hide-methods passed">
                      <a href="#" panel-name="suite-Default_suite" class="hide-methods passed suite-Default_suite"> (hide)</a> <!-- hide-methods passed suite-Default_suite -->
                      <a href="#" panel-name="suite-Default_suite" class="show-methods passed suite-Default_suite"> (show)</a> <!-- show-methods passed suite-Default_suite -->
                    </span>
                    <div class="method-list-content passed suite-Default_suite">
                      <span>
                        <img width="3%" src="passed.png"/>
                        <a href="#" class="method navigator-link" panel-name="suite-Default_suite" title="com.qa.appadmin.testCases.AppAdminAddRandomizationCodePageTest" hash-for-method="ChangePasswordTest">ChangePasswordTest</a> <!-- method navigator-link -->
                      </span>
                      <br/>
                      <span>
                        <img width="3%" src="passed.png"/>
                        <a href="#" class="method navigator-link" panel-name="suite-Default_suite" title="com.qa.appadmin.testCases.AppAdminAddRandomizationCodePageTest" hash-for-method="ConfigPageTitleTest">ConfigPageTitleTest</a> <!-- method navigator-link -->
                      </span>
                      <br/>
                      <span>
                        <img width="3%" src="passed.png"/>
                        <a href="#" class="method navigator-link" panel-name="suite-Default_suite" title="com.qa.appadmin.testCases.AppAdminAddRandomizationCodePageTest" hash-for-method="LogoutTest">LogoutTest</a> <!-- method navigator-link -->
                      </span>
                      <br/>
                      <span>
                        <img width="3%" src="passed.png"/>
                        <a href="#" class="method navigator-link" panel-name="suite-Default_suite" title="com.qa.appadmin.testCases.AppAdminAddRandomizationCodePageTest" hash-for-method="verifyUserNameTest">verifyUserNameTest</a> <!-- method navigator-link -->
                      </span>
                      <br/>
                      <span>
                        <img width="3%" src="passed.png"/>
                        <a href="#" class="method navigator-link" panel-name="suite-Default_suite" title="com.qa.appadmin.testCases.AppAdminAddRandomizationCodePageTest" hash-for-method="verifyclickOnSave(r4, 11111.0, 11.0, 14-May-2018, pdt4, 10.0, dose4, route4, name and address4, pi4, cold, 10.0, use4)">verifyclickOnSave(r4, 11111.0, 11.0, 14-May-2018, pdt4, 10.0, dose4, route4, name and address4, pi4, cold, 10.0, use4)</a> <!-- method navigator-link -->
                      </span>
                      <br/>
                      <span>
                        <img width="3%" src="passed.png"/>
                        <a href="#" class="method navigator-link" panel-name="suite-Default_suite" title="com.qa.appadmin.testCases.AppAdminAddRandomizationCodePageTest" hash-for-method="verifyclickOnSave(r6, 11111.0, 11.0, 16-May-2018, pdt6, 10.0, dose6, route6, name and address6, pi6, cold, 10.0, use6)">verifyclickOnSave(r6, 11111.0, 11.0, 16-May-2018, pdt6, 10.0, dose6, route6, name and address6, pi6, cold, 10.0, use6)</a> <!-- method navigator-link -->
                      </span>
                      <br/>
                      <span>
                        <img width="3%" src="passed.png"/>
                        <a href="#" class="method navigator-link" panel-name="suite-Default_suite" title="com.qa.appadmin.testCases.AppAdminAddRandomizationCodePageTest" hash-for-method="verifyclickOnSave(r2, 11111.0, 11.0, 12-May-2018, pdt2, 10.0, dose2, route2, name and address2, pi2, cold, 10.0, use2)">verifyclickOnSave(r2, 11111.0, 11.0, 12-May-2018, pdt2, 10.0, dose2, route2, name and address2, pi2, cold, 10.0, use2)</a> <!-- method navigator-link -->
                      </span>
                      <br/>
                      <span>
                        <img width="3%" src="passed.png"/>
                        <a href="#" class="method navigator-link" panel-name="suite-Default_suite" title="com.qa.appadmin.testCases.AppAdminAddRandomizationCodePageTest" hash-for-method="verifyclickOnSave(r10, 11111.0, 11.0, 20-May-2018, pdt10, 10.0, dose10, route10, name and address10, pi10, cold, 10.0,...)">verifyclickOnSave(r10, 11111.0, 11.0, 20-May-2018, pdt10, 10.0, dose10, route10, name and address10, pi10, cold, 10.0,...)</a> <!-- method navigator-link -->
                      </span>
                      <br/>
                      <span>
                        <img width="3%" src="passed.png"/>
                        <a href="#" class="method navigator-link" panel-name="suite-Default_suite" title="com.qa.appadmin.testCases.AppAdminAddRandomizationCodePageTest" hash-for-method="verifyclickOnSave(r5, 11111.0, 11.0, 15-May-2018, pdt5, 10.0, dose5, route5, name and address5, pi5, cold, 10.0, use5)">verifyclickOnSave(r5, 11111.0, 11.0, 15-May-2018, pdt5, 10.0, dose5, route5, name and address5, pi5, cold, 10.0, use5)</a> <!-- method navigator-link -->
                      </span>
                      <br/>
                      <span>
                        <img width="3%" src="passed.png"/>
                        <a href="#" class="method navigator-link" panel-name="suite-Default_suite" title="com.qa.appadmin.testCases.AppAdminAddRandomizationCodePageTest" hash-for-method="verifyclickOnSave(r8, 11111.0, 11.0, 18-May-2018, pdt8, 10.0, dose8, route8, name and address8, pi8, cold, 10.0, use8)">verifyclickOnSave(r8, 11111.0, 11.0, 18-May-2018, pdt8, 10.0, dose8, route8, name and address8, pi8, cold, 10.0, use8)</a> <!-- method navigator-link -->
                      </span>
                      <br/>
                      <span>
                        <img width="3%" src="passed.png"/>
                        <a href="#" class="method navigator-link" panel-name="suite-Default_suite" title="com.qa.appadmin.testCases.AppAdminAddRandomizationCodePageTest" hash-for-method="verifyclickOnSave(r7, 11111.0, 11.0, 17-May-2018, pdt7, 10.0, dose7, route7, name and address7, pi7, cold, 10.0, use7)">verifyclickOnSave(r7, 11111.0, 11.0, 17-May-2018, pdt7, 10.0, dose7, route7, name and address7, pi7, cold, 10.0, use7)</a> <!-- method navigator-link -->
                      </span>
                      <br/>
                      <span>
                        <img width="3%" src="passed.png"/>
                        <a href="#" class="method navigator-link" panel-name="suite-Default_suite" title="com.qa.appadmin.testCases.AppAdminAddRandomizationCodePageTest" hash-for-method="verifyclickOnSave(r9, 11111.0, 11.0, 19-May-2018, pdt9, 10.0, dose9, route9, name and address9, pi9, cold, 10.0, use9)">verifyclickOnSave(r9, 11111.0, 11.0, 19-May-2018, pdt9, 10.0, dose9, route9, name and address9, pi9, cold, 10.0, use9)</a> <!-- method navigator-link -->
                      </span>
                      <br/>
                      <span>
                        <img width="3%" src="passed.png"/>
                        <a href="#" class="method navigator-link" panel-name="suite-Default_suite" title="com.qa.appadmin.testCases.AppAdminAddRandomizationCodePageTest" hash-for-method="verifyclickOnSave(r1, 11111.0, 11.0, 11-May-2018, pdt1, 10.0, dose1, route1, name and address1, pi1, cold, 10.0, use1)">verifyclickOnSave(r1, 11111.0, 11.0, 11-May-2018, pdt1, 10.0, dose1, route1, name and address1, pi1, cold, 10.0, use1)</a> <!-- method navigator-link -->
                      </span>
                      <br/>
                      <span>
                        <img width="3%" src="passed.png"/>
                        <a href="#" class="method navigator-link" panel-name="suite-Default_suite" title="com.qa.appadmin.testCases.AppAdminAddRandomizationCodePageTest" hash-for-method="verifyclickOnSave(r3, 11111.0, 11.0, 13-May-2018, pdt3, 10.0, dose3, route3, name and address3, pi3, cold, 10.0, use3)">verifyclickOnSave(r3, 11111.0, 11.0, 13-May-2018, pdt3, 10.0, dose3, route3, name and address3, pi3, cold, 10.0, use3)</a> <!-- method navigator-link -->
                      </span>
                      <br/>
                    </div> <!-- method-list-content passed suite-Default_suite -->
                  </li>
                </ul>
              </div> <!-- suite-section-content -->
            </div> <!-- result-section -->
          </div> <!-- navigator-suite-content -->
        </div> <!-- rounded-window -->
      </div> <!-- suite -->
    </div> <!-- navigator-root -->
    <div class="wrapper">
      <div class="main-panel-root">
        <div panel-name="suite-Default_suite" class="panel Default_suite">
          <div class="suite-Default_suite-class-failed">
            <div class="main-panel-header rounded-window-top">
              <img src="failed.png"/>
              <span class="class-name">com.qa.appadmin.testCases.AppAdminAddRandomizationCodePageTest</span>
            </div> <!-- main-panel-header rounded-window-top -->
            <div class="main-panel-content rounded-window-bottom">
              <div class="method">
                <div class="method-content">
                  <a name="verifyclickOnCancel">
                  </a> <!-- verifyclickOnCancel -->
                  <span class="method-name">verifyclickOnCancel</span>
                  <div class="stack-trace"><b>"org.openqa.selenium.WebDriverException: unknown error: Element &lt;a href=&quot;/crf3/Studies/RandomizationCodeList?studyId=1076&quot; class=&quot;btn btn-default&quot;&gt;...&lt;/a&gt; is not clickable at point (949, 602). Other element would receive the click: &lt;footer&gt;...&lt;/footer&gt;
  (Session info: chrome=66.0.3359.181)
  (Driver info: chromedriver=2.38.552522 (437e6fbedfa8762dec75e2c5b3ddb86763dc9dcb),platform=Windows NT 10.0.17134 x86_64) (WARNING: The server did not provide any stacktrace information)
Command duration or timeout: 0 milliseconds
Build info: version: &apos;3.7.1&apos;, revision: &apos;8a0099a&apos;, time: &apos;2017-11-06T21:01:39.354Z&apos;
System info: host: &apos;DESKTOP-8SU807H&apos;, ip: &apos;192.168.10.51&apos;, os.name: &apos;Windows 10&apos;, os.arch: &apos;amd64&apos;, os.version: &apos;10.0&apos;, java.version: &apos;1.8.0_171&apos;
Driver info: org.openqa.selenium.chrome.ChromeDriver
Capabilities {acceptInsecureCerts: false, acceptSslCerts: false, applicationCacheEnabled: false, browserConnectionEnabled: false, browserName: chrome, chrome: {chromedriverVersion: 2.38.552522 (437e6fbedfa876..., userDataDir: C:\Users\Silpa\AppData\Loca...}, cssSelectorsEnabled: true, databaseEnabled: false, handlesAlerts: true, hasTouchScreen: false, javascriptEnabled: true, locationContextEnabled: true, mobileEmulationEnabled: false, nativeEvents: true, networkConnectionEnabled: false, pageLoadStrategy: normal, platform: XP, platformName: XP, rotatable: false, setWindowRect: true, takesHeapSnapshot: true, takesScreenshot: true, unexpectedAlertBehaviour: , unhandledPromptBehavior: , version: 66.0.3359.181, webStorageEnabled: true}
Session ID: 6a539864622de728d8d090abc134fa00
	at sun.reflect.NativeConstructorAccessorImpl.newInstance0(Native Method)
	at sun.reflect.NativeConstructorAccessorImpl.newInstance(NativeConstructorAccessorImpl.java:62)
	at sun.reflect.DelegatingConstructorAccessorImpl.newInstance(DelegatingConstructorAccessorImpl.java:45)
	at java.lang.reflect.Constructor.newInstance(Constructor.java:423)
	at org.openqa.selenium.remote.ErrorHandler.createThrowable(ErrorHandler.java:214)
	at org.openqa.selenium.remote.ErrorHandler.throwIfResponseFailed(ErrorHandler.java:166)
	at org.openqa.selenium.remote.http.JsonHttpResponseCodec.reconstructValue(JsonHttpResponseCodec.java:40)
	at org.openqa.selenium.remote.http.AbstractHttpResponseCodec.decode(AbstractHttpResponseCodec.java:80)
	at org.openqa.selenium.remote.http.AbstractHttpResponseCodec.decode(AbstractHttpResponseCodec.java:44)
	at org.openqa.selenium.remote.HttpCommandExecutor.execute(HttpCommandExecutor.java:164)
	at org.openqa.selenium.remote.service.DriverCommandExecutor.execute(DriverCommandExecutor.java:83)
	at org.openqa.selenium.remote.RemoteWebDriver.execute(RemoteWebDriver.java:600)
	at org.openqa.selenium.remote.RemoteWebElement.execute(RemoteWebElement.java:279)
	at org.openqa.selenium.remote.RemoteWebElement.click(RemoteWebElement.java:83)
	at sun.reflect.GeneratedMethodAccessor4.invoke(Unknown Source)
	at sun.reflect.DelegatingMethodAccessorImpl.invoke(DelegatingMethodAccessorImpl.java:43)
	at java.lang.reflect.Method.invoke(Method.java:498)
	at org.openqa.selenium.support.events.EventFiringWebDriver$EventFiringWebElement$1.invoke(EventFiringWebDriver.java:376)
	at com.sun.proxy.$Proxy13.click(Unknown Source)
	at org.openqa.selenium.support.events.EventFiringWebDriver$EventFiringWebElement.click(EventFiringWebDriver.java:389)
	at sun.reflect.GeneratedMethodAccessor4.invoke(Unknown Source)
	at sun.reflect.DelegatingMethodAccessorImpl.invoke(DelegatingMethodAccessorImpl.java:43)
	at java.lang.reflect.Method.invoke(Method.java:498)
	at org.openqa.selenium.support.pagefactory.internal.LocatingElementHandler.invoke(LocatingElementHandler.java:51)
	at com.sun.proxy.$Proxy12.click(Unknown Source)
	at com.qa.appadmin.pages.AppAdminAddRandomizationCodePage.clickOnCancel(AppAdminAddRandomizationCodePage.java:141)
	at com.qa.appadmin.testCases.AppAdminAddRandomizationCodePageTest.verifyclickOnCancel(AppAdminAddRandomizationCodePageTest.java:88)
	at sun.reflect.NativeMethodAccessorImpl.invoke0(Native Method)
	at sun.reflect.NativeMethodAccessorImpl.invoke(NativeMethodAccessorImpl.java:62)
	at sun.reflect.DelegatingMethodAccessorImpl.invoke(DelegatingMethodAccessorImpl.java:43)
	at java.lang.reflect.Method.invoke(Method.java:498)
	at org.testng.internal.MethodInvocationHelper.invokeMethod(MethodInvocationHelper.java:80)
	at org.testng.internal.Invoker.invokeMethod(Invoker.java:714)
	at org.testng.internal.Invoker.invokeTestMethod(Invoker.java:901)
	at org.testng.internal.Invoker.invokeTestMethods(Invoker.java:1231)
	at org.testng.internal.TestMethodWorker.invokeTestMethods(TestMethodWorker.java:127)
	at org.testng.internal.TestMethodWorker.run(TestMethodWorker.java:111)
	at org.testng.TestRunner.privateRun(TestRunner.java:767)
	at org.testng.TestRunner.run(TestRunner.java:617)
	at org.testng.SuiteRunner.runTest(SuiteRunner.java:334)
	at org.testng.SuiteRunner.runSequentially(SuiteRunner.java:329)
	at org.testng.SuiteRunner.privateRun(SuiteRunner.java:291)
	at org.testng.SuiteRunner.run(SuiteRunner.java:240)
	at org.testng.SuiteRunnerWorker.runSuite(SuiteRunnerWorker.java:52)
	at org.testng.SuiteRunnerWorker.run(SuiteRunnerWorker.java:86)
	at org.testng.TestNG.runSuitesSequentially(TestNG.java:1198)
	at org.testng.TestNG.runSuitesLocally(TestNG.java:1123)
	at org.testng.TestNG.run(TestNG.java:1031)
	at org.testng.remote.AbstractRemoteTestNG.run(AbstractRemoteTestNG.java:114)
	at org.testng.remote.RemoteTestNG.initAndRun(RemoteTestNG.java:251)
	at org.testng.remote.RemoteTestNG.main(RemoteTestNG.java:77)
<br/> org.openqa.selenium.WebDriverException: unknown error: Element &lt;a href=&quot;/crf3/Studies/RandomizationCodeList?studyId=1076&quot; class=&quot;btn btn-default&quot;&gt;...&lt;/a&gt; is not clickable at point (949, 602). Other element would receive the click: &lt;footer&gt;...&lt;/footer&gt;
  (Session info: chrome=66.0.3359.181)
  (Driver info: chromedriver=2.38.552522 (437e6fbedfa8762dec75e2c5b3ddb86763dc9dcb),platform=Windows NT 10.0.17134 x86_64) (WARNING: The server did not provide any stacktrace information)
Command duration or timeout: 0 milliseconds
Build info: version: &apos;3.7.1&apos;, revision: &apos;8a0099a&apos;, time: &apos;2017-11-06T21:01:39.354Z&apos;
System info: host: &apos;DESKTOP-8SU807H&apos;, ip: &apos;192.168.10.51&apos;, os.name: &apos;Windows 10&apos;, os.arch: &apos;amd64&apos;, os.version: &apos;10.0&apos;, java.version: &apos;1.8.0_171&apos;
Driver info: org.openqa.selenium.chrome.ChromeDriver
Capabilities {acceptInsecureCerts: false, acceptSslCerts: false, applicationCacheEnabled: false, browserConnectionEnabled: false, browserName: chrome, chrome: {chromedriverVersion: 2.38.552522 (437e6fbedfa876..., userDataDir: C:\Users\Silpa\AppData\Loca...}, cssSelectorsEnabled: true, databaseEnabled: false, handlesAlerts: true, hasTouchScreen: false, javascriptEnabled: true, locationContextEnabled: true, mobileEmulationEnabled: false, nativeEvents: true, networkConnectionEnabled: false, pageLoadStrategy: normal, platform: XP, platformName: XP, rotatable: false, setWindowRect: true, takesHeapSnapshot: true, takesScreenshot: true, unexpectedAlertBehaviour: , unhandledPromptBehavior: , version: 66.0.3359.181, webStorageEnabled: true}
Session ID: 6a539864622de728d8d090abc134fa00
	at sun.reflect.NativeConstructorAccessorImpl.newInstance0(Native Method)
	at sun.reflect.NativeConstructorAccessorImpl.newInstance(NativeConstructorAccessorImpl.java:62)
	at sun.reflect.DelegatingConstructorAccessorImpl.newInstance(DelegatingConstructorAccessorImpl.java:45)
	at java.lang.reflect.Constructor.newInstance(Constructor.java:423)
	at org.openqa.selenium.remote.ErrorHandler.createThrowable(ErrorHandler.java:214)
	at org.openqa.selenium.remote.ErrorHandler.throwIfResponseFailed(ErrorHandler.java:166)
	at org.openqa.selenium.remote.http.JsonHttpResponseCodec.reconstructValue(JsonHttpResponseCodec.java:40)
	at org.openqa.selenium.remote.http.AbstractHttpResponseCodec.decode(AbstractHttpResponseCodec.java:80)
	at org.openqa.selenium.remote.http.AbstractHttpResponseCodec.decode(AbstractHttpResponseCodec.java:44)
	at org.openqa.selenium.remote.HttpCommandExecutor.execute(HttpCommandExecutor.java:164)
	at org.openqa.selenium.remote.service.DriverCommandExecutor.execute(DriverCommandExecutor.java:83)
	at org.openqa.selenium.remote.RemoteWebDriver.execute(RemoteWebDriver.java:600)
	at org.openqa.selenium.remote.RemoteWebElement.execute(RemoteWebElement.java:279)
	at org.openqa.selenium.remote.RemoteWebElement.click(RemoteWebElement.java:83)
	at sun.reflect.GeneratedMethodAccessor4.invoke(Unknown Source)
	at sun.reflect.DelegatingMethodAccessorImpl.invoke(DelegatingMethodAccessorImpl.java:43)
	at java.lang.reflect.Method.invoke(Method.java:498)
	at org.openqa.selenium.support.events.EventFiringWebDriver$EventFiringWebElement$1.invoke(EventFiringWebDriver.java:376)
	at com.sun.proxy.$Proxy13.click(Unknown Source)
	at org.openqa.selenium.support.events.EventFiringWebDriver$EventFiringWebElement.click(EventFiringWebDriver.java:389)
	at sun.reflect.GeneratedMethodAccessor4.invoke(Unknown Source)
	at sun.reflect.DelegatingMethodAccessorImpl.invoke(DelegatingMethodAccessorImpl.java:43)
	at java.lang.reflect.Method.invoke(Method.java:498)
	at org.openqa.selenium.support.pagefactory.internal.LocatingElementHandler.invoke(LocatingElementHandler.java:51)
	at com.sun.proxy.$Proxy12.click(Unknown Source)
	at com.qa.appadmin.pages.AppAdminAddRandomizationCodePage.clickOnCancel(AppAdminAddRandomizationCodePage.java:141)
	at com.qa.appadmin.testCases.AppAdminAddRandomizationCodePageTest.verifyclickOnCancel(AppAdminAddRandomizationCodePageTest.java:88)
	at sun.reflect.NativeMethodAccessorImpl.invoke0(Native Method)
	at sun.reflect.NativeMethodAccessorImpl.invoke(NativeMethodAccessorImpl.java:62)
	at sun.reflect.DelegatingMethodAccessorImpl.invoke(DelegatingMethodAccessorImpl.java:43)
	at java.lang.reflect.Method.invoke(Method.java:498)
	at org.testng.internal.MethodInvocationHelper.invokeMethod(MethodInvocationHelper.java:80)
	at org.testng.internal.Invoker.invokeMethod(Invoker.java:714)
	at org.testng.internal.Invoker.invokeTestMethod(Invoker.java:901)
	at org.testng.internal.Invoker.invokeTestMethods(Invoker.java:1231)
	at org.testng.internal.TestMethodWorker.invokeTestMethods(TestMethodWorker.java:127)
	at org.testng.internal.TestMethodWorker.run(TestMethodWorker.java:111)
	at org.testng.TestRunner.privateRun(TestRunner.java:767)
	at org.testng.TestRunner.run(TestRunner.java:617)
	at org.testng.SuiteRunner.runTest(SuiteRunner.java:334)
	at org.testng.SuiteRunner.runSequentially(SuiteRunner.java:329)
	at org.testng.SuiteRunner.privateRun(SuiteRunner.java:291)
	at org.testng.SuiteRunner.run(SuiteRunner.java:240)
	at org.testng.SuiteRunnerWorker.runSuite(SuiteRunnerWorker.java:52)
	at org.testng.SuiteRunnerWorker.run(SuiteRunnerWorker.java:86)
	at org.testng.TestNG.runSuitesSequentially(TestNG.java:1198)
	at org.testng.TestNG.runSuitesLocally(TestNG.java:1123)
	at org.testng.TestNG.run(TestNG.java:1031)
	at org.testng.remote.AbstractRemoteTestNG.run(AbstractRemoteTestNG.java:114)
	at org.testng.remote.RemoteTestNG.initAndRun(RemoteTestNG.java:251)
	at org.testng.remote.RemoteTestNG.main(RemoteTestNG.java:77)
"</b><br>sun.reflect.NativeConstructorAccessorImpl.newInstance0(Native Method)<br>sun.reflect.NativeConstructorAccessorImpl.newInstance(NativeConstructorAccessorImpl.java:62)<br>sun.reflect.DelegatingConstructorAccessorImpl.newInstance(DelegatingConstructorAccessorImpl.java:45)<br>java.lang.reflect.Constructor.newInstance(Constructor.java:423)<br>org.openqa.selenium.remote.ErrorHandler.createThrowable(ErrorHandler.java:214)<br>org.openqa.selenium.remote.ErrorHandler.throwIfResponseFailed(ErrorHandler.java:166)<br>org.openqa.selenium.remote.http.JsonHttpResponseCodec.reconstructValue(JsonHttpResponseCodec.java:40)<br>org.openqa.selenium.remote.http.AbstractHttpResponseCodec.decode(AbstractHttpResponseCodec.java:80)<br>org.openqa.selenium.remote.http.AbstractHttpResponseCodec.decode(AbstractHttpResponseCodec.java:44)<br>org.openqa.selenium.remote.HttpCommandExecutor.execute(HttpCommandExecutor.java:164)<br>org.openqa.selenium.remote.service.DriverCommandExecutor.execute(DriverCommandExecutor.java:83)<br>org.openqa.selenium.remote.RemoteWebDriver.execute(RemoteWebDriver.java:600)<br>org.openqa.selenium.remote.RemoteWebElement.execute(RemoteWebElement.java:279)<br>org.openqa.selenium.remote.RemoteWebElement.click(RemoteWebElement.java:83)<br>sun.reflect.GeneratedMethodAccessor4.invoke(Unknown Source)<br>sun.reflect.DelegatingMethodAccessorImpl.invoke(DelegatingMethodAccessorImpl.java:43)<br>java.lang.reflect.Method.invoke(Method.java:498)<br>org.openqa.selenium.support.events.EventFiringWebDriver$EventFiringWebElement$1.invoke(EventFiringWebDriver.java:376)<br>com.sun.proxy.$Proxy13.click(Unknown Source)<br>org.openqa.selenium.support.events.EventFiringWebDriver$EventFiringWebElement.click(EventFiringWebDriver.java:389)<br>sun.reflect.GeneratedMethodAccessor4.invoke(Unknown Source)<br>sun.reflect.DelegatingMethodAccessorImpl.invoke(DelegatingMethodAccessorImpl.java:43)<br>java.lang.reflect.Method.invoke(Method.java:498)<br>org.openqa.selenium.support.pagefactory.internal.LocatingElementHandler.invoke(LocatingElementHandler.java:51)<br>com.sun.proxy.$Proxy12.click(Unknown Source)<br>com.qa.appadmin.pages.AppAdminAddRandomizationCodePage.clickOnCancel(AppAdminAddRandomizationCodePage.java:141)<br>com.qa.appadmin.testCases.AppAdminAddRandomizationCodePageTest.verifyclickOnCancel(AppAdminAddRandomizationCodePageTest.java:88)<br>sun.reflect.NativeMethodAccessorImpl.invoke0(Native Method)<br>sun.reflect.NativeMethodAccessorImpl.invoke(NativeMethodAccessorImpl.java:62)<br>sun.reflect.DelegatingMethodAccessorImpl.invoke(DelegatingMethodAccessorImpl.java:43)<br>java.lang.reflect.Method.invoke(Method.java:498)<br>org.testng.internal.MethodInvocationHelper.invokeMethod(MethodInvocationHelper.java:80)<br>org.testng.internal.Invoker.invokeMethod(Invoker.java:714)<br>org.testng.internal.Invoker.invokeTestMethod(Invoker.java:901)<br>org.testng.internal.Invoker.invokeTestMethods(Invoker.java:1231)<br>org.testng.internal.TestMethodWorker.invokeTestMethods(TestMethodWorker.java:127)<br>org.testng.internal.TestMethodWorker.run(TestMethodWorker.java:111)<br>org.testng.TestRunner.privateRun(TestRunner.java:767)<br>org.testng.TestRunner.run(TestRunner.java:617)<br>org.testng.SuiteRunner.runTest(SuiteRunner.java:334)<br>org.testng.SuiteRunner.runSequentially(SuiteRunner.java:329)<br>org.testng.SuiteRunner.privateRun(SuiteRunner.java:291)<br>org.testng.SuiteRunner.run(SuiteRunner.java:240)<br>org.testng.SuiteRunnerWorker.runSuite(SuiteRunnerWorker.java:52)<br>org.testng.SuiteRunnerWorker.run(SuiteRunnerWorker.java:86)<br>org.testng.TestNG.runSuitesSequentially(TestNG.java:1198)<br>org.testng.TestNG.runSuitesLocally(TestNG.java:1123)<br>org.testng.TestNG.run(TestNG.java:1031)<br>org.testng.remote.AbstractRemoteTestNG.run(AbstractRemoteTestNG.java:114)<br>org.testng.remote.RemoteTestNG.initAndRun(RemoteTestNG.java:251)<br>org.testng.remote.RemoteTestNG.main(RemoteTestNG.java:77)<br>
</div> <!-- stack-trace -->
                </div> <!-- method-content -->
              </div> <!-- method -->
            </div> <!-- main-panel-content rounded-window-bottom -->
          </div> <!-- suite-Default_suite-class-failed -->
          <div class="suite-Default_suite-class-passed">
            <div class="main-panel-header rounded-window-top">
              <img src="passed.png"/>
              <span class="class-name">com.qa.appadmin.testCases.AppAdminAddRandomizationCodePageTest</span>
            </div> <!-- main-panel-header rounded-window-top -->
            <div class="main-panel-content rounded-window-bottom">
              <div class="method">
                <div class="method-content">
                  <a name="ChangePasswordTest">
                  </a> <!-- ChangePasswordTest -->
                  <span class="method-name">ChangePasswordTest</span>
                </div> <!-- method-content -->
              </div> <!-- method -->
              <div class="method">
                <div class="method-content">
                  <a name="ConfigPageTitleTest">
                  </a> <!-- ConfigPageTitleTest -->
                  <span class="method-name">ConfigPageTitleTest</span>
                </div> <!-- method-content -->
              </div> <!-- method -->
              <div class="method">
                <div class="method-content">
                  <a name="LogoutTest">
                  </a> <!-- LogoutTest -->
                  <span class="method-name">LogoutTest</span>
                </div> <!-- method-content -->
              </div> <!-- method -->
              <div class="method">
                <div class="method-content">
                  <a name="verifyUserNameTest">
                  </a> <!-- verifyUserNameTest -->
                  <span class="method-name">verifyUserNameTest</span>
                </div> <!-- method-content -->
              </div> <!-- method -->
              <div class="method">
                <div class="method-content">
                  <a name="verifyclickOnSave(r4, 11111.0, 11.0, 14-May-2018, pdt4, 10.0, dose4, route4, name and address4, pi4, cold, 10.0, use4)">
                  </a> <!-- verifyclickOnSave(r4, 11111.0, 11.0, 14-May-2018, pdt4, 10.0, dose4, route4, name and address4, pi4, cold, 10.0, use4) -->
                  <span class="method-name">verifyclickOnSave</span>
                  <span class="parameters">(r4, 11111.0, 11.0, 14-May-2018, pdt4, 10.0, dose4, route4, name and address4, pi4, cold, 10.0, use4)</span>
                </div> <!-- method-content -->
              </div> <!-- method -->
              <div class="method">
                <div class="method-content">
                  <a name="verifyclickOnSave(r6, 11111.0, 11.0, 16-May-2018, pdt6, 10.0, dose6, route6, name and address6, pi6, cold, 10.0, use6)">
                  </a> <!-- verifyclickOnSave(r6, 11111.0, 11.0, 16-May-2018, pdt6, 10.0, dose6, route6, name and address6, pi6, cold, 10.0, use6) -->
                  <span class="method-name">verifyclickOnSave</span>
                  <span class="parameters">(r6, 11111.0, 11.0, 16-May-2018, pdt6, 10.0, dose6, route6, name and address6, pi6, cold, 10.0, use6)</span>
                </div> <!-- method-content -->
              </div> <!-- method -->
              <div class="method">
                <div class="method-content">
                  <a name="verifyclickOnSave(r2, 11111.0, 11.0, 12-May-2018, pdt2, 10.0, dose2, route2, name and address2, pi2, cold, 10.0, use2)">
                  </a> <!-- verifyclickOnSave(r2, 11111.0, 11.0, 12-May-2018, pdt2, 10.0, dose2, route2, name and address2, pi2, cold, 10.0, use2) -->
                  <span class="method-name">verifyclickOnSave</span>
                  <span class="parameters">(r2, 11111.0, 11.0, 12-May-2018, pdt2, 10.0, dose2, route2, name and address2, pi2, cold, 10.0, use2)</span>
                </div> <!-- method-content -->
              </div> <!-- method -->
              <div class="method">
                <div class="method-content">
                  <a name="verifyclickOnSave(r10, 11111.0, 11.0, 20-May-2018, pdt10, 10.0, dose10, route10, name and address10, pi10, cold, 10.0,...)">
                  </a> <!-- verifyclickOnSave(r10, 11111.0, 11.0, 20-May-2018, pdt10, 10.0, dose10, route10, name and address10, pi10, cold, 10.0,...) -->
                  <span class="method-name">verifyclickOnSave</span>
                  <span class="parameters">(r10, 11111.0, 11.0, 20-May-2018, pdt10, 10.0, dose10, route10, name and address10, pi10, cold, 10.0, use10)</span>
                </div> <!-- method-content -->
              </div> <!-- method -->
              <div class="method">
                <div class="method-content">
                  <a name="verifyclickOnSave(r5, 11111.0, 11.0, 15-May-2018, pdt5, 10.0, dose5, route5, name and address5, pi5, cold, 10.0, use5)">
                  </a> <!-- verifyclickOnSave(r5, 11111.0, 11.0, 15-May-2018, pdt5, 10.0, dose5, route5, name and address5, pi5, cold, 10.0, use5) -->
                  <span class="method-name">verifyclickOnSave</span>
                  <span class="parameters">(r5, 11111.0, 11.0, 15-May-2018, pdt5, 10.0, dose5, route5, name and address5, pi5, cold, 10.0, use5)</span>
                </div> <!-- method-content -->
              </div> <!-- method -->
              <div class="method">
                <div class="method-content">
                  <a name="verifyclickOnSave(r8, 11111.0, 11.0, 18-May-2018, pdt8, 10.0, dose8, route8, name and address8, pi8, cold, 10.0, use8)">
                  </a> <!-- verifyclickOnSave(r8, 11111.0, 11.0, 18-May-2018, pdt8, 10.0, dose8, route8, name and address8, pi8, cold, 10.0, use8) -->
                  <span class="method-name">verifyclickOnSave</span>
                  <span class="parameters">(r8, 11111.0, 11.0, 18-May-2018, pdt8, 10.0, dose8, route8, name and address8, pi8, cold, 10.0, use8)</span>
                </div> <!-- method-content -->
              </div> <!-- method -->
              <div class="method">
                <div class="method-content">
                  <a name="verifyclickOnSave(r7, 11111.0, 11.0, 17-May-2018, pdt7, 10.0, dose7, route7, name and address7, pi7, cold, 10.0, use7)">
                  </a> <!-- verifyclickOnSave(r7, 11111.0, 11.0, 17-May-2018, pdt7, 10.0, dose7, route7, name and address7, pi7, cold, 10.0, use7) -->
                  <span class="method-name">verifyclickOnSave</span>
                  <span class="parameters">(r7, 11111.0, 11.0, 17-May-2018, pdt7, 10.0, dose7, route7, name and address7, pi7, cold, 10.0, use7)</span>
                </div> <!-- method-content -->
              </div> <!-- method -->
              <div class="method">
                <div class="method-content">
                  <a name="verifyclickOnSave(r9, 11111.0, 11.0, 19-May-2018, pdt9, 10.0, dose9, route9, name and address9, pi9, cold, 10.0, use9)">
                  </a> <!-- verifyclickOnSave(r9, 11111.0, 11.0, 19-May-2018, pdt9, 10.0, dose9, route9, name and address9, pi9, cold, 10.0, use9) -->
                  <span class="method-name">verifyclickOnSave</span>
                  <span class="parameters">(r9, 11111.0, 11.0, 19-May-2018, pdt9, 10.0, dose9, route9, name and address9, pi9, cold, 10.0, use9)</span>
                </div> <!-- method-content -->
              </div> <!-- method -->
              <div class="method">
                <div class="method-content">
                  <a name="verifyclickOnSave(r1, 11111.0, 11.0, 11-May-2018, pdt1, 10.0, dose1, route1, name and address1, pi1, cold, 10.0, use1)">
                  </a> <!-- verifyclickOnSave(r1, 11111.0, 11.0, 11-May-2018, pdt1, 10.0, dose1, route1, name and address1, pi1, cold, 10.0, use1) -->
                  <span class="method-name">verifyclickOnSave</span>
                  <span class="parameters">(r1, 11111.0, 11.0, 11-May-2018, pdt1, 10.0, dose1, route1, name and address1, pi1, cold, 10.0, use1)</span>
                </div> <!-- method-content -->
              </div> <!-- method -->
              <div class="method">
                <div class="method-content">
                  <a name="verifyclickOnSave(r3, 11111.0, 11.0, 13-May-2018, pdt3, 10.0, dose3, route3, name and address3, pi3, cold, 10.0, use3)">
                  </a> <!-- verifyclickOnSave(r3, 11111.0, 11.0, 13-May-2018, pdt3, 10.0, dose3, route3, name and address3, pi3, cold, 10.0, use3) -->
                  <span class="method-name">verifyclickOnSave</span>
                  <span class="parameters">(r3, 11111.0, 11.0, 13-May-2018, pdt3, 10.0, dose3, route3, name and address3, pi3, cold, 10.0, use3)</span>
                </div> <!-- method-content -->
              </div> <!-- method -->
            </div> <!-- main-panel-content rounded-window-bottom -->
          </div> <!-- suite-Default_suite-class-passed -->
        </div> <!-- panel Default_suite -->
        <div panel-name="test-xml-Default_suite" class="panel">
          <div class="main-panel-header rounded-window-top">
            <span class="header-content">C:\Users\Silpa\AppData\Local\Temp\testng-eclipse-458990372\testng-customsuite.xml</span>
          </div> <!-- main-panel-header rounded-window-top -->
          <div class="main-panel-content rounded-window-bottom">
            <pre>
&lt;?xml version=&quot;1.0&quot; encoding=&quot;UTF-8&quot;?&gt;
&lt;!DOCTYPE suite SYSTEM &quot;http://testng.org/testng-1.0.dtd&quot;&gt;
&lt;suite name=&quot;Default suite&quot;&gt;
  &lt;test verbose=&quot;2&quot; name=&quot;Default test&quot;&gt;
    &lt;classes&gt;
      &lt;class name=&quot;com.qa.appadmin.testCases.AppAdminAddRandomizationCodePageTest&quot;/&gt;
    &lt;/classes&gt;
  &lt;/test&gt; &lt;!-- Default test --&gt;
&lt;/suite&gt; &lt;!-- Default suite --&gt;
            </pre>
          </div> <!-- main-panel-content rounded-window-bottom -->
        </div> <!-- panel -->
        <div panel-name="testlist-Default_suite" class="panel">
          <div class="main-panel-header rounded-window-top">
            <span class="header-content">Tests for Default suite</span>
          </div> <!-- main-panel-header rounded-window-top -->
          <div class="main-panel-content rounded-window-bottom">
            <ul>
              <li>
                <span class="test-name">Default test (1 class)</span>
              </li>
            </ul>
          </div> <!-- main-panel-content rounded-window-bottom -->
        </div> <!-- panel -->
        <div panel-name="group-Default_suite" class="panel">
          <div class="main-panel-header rounded-window-top">
            <span class="header-content">Groups for Default suite</span>
          </div> <!-- main-panel-header rounded-window-top -->
          <div class="main-panel-content rounded-window-bottom">
          </div> <!-- main-panel-content rounded-window-bottom -->
        </div> <!-- panel -->
        <div panel-name="times-Default_suite" class="panel">
          <div class="main-panel-header rounded-window-top">
            <span class="header-content">Times for Default suite</span>
          </div> <!-- main-panel-header rounded-window-top -->
          <div class="main-panel-content rounded-window-bottom">
            <div class="times-div">
              <script type="text/javascript">
suiteTableInitFunctions.push('tableData_Default_suite');
function tableData_Default_suite() {
var data = new google.visualization.DataTable();
data.addColumn('number', 'Number');
data.addColumn('string', 'Method');
data.addColumn('string', 'Class');
data.addColumn('number', 'Time (ms)');
data.addRows(15);
data.setCell(0, 0, 0)
data.setCell(0, 1, 'verifyclickOnSave')
data.setCell(0, 2, 'com.qa.appadmin.testCases.AppAdminAddRandomizationCodePageTest')
data.setCell(0, 3, 1882);
data.setCell(1, 0, 1)
data.setCell(1, 1, 'verifyclickOnSave')
data.setCell(1, 2, 'com.qa.appadmin.testCases.AppAdminAddRandomizationCodePageTest')
data.setCell(1, 3, 1754);
data.setCell(2, 0, 2)
data.setCell(2, 1, 'verifyclickOnSave')
data.setCell(2, 2, 'com.qa.appadmin.testCases.AppAdminAddRandomizationCodePageTest')
data.setCell(2, 3, 1691);
data.setCell(3, 0, 3)
data.setCell(3, 1, 'verifyclickOnSave')
data.setCell(3, 2, 'com.qa.appadmin.testCases.AppAdminAddRandomizationCodePageTest')
data.setCell(3, 3, 1690);
data.setCell(4, 0, 4)
data.setCell(4, 1, 'verifyclickOnSave')
data.setCell(4, 2, 'com.qa.appadmin.testCases.AppAdminAddRandomizationCodePageTest')
data.setCell(4, 3, 1681);
data.setCell(5, 0, 5)
data.setCell(5, 1, 'verifyclickOnSave')
data.setCell(5, 2, 'com.qa.appadmin.testCases.AppAdminAddRandomizationCodePageTest')
data.setCell(5, 3, 1662);
data.setCell(6, 0, 6)
data.setCell(6, 1, 'verifyclickOnSave')
data.setCell(6, 2, 'com.qa.appadmin.testCases.AppAdminAddRandomizationCodePageTest')
data.setCell(6, 3, 1658);
data.setCell(7, 0, 7)
data.setCell(7, 1, 'verifyclickOnSave')
data.setCell(7, 2, 'com.qa.appadmin.testCases.AppAdminAddRandomizationCodePageTest')
data.setCell(7, 3, 1657);
data.setCell(8, 0, 8)
data.setCell(8, 1, 'verifyclickOnSave')
data.setCell(8, 2, 'com.qa.appadmin.testCases.AppAdminAddRandomizationCodePageTest')
data.setCell(8, 3, 1656);
data.setCell(9, 0, 9)
data.setCell(9, 1, 'verifyclickOnSave')
data.setCell(9, 2, 'com.qa.appadmin.testCases.AppAdminAddRandomizationCodePageTest')
data.setCell(9, 3, 1633);
data.setCell(10, 0, 10)
data.setCell(10, 1, 'verifyclickOnCancel')
data.setCell(10, 2, 'com.qa.appadmin.testCases.AppAdminAddRandomizationCodePageTest')
data.setCell(10, 3, 514);
data.setCell(11, 0, 11)
data.setCell(11, 1, 'ChangePasswordTest')
data.setCell(11, 2, 'com.qa.appadmin.testCases.AppAdminAddRandomizationCodePageTest')
data.setCell(11, 3, 375);
data.setCell(12, 0, 12)
data.setCell(12, 1, 'LogoutTest')
data.setCell(12, 2, 'com.qa.appadmin.testCases.AppAdminAddRandomizationCodePageTest')
data.setCell(12, 3, 286);
data.setCell(13, 0, 13)
data.setCell(13, 1, 'verifyUserNameTest')
data.setCell(13, 2, 'com.qa.appadmin.testCases.AppAdminAddRandomizationCodePageTest')
data.setCell(13, 3, 61);
data.setCell(14, 0, 14)
data.setCell(14, 1, 'ConfigPageTitleTest')
data.setCell(14, 2, 'com.qa.appadmin.testCases.AppAdminAddRandomizationCodePageTest')
data.setCell(14, 3, 23);
window.suiteTableData['Default_suite']= { tableData: data, tableDiv: 'times-div-Default_suite'}
return data;
}
              </script>
              <span class="suite-total-time">Total running time: 18 seconds</span>
              <div id="times-div-Default_suite">
              </div> <!-- times-div-Default_suite -->
            </div> <!-- times-div -->
          </div> <!-- main-panel-content rounded-window-bottom -->
        </div> <!-- panel -->
        <div panel-name="reporter-Default_suite" class="panel">
          <div class="main-panel-header rounded-window-top">
            <span class="header-content">Reporter output for Default suite</span>
          </div> <!-- main-panel-header rounded-window-top -->
          <div class="main-panel-content rounded-window-bottom">
          </div> <!-- main-panel-content rounded-window-bottom -->
        </div> <!-- panel -->
        <div panel-name="ignored-methods-Default_suite" class="panel">
          <div class="main-panel-header rounded-window-top">
            <span class="header-content">0 ignored methods</span>
          </div> <!-- main-panel-header rounded-window-top -->
          <div class="main-panel-content rounded-window-bottom">
          </div> <!-- main-panel-content rounded-window-bottom -->
        </div> <!-- panel -->
        <div panel-name="chronological-Default_suite" class="panel">
          <div class="main-panel-header rounded-window-top">
            <span class="header-content">Methods in chronological order</span>
          </div> <!-- main-panel-header rounded-window-top -->
          <div class="main-panel-content rounded-window-bottom">
            <div class="chronological-class">
              <div class="chronological-class-name">com.qa.appadmin.testCases.AppAdminAddRandomizationCodePageTest</div> <!-- chronological-class-name -->
              <div class="configuration-method before">
                <span class="method-name">setup</span>
                <span class="method-start">0 ms</span>
              </div> <!-- configuration-method before -->
              <div class="test-method">
                <span class="method-name">ConfigPageTitleTest</span>
                <span class="method-start">14794 ms</span>
              </div> <!-- test-method -->
              <div class="configuration-method after">
                <span class="method-name">tearDown</span>
                <span class="method-start">14821 ms</span>
              </div> <!-- configuration-method after -->
              <div class="configuration-method before">
                <span class="method-name">setup</span>
                <span class="method-start">15894 ms</span>
              </div> <!-- configuration-method before -->
              <div class="test-method">
                <span class="method-name">verifyUserNameTest</span>
                <span class="method-start">23585 ms</span>
              </div> <!-- test-method -->
              <div class="configuration-method after">
                <span class="method-name">tearDown</span>
                <span class="method-start">23647 ms</span>
              </div> <!-- configuration-method after -->
              <div class="configuration-method before">
                <span class="method-name">setup</span>
                <span class="method-start">25257 ms</span>
              </div> <!-- configuration-method before -->
              <div class="test-method">
                <span class="method-name">verifyclickOnSave(r1, 11111.0, 11.0, 11-May-2018, pdt1, 10.0, dose1, route1, name and address1, pi1, cold, 10.0, use1)</span>
                <span class="method-start">32431 ms</span>
              </div> <!-- test-method -->
              <div class="configuration-method after">
                <span class="method-name">tearDown</span>
                <span class="method-start">34318 ms</span>
              </div> <!-- configuration-method after -->
              <div class="configuration-method before">
                <span class="method-name">setup</span>
                <span class="method-start">35099 ms</span>
              </div> <!-- configuration-method before -->
              <div class="test-method">
                <span class="method-name">verifyclickOnSave(r2, 11111.0, 11.0, 12-May-2018, pdt2, 10.0, dose2, route2, name and address2, pi2, cold, 10.0, use2)</span>
                <span class="method-start">42510 ms</span>
              </div> <!-- test-method -->
              <div class="configuration-method after">
                <span class="method-name">tearDown</span>
                <span class="method-start">44203 ms</span>
              </div> <!-- configuration-method after -->
              <div class="configuration-method before">
                <span class="method-name">setup</span>
                <span class="method-start">45211 ms</span>
              </div> <!-- configuration-method before -->
              <div class="test-method">
                <span class="method-name">verifyclickOnSave(r3, 11111.0, 11.0, 13-May-2018, pdt3, 10.0, dose3, route3, name and address3, pi3, cold, 10.0, use3)</span>
                <span class="method-start">52408 ms</span>
              </div> <!-- test-method -->
              <div class="configuration-method after">
                <span class="method-name">tearDown</span>
                <span class="method-start">54072 ms</span>
              </div> <!-- configuration-method after -->
              <div class="configuration-method before">
                <span class="method-name">setup</span>
                <span class="method-start">55009 ms</span>
              </div> <!-- configuration-method before -->
              <div class="test-method">
                <span class="method-name">verifyclickOnSave(r4, 11111.0, 11.0, 14-May-2018, pdt4, 10.0, dose4, route4, name and address4, pi4, cold, 10.0, use4)</span>
                <span class="method-start">62075 ms</span>
              </div> <!-- test-method -->
              <div class="configuration-method after">
                <span class="method-name">tearDown</span>
                <span class="method-start">63734 ms</span>
              </div> <!-- configuration-method after -->
              <div class="configuration-method before">
                <span class="method-name">setup</span>
                <span class="method-start">64599 ms</span>
              </div> <!-- configuration-method before -->
              <div class="test-method">
                <span class="method-name">verifyclickOnSave(r5, 11111.0, 11.0, 15-May-2018, pdt5, 10.0, dose5, route5, name and address5, pi5, cold, 10.0, use5)</span>
                <span class="method-start">71730 ms</span>
              </div> <!-- test-method -->
              <div class="configuration-method after">
                <span class="method-name">tearDown</span>
                <span class="method-start">73422 ms</span>
              </div> <!-- configuration-method after -->
              <div class="configuration-method before">
                <span class="method-name">setup</span>
                <span class="method-start">74358 ms</span>
              </div> <!-- configuration-method before -->
              <div class="test-method">
                <span class="method-name">verifyclickOnSave(r6, 11111.0, 11.0, 16-May-2018, pdt6, 10.0, dose6, route6, name and address6, pi6, cold, 10.0, use6)</span>
                <span class="method-start">81511 ms</span>
              </div> <!-- test-method -->
              <div class="configuration-method after">
                <span class="method-name">tearDown</span>
                <span class="method-start">83267 ms</span>
              </div> <!-- configuration-method after -->
              <div class="configuration-method before">
                <span class="method-name">setup</span>
                <span class="method-start">84164 ms</span>
              </div> <!-- configuration-method before -->
              <div class="test-method">
                <span class="method-name">verifyclickOnSave(r7, 11111.0, 11.0, 17-May-2018, pdt7, 10.0, dose7, route7, name and address7, pi7, cold, 10.0, use7)</span>
                <span class="method-start">92392 ms</span>
              </div> <!-- test-method -->
              <div class="configuration-method after">
                <span class="method-name">tearDown</span>
                <span class="method-start">94050 ms</span>
              </div> <!-- configuration-method after -->
              <div class="configuration-method before">
                <span class="method-name">setup</span>
                <span class="method-start">94840 ms</span>
              </div> <!-- configuration-method before -->
              <div class="test-method">
                <span class="method-name">verifyclickOnSave(r8, 11111.0, 11.0, 18-May-2018, pdt8, 10.0, dose8, route8, name and address8, pi8, cold, 10.0, use8)</span>
                <span class="method-start">102723 ms</span>
              </div> <!-- test-method -->
              <div class="configuration-method after">
                <span class="method-name">tearDown</span>
                <span class="method-start">104406 ms</span>
              </div> <!-- configuration-method after -->
              <div class="configuration-method before">
                <span class="method-name">setup</span>
                <span class="method-start">105155 ms</span>
              </div> <!-- configuration-method before -->
              <div class="test-method">
                <span class="method-name">verifyclickOnSave(r9, 11111.0, 11.0, 19-May-2018, pdt9, 10.0, dose9, route9, name and address9, pi9, cold, 10.0, use9)</span>
                <span class="method-start">112775 ms</span>
              </div> <!-- test-method -->
              <div class="configuration-method after">
                <span class="method-name">tearDown</span>
                <span class="method-start">114410 ms</span>
              </div> <!-- configuration-method after -->
              <div class="configuration-method before">
                <span class="method-name">setup</span>
                <span class="method-start">115230 ms</span>
              </div> <!-- configuration-method before -->
              <div class="test-method">
                <span class="method-name">verifyclickOnSave(r10, 11111.0, 11.0, 20-May-2018, pdt10, 10.0, dose10, route10, name and address10, pi10, cold, 10.0,...)</span>
                <span class="method-start">122914 ms</span>
              </div> <!-- test-method -->
              <div class="configuration-method after">
                <span class="method-name">tearDown</span>
                <span class="method-start">124573 ms</span>
              </div> <!-- configuration-method after -->
              <div class="configuration-method before">
                <span class="method-name">setup</span>
                <span class="method-start">125407 ms</span>
              </div> <!-- configuration-method before -->
              <div class="test-method">
                <img src="failed.png">
                </img>
                <span class="method-name">verifyclickOnCancel</span>
                <span class="method-start">133528 ms</span>
              </div> <!-- test-method -->
              <div class="configuration-method after">
                <span class="method-name">tearDown</span>
                <span class="method-start">134045 ms</span>
              </div> <!-- configuration-method after -->
              <div class="configuration-method before">
                <span class="method-name">setup</span>
                <span class="method-start">134805 ms</span>
              </div> <!-- configuration-method before -->
              <div class="test-method">
                <span class="method-name">ChangePasswordTest</span>
                <span class="method-start">142822 ms</span>
              </div> <!-- test-method -->
              <div class="configuration-method after">
                <span class="method-name">tearDown</span>
                <span class="method-start">143199 ms</span>
              </div> <!-- configuration-method after -->
              <div class="configuration-method before">
                <span class="method-name">setup</span>
                <span class="method-start">143976 ms</span>
              </div> <!-- configuration-method before -->
              <div class="test-method">
                <span class="method-name">LogoutTest</span>
                <span class="method-start">151972 ms</span>
              </div> <!-- test-method -->
              <div class="configuration-method after">
                <span class="method-name">tearDown</span>
                <span class="method-start">152259 ms</span>
              </div> <!-- configuration-method after -->
          </div> <!-- main-panel-content rounded-window-bottom -->
        </div> <!-- panel -->
      </div> <!-- main-panel-root -->
    </div> <!-- wrapper -->
  </body>
</html>
