<?xml version="1.0" encoding="UTF-8"?>
<!-- Generated by org.testng.reporters.JUnitReportReporter -->
<testsuite hostname="DESKTOP-8SU807H" name="com.qa.appadmin.testCases.AppAdminAddStudiesPageTest" tests="8" failures="0" timestamp="4 Jun 2018 14:06:13 GMT" time="88.245" errors="1">
  <testcase name="StudiesPageTitleTest" time="9.450" classname="com.qa.appadmin.testCases.AppAdminAddStudiesPageTest">
    <error type="java.lang.AssertionError" message="studies page title not matched expected [Studies List - CRF Application] but found [- CRF Application]">
      <![CDATA[java.lang.AssertionError: studies page title not matched expected [Studies List - CRF Application] but found [- CRF Application]
	at org.testng.Assert.fail(Assert.java:94)
	at org.testng.Assert.failNotEquals(Assert.java:494)
	at org.testng.Assert.assertEquals(Assert.java:123)
	at org.testng.Assert.assertEquals(Assert.java:176)
	at com.qa.appadmin.testCases.AppAdminAddStudiesPageTest.StudiesPageTitleTest(AppAdminAddStudiesPageTest.java:52)
	at sun.reflect.NativeMethodAccessorImpl.invoke0(Native Method)
	at sun.reflect.NativeMethodAccessorImpl.invoke(NativeMethodAccessorImpl.java:62)
	at sun.reflect.DelegatingMethodAccessorImpl.invoke(DelegatingMethodAccessorImpl.java:43)
	at java.lang.reflect.Method.invoke(Method.java:498)
	at org.testng.internal.MethodInvocationHelper.invokeMethod(MethodInvocationHelper.java:80)
	at org.testng.internal.Invoker.invokeMethod(Invoker.java:714)
	at org.testng.internal.Invoker.invokeTestMethod(Invoker.java:901)
	at org.testng.internal.Invoker.invokeTestMethods(Invoker.java:1231)
	at org.testng.internal.TestMethodWorker.invokeTestMethods(TestMethodWorker.java:127)
	at org.testng.internal.TestMethodWorker.run(TestMethodWorker.java:111)
	at org.testng.TestRunner.privateRun(TestRunner.java:767)
	at org.testng.TestRunner.run(TestRunner.java:617)
	at org.testng.SuiteRunner.runTest(SuiteRunner.java:334)
	at org.testng.SuiteRunner.runSequentially(SuiteRunner.java:329)
	at org.testng.SuiteRunner.privateRun(SuiteRunner.java:291)
	at org.testng.SuiteRunner.run(SuiteRunner.java:240)
	at org.testng.SuiteRunnerWorker.runSuite(SuiteRunnerWorker.java:52)
	at org.testng.SuiteRunnerWorker.run(SuiteRunnerWorker.java:86)
	at org.testng.TestNG.runSuitesSequentially(TestNG.java:1198)
	at org.testng.TestNG.runSuitesLocally(TestNG.java:1123)
	at org.testng.TestNG.run(TestNG.java:1031)
	at org.testng.remote.AbstractRemoteTestNG.run(AbstractRemoteTestNG.java:114)
	at org.testng.remote.RemoteTestNG.initAndRun(RemoteTestNG.java:251)
	at org.testng.remote.RemoteTestNG.main(RemoteTestNG.java:77)
]]>
    </error>
  </testcase> <!-- StudiesPageTitleTest -->
  <testcase name="verifySubmitButtonTest" time="10.805" classname="com.qa.appadmin.testCases.AppAdminAddStudiesPageTest"/>
  <testcase name="LogoutTest" time="9.361" classname="com.qa.appadmin.testCases.AppAdminAddStudiesPageTest"/>
  <testcase name="verifySubmitButtonTest" time="11.846" classname="com.qa.appadmin.testCases.AppAdminAddStudiesPageTest"/>
  <testcase name="ChangePasswordTest" time="8.555" classname="com.qa.appadmin.testCases.AppAdminAddStudiesPageTest"/>
  <testcase name="verifySubmitButtonTest" time="10.506" classname="com.qa.appadmin.testCases.AppAdminAddStudiesPageTest"/>
  <testcase name="verifyUserNameTest" time="12.259" classname="com.qa.appadmin.testCases.AppAdminAddStudiesPageTest"/>
  <testcase name="verifySubmitButtonTest" time="15.463" classname="com.qa.appadmin.testCases.AppAdminAddStudiesPageTest"/>
</testsuite> <!-- com.qa.appadmin.testCases.AppAdminAddStudiesPageTest -->
